<?xml version="1.0" encoding="utf-8"?><testsuites name="pytest tests"><testsuite name="pytest" errors="0" failures="0" skipped="0" tests="11" time="2.675" timestamp="2026-01-21T14:44:50.589070+00:00" hostname="agent-env-60d5d7b3-b079-4bd1-8f22-6f29105a5310"><testcase classname="tests.test_iteration_65_fixes.TestAuth" name="test_master_admin_login" time="0.330" /><testcase classname="tests.test_iteration_65_fixes.TestIssue2CommissionField" name="test_log_missed_trade_with_commission" time="0.472" /><testcase classname="tests.test_iteration_65_fixes.TestIssue3LicenseeProjections" name="test_get_licenses_list" time="0.320" /><testcase classname="tests.test_iteration_65_fixes.TestIssue3LicenseeProjections" name="test_licensee_projections_endpoint" time="0.086" /><testcase classname="tests.test_iteration_65_fixes.TestIssue5BalanceWithCommission" name="test_trade_log_includes_commission" time="0.321" /><testcase classname="tests.test_iteration_65_fixes.TestIssue5BalanceWithCommission" name="test_profit_summary_calculation" time="0.054" /><testcase classname="tests.test_iteration_65_fixes.TestIssue6MonthlySummaryCard" name="test_trade_history_has_commission" time="0.313" /><testcase classname="tests.test_iteration_65_fixes.TestTradeLogEndpoint" name="test_trade_log_accepts_commission" time="0.296" /><testcase classname="tests.test_iteration_65_fixes.TestAPIEndpoints" name="test_active_signal" time="0.311" /><testcase classname="tests.test_iteration_65_fixes.TestAPIEndpoints" name="test_daily_summary" time="0.048" /><testcase classname="tests.test_iteration_65_fixes.TestAPIEndpoints" name="test_profit_summary" time="0.045" /></testsuite></testsuites>