<?xml version="1.0" encoding="utf-8"?><testsuites name="pytest tests"><testsuite name="pytest" errors="0" failures="0" skipped="1" tests="29" time="6.628" timestamp="2026-03-10T01:27:25.988904+00:00" hostname="agent-env-cf2fb219-68ac-4e24-b7fb-aad4e784b7b1"><testcase classname="tests.test_iteration_156_phase3_ai.TestAIAnswerSuggestion" name="test_answer_suggestion_requires_auth" time="0.138" /><testcase classname="tests.test_iteration_156_phase3_ai.TestAIAnswerSuggestion" name="test_answer_suggestion_404_for_invalid_post" time="0.449" /><testcase classname="tests.test_iteration_156_phase3_ai.TestAIAnswerSuggestion" name="test_answer_suggestion_with_valid_post" time="0.112"><skipped type="pytest.skip" message="No forum posts available for testing">/app/backend/tests/test_iteration_156_phase3_ai.py:94: No forum posts available for testing</skipped></testcase><testcase classname="tests.test_iteration_156_phase3_ai.TestAIMemberRisk" name="test_member_risk_requires_auth" time="0.117" /><testcase classname="tests.test_iteration_156_phase3_ai.TestAIMemberRisk" name="test_member_risk_with_valid_member" time="0.601" /><testcase classname="tests.test_iteration_156_phase3_ai.TestAIMemberRisk" name="test_member_risk_404_for_invalid_user" time="0.118" /><testcase classname="tests.test_iteration_156_phase3_ai.TestAIMemberRiskNonAdmin" name="test_member_risk_403_for_non_admin" time="0.120" /><testcase classname="tests.test_iteration_156_phase3_ai.TestAIDailyReport" name="test_daily_report_requires_auth" time="0.125" /><testcase classname="tests.test_iteration_156_phase3_ai.TestAIDailyReport" name="test_daily_report_with_admin" time="0.446" /><testcase classname="tests.test_iteration_156_phase3_ai.TestAIDailyReport" name="test_daily_report_returns_today_date" time="0.199" /><testcase classname="tests.test_iteration_156_phase3_ai.TestAIDailyReportNonAdmin" name="test_daily_report_403_for_non_admin" time="0.107" /><testcase classname="tests.test_iteration_156_phase3_ai.TestAISmartNotification" name="test_smart_notification_requires_auth" time="0.122" /><testcase classname="tests.test_iteration_156_phase3_ai.TestAISmartNotification" name="test_smart_notification_with_valid_request" time="0.456" /><testcase classname="tests.test_iteration_156_phase3_ai.TestAISmartNotification" name="test_smart_notification_streak_milestone" time="0.113" /><testcase classname="tests.test_iteration_156_phase3_ai.TestAISmartNotification" name="test_smart_notification_deposit_received" time="0.108" /><testcase classname="tests.test_iteration_156_phase3_ai.TestAICommissionInsights" name="test_commission_insights_requires_auth" time="0.121" /><testcase classname="tests.test_iteration_156_phase3_ai.TestAICommissionInsights" name="test_commission_insights_with_valid_request" time="0.455" /><testcase classname="tests.test_iteration_156_phase3_ai.TestAICommissionInsights" name="test_commission_insights_returns_best_day" time="0.113" /><testcase classname="tests.test_iteration_156_phase3_ai.TestAIMilestoneMotivation" name="test_milestone_requires_auth" time="0.108" /><testcase classname="tests.test_iteration_156_phase3_ai.TestAIMilestoneMotivation" name="test_milestone_404_for_invalid_goal" time="0.511" /><testcase classname="tests.test_iteration_156_phase3_ai.TestAIMilestoneMotivation" name="test_milestone_with_known_goal" time="0.111" /><testcase classname="tests.test_iteration_156_phase3_ai.TestPhase1Regression" name="test_trade_coach_still_works" time="0.616" /><testcase classname="tests.test_iteration_156_phase3_ai.TestPhase1Regression" name="test_financial_summary_weekly_still_works" time="0.123" /><testcase classname="tests.test_iteration_156_phase3_ai.TestPhase1Regression" name="test_financial_summary_monthly_still_works" time="0.126" /><testcase classname="tests.test_iteration_156_phase3_ai.TestPhase1Regression" name="test_balance_forecast_still_works" time="0.112" /><testcase classname="tests.test_iteration_156_phase3_ai.TestPhase2Regression" name="test_trade_journal_daily_still_works" time="0.457" /><testcase classname="tests.test_iteration_156_phase3_ai.TestPhase2Regression" name="test_trade_journal_weekly_still_works" time="0.136" /><testcase classname="tests.test_iteration_156_phase3_ai.TestPhase2Regression" name="test_goal_advisor_still_works" time="0.140" /><testcase classname="tests.test_iteration_156_phase3_ai.TestPhase2Regression" name="test_anomaly_check_still_works" time="0.102" /></testsuite></testsuites>