<?xml version="1.0" encoding="utf-8"?><testsuites name="pytest tests"><testsuite name="pytest" errors="0" failures="0" skipped="0" tests="11" time="1.059" timestamp="2026-01-10T23:06:59.299598+00:00" hostname="agent-env-f6894078-4f79-4626-b61e-732d95871abe"><testcase classname="tests.test_trade_monitor_v2.TestTradeHistoryAPI" name="test_trade_history_endpoint_exists" time="0.098" /><testcase classname="tests.test_trade_monitor_v2.TestTradeHistoryAPI" name="test_trade_history_pagination" time="0.146" /><testcase classname="tests.test_trade_monitor_v2.TestTradeHistoryAPI" name="test_trade_history_has_signal_details" time="0.059" /><testcase classname="tests.test_trade_monitor_v2.TestTimeEnteredAPI" name="test_update_time_entered_endpoint" time="0.130" /><testcase classname="tests.test_trade_monitor_v2.TestTimeEnteredAPI" name="test_update_time_entered_invalid_trade" time="0.092" /><testcase classname="tests.test_trade_monitor_v2.TestStreakAPI" name="test_streak_endpoint_exists" time="0.046" /><testcase classname="tests.test_trade_monitor_v2.TestStreakAPI" name="test_streak_calculation_with_winning_trades" time="0.109" /><testcase classname="tests.test_trade_monitor_v2.TestActiveSignalDesign" name="test_active_signal_has_simulated_flag" time="0.090" /><testcase classname="tests.test_trade_monitor_v2.TestActiveSignalDesign" name="test_active_signal_has_timezone_fields" time="0.050" /><testcase classname="tests.test_trade_monitor_v2.TestActiveSignalDesign" name="test_create_simulated_signal_no_prefix" time="0.100" /><testcase classname="tests.test_trade_monitor_v2.TestTradeHistoryColumns" name="test_trade_history_all_columns" time="0.054" /></testsuite></testsuites>