<?xml version="1.0" encoding="utf-8"?><testsuites name="pytest tests"><testsuite name="pytest" errors="0" failures="0" skipped="0" tests="11" time="2.655" timestamp="2026-01-10T11:04:02.839069+00:00" hostname="agent-env-51d53b58-e537-4392-8f45-c27b403b1bbf"><testcase classname="tests.test_p0_bugs.TestAuthPersistence" name="test_login_returns_token_and_user" time="0.292" /><testcase classname="tests.test_p0_bugs.TestAuthPersistence" name="test_auth_me_with_valid_token" time="0.308" /><testcase classname="tests.test_p0_bugs.TestAuthPersistence" name="test_auth_me_without_token_fails" time="0.037" /><testcase classname="tests.test_p0_bugs.TestAuthPersistence" name="test_auth_me_with_invalid_token_fails" time="0.039" /><testcase classname="tests.test_p0_bugs.TestDebtManagement" name="test_create_debt" time="0.305" /><testcase classname="tests.test_p0_bugs.TestDebtManagement" name="test_get_debts_after_create" time="0.334" /><testcase classname="tests.test_p0_bugs.TestDebtManagement" name="test_create_debt_without_auth_fails" time="0.039" /><testcase classname="tests.test_p0_bugs.TestGoalsManagement" name="test_create_goal" time="0.337" /><testcase classname="tests.test_p0_bugs.TestGoalsManagement" name="test_get_goals_after_create" time="0.330" /><testcase classname="tests.test_p0_bugs.TestGoalsManagement" name="test_create_goal_without_auth_fails" time="0.034" /><testcase classname="tests.test_p0_bugs.TestNavigationPersistence" name="test_multiple_api_calls_with_same_token" time="0.477" /></testsuite></testsuites>