<?xml version="1.0" encoding="utf-8"?><testsuites name="pytest tests"><testsuite name="pytest" errors="0" failures="0" skipped="0" tests="11" time="2.456" timestamp="2026-03-03T12:45:13.247665+00:00" hostname="agent-env-28345b55-f1cd-4fdf-bb26-e55893c14d67"><testcase classname="backend.tests.test_iteration_140_forum_image_publitio.TestPublitioAPI" name="test_publitio_test_endpoint_exists" time="0.504" /><testcase classname="backend.tests.test_iteration_140_forum_image_publitio.TestPublitioAPI" name="test_publitio_upload_endpoint_exists" time="0.109" /><testcase classname="backend.tests.test_iteration_140_forum_image_publitio.TestPublitioAPI" name="test_publitio_upload_file_size_validation" time="0.114" /><testcase classname="backend.tests.test_iteration_140_forum_image_publitio.TestPublitioAPI" name="test_publitio_upload_file_type_validation" time="0.103" /><testcase classname="backend.tests.test_iteration_140_forum_image_publitio.TestPublitioAPI" name="test_publitio_folders_endpoint" time="0.096" /><testcase classname="backend.tests.test_iteration_140_forum_image_publitio.TestForumWithImages" name="test_create_post_with_images_field" time="0.254" /><testcase classname="backend.tests.test_iteration_140_forum_image_publitio.TestForumWithImages" name="test_create_comment_with_images_field" time="0.353" /><testcase classname="backend.tests.test_iteration_140_forum_image_publitio.TestForumWithImages" name="test_get_post_includes_images" time="0.339" /><testcase classname="backend.tests.test_iteration_140_forum_image_publitio.TestAdminSettingsPublitioCard" name="test_settings_platform_includes_publitio_fields" time="0.098" /><testcase classname="backend.tests.test_iteration_140_forum_image_publitio.TestAdminSettingsPublitioCard" name="test_can_save_publitio_settings" time="0.206" /><testcase classname="backend.tests.test_iteration_140_forum_image_publitio.TestForumImageUploadComponent" name="test_publitio_api_module_endpoints" time="0.210" /></testsuite></testsuites>