<?xml version="1.0" encoding="utf-8"?><testsuites name="pytest tests"><testsuite name="pytest" errors="0" failures="1" skipped="0" tests="14" time="6.401" timestamp="2026-02-24T07:01:34.788702+00:00" hostname="agent-env-e7adc257-8e12-400e-958d-9670af39e383"><testcase classname="backend.tests.test_iteration_125_honorary_fix.TestRizzaLicenseeProfitSummary" name="test_rizza_summary_returns_positive_account_value" time="0.502" /><testcase classname="backend.tests.test_iteration_125_honorary_fix.TestRizzaLicenseeProfitSummary" name="test_rizza_summary_performance_rate_not_zero" time="0.445" /><testcase classname="backend.tests.test_iteration_125_honorary_fix.TestLicenseeYearProjections" name="test_rizza_year_projections_returns_values" time="0.441" /><testcase classname="backend.tests.test_iteration_125_honorary_fix.TestLicenseeYearProjections" name="test_admin_can_view_rizza_projections" time="0.442" /><testcase classname="backend.tests.test_iteration_125_honorary_fix.TestLicenseeDailyProjection" name="test_rizza_daily_projection_returns_array" time="0.451" /><testcase classname="backend.tests.test_iteration_125_honorary_fix.TestLicenseeHealthCheck" name="test_health_check_returns_all_licensees_ok" time="0.455"><failure message="AssertionError: Rizza account_value should be &gt; 5000&#10;assert 0 &gt; 5000&#10; +  where 0 = &lt;built-in method get of dict object at 0xfd4ec8c75c80&gt;('account_value', 0)&#10; +    where &lt;built-in method get of dict object at 0xfd4ec8c75c80&gt; = {'1yr_projection': 106016.32, 'current_value': 6530.6, 'email': 'rizza.miles@gmail.com', 'fixes': [], ...}.get">backend/tests/test_iteration_125_honorary_fix.py:177: in test_health_check_returns_all_licensees_ok
    assert result.get("account_value", 0) &gt; 5000, f"Rizza account_value should be &gt; 5000"
E   AssertionError: Rizza account_value should be &gt; 5000
E   assert 0 &gt; 5000
E    +  where 0 = &lt;built-in method get of dict object at 0xfd4ec8c75c80&gt;('account_value', 0)
E    +    where &lt;built-in method get of dict object at 0xfd4ec8c75c80&gt; = {'1yr_projection': 106016.32, 'current_value': 6530.6, 'email': 'rizza.miles@gmail.com', 'fixes': [], ...}.get</failure></testcase><testcase classname="backend.tests.test_iteration_125_honorary_fix.TestAllHonoraryLicenseesProjections" name="test_honorary_licensee_projections_work[19ccb9d7-139f-4918-a662-ad72483010b1]" time="0.457" /><testcase classname="backend.tests.test_iteration_125_honorary_fix.TestAllHonoraryLicenseesProjections" name="test_honorary_licensee_projections_work[7cc2b490-5e55-433b-9ac6-45d5bdfaf732]" time="0.450" /><testcase classname="backend.tests.test_iteration_125_honorary_fix.TestAllHonoraryLicenseesProjections" name="test_honorary_licensee_projections_work[c0bc35c0-1112-4ca9-8c63-df8f8bafd11f]" time="0.429" /><testcase classname="backend.tests.test_iteration_125_honorary_fix.TestAllHonoraryLicenseesProjections" name="test_honorary_licensee_projections_work[d19307ec-03fe-4973-af97-5ef035b97a18]" time="0.440" /><testcase classname="backend.tests.test_iteration_125_honorary_fix.TestAllHonoraryLicenseesProjections" name="test_honorary_licensee_projections_work[bcbbbf94-321e-4bbb-b60e-fc286552b6d7]" time="0.438" /><testcase classname="backend.tests.test_iteration_125_honorary_fix.TestAllHonoraryLicenseesProjections" name="test_honorary_licensee_projections_work[04cd9299-2d58-4983-810a-1190923bbdaa]" time="0.456" /><testcase classname="backend.tests.test_iteration_125_honorary_fix.TestIsHonoraryFunctionCaseVariations" name="test_profit_summary_as_licensee" time="0.432" /><testcase classname="backend.tests.test_iteration_125_honorary_fix.TestAdminMemberDetailsForLicensee" name="test_rizza_member_details_has_correct_stats" time="0.428" /></testsuite></testsuites>