<?xml version="1.0" encoding="utf-8"?><testsuites name="pytest tests"><testsuite name="pytest" errors="0" failures="0" skipped="0" tests="14" time="5.163" timestamp="2026-02-11T10:37:59.245851+00:00" hostname="agent-env-49125e11-c240-4945-a91a-edfe2c51c478"><testcase classname="backend.tests.test_iteration_85.TestEmailSendingOnOfficialSignal" name="test_create_signal_with_email" time="0.379" /><testcase classname="backend.tests.test_iteration_85.TestEmailSendingOnOfficialSignal" name="test_update_signal_to_official_with_email" time="0.350" /><testcase classname="backend.tests.test_iteration_85.TestProfitTrackerEndpoints" name="test_profit_summary_endpoint" time="0.356" /><testcase classname="backend.tests.test_iteration_85.TestProfitTrackerEndpoints" name="test_deposits_endpoint" time="0.300" /><testcase classname="backend.tests.test_iteration_85.TestProfitTrackerEndpoints" name="test_trade_logs_endpoint" time="0.302" /><testcase classname="backend.tests.test_iteration_85.TestAdminMembersSimulation" name="test_get_members_list" time="0.297" /><testcase classname="backend.tests.test_iteration_85.TestAdminMembersSimulation" name="test_get_member_simulation_data" time="0.346" /><testcase classname="backend.tests.test_iteration_85.TestAdminMembersSimulation" name="test_get_member_details" time="0.350" /><testcase classname="backend.tests.test_iteration_85.TestResetTrackerSafety" name="test_reset_requires_user_id_for_other_users" time="0.347" /><testcase classname="backend.tests.test_iteration_85.TestResetTrackerSafety" name="test_reset_without_user_id_resets_current_user" time="0.349" /><testcase classname="backend.tests.test_iteration_85.TestOnboardingFlow" name="test_auth_me_returns_trading_fields" time="0.296" /><testcase classname="backend.tests.test_iteration_85.TestOnboardingFlow" name="test_verify_password_endpoint" time="0.784" /><testcase classname="backend.tests.test_iteration_85.TestEmailServiceIntegration" name="test_email_history_endpoint" time="0.299" /><testcase classname="backend.tests.test_iteration_85.TestActiveSignalEndpoint" name="test_get_active_signal" time="0.336" /></testsuite></testsuites>