<?xml version="1.0" encoding="utf-8"?><testsuites name="pytest tests"><testsuite name="pytest" errors="0" failures="0" skipped="0" tests="12" time="5.383" timestamp="2026-02-22T05:57:02.634846+00:00" hostname="agent-env-1e3ec0ac-b27d-4c71-9eac-1a6bc33edd5b"><testcase classname="backend.tests.test_iteration_116_seven_bugs.TestAuthentication" name="test_admin_login" time="0.384" /><testcase classname="backend.tests.test_iteration_116_seven_bugs.TestAuthentication" name="test_licensee_login" time="0.327" /><testcase classname="backend.tests.test_iteration_116_seven_bugs.TestIssue1_3_4_StaleData" name="test_profit_summary_has_dynamic_values" time="0.447" /><testcase classname="backend.tests.test_iteration_116_seven_bugs.TestIssue2_IncorrectProfit" name="test_profit_summary_actual_profit_not_zero" time="0.458" /><testcase classname="backend.tests.test_iteration_116_seven_bugs.TestIssue3_ProjectionHistory" name="test_daily_projection_starts_from_effective_date" time="0.481" /><testcase classname="backend.tests.test_iteration_116_seven_bugs.TestIssue4_ForgotPassword" name="test_forgot_password_endpoint_exists" time="0.128" /><testcase classname="backend.tests.test_iteration_116_seven_bugs.TestIssue4_ForgotPassword" name="test_reset_password_with_token" time="0.736" /><testcase classname="backend.tests.test_iteration_116_seven_bugs.TestIssue4_ForgotPassword" name="test_invalid_reset_token" time="0.100" /><testcase classname="backend.tests.test_iteration_116_seven_bugs.TestIssue5_YearProjections" name="test_year_projections_endpoint" time="0.448" /><testcase classname="backend.tests.test_iteration_116_seven_bugs.TestIssue6_LicenseConversion" name="test_honorary_fa_to_honorary_conversion_preserves_data" time="0.868" /><testcase classname="backend.tests.test_iteration_116_seven_bugs.TestIssue7_AdminFamilyMember" name="test_admin_can_add_family_member_endpoint_exists" time="0.459" /><testcase classname="backend.tests.test_iteration_116_seven_bugs.TestTotalTradesCount" name="test_total_trades_is_master_admin_trade_days" time="0.470" /></testsuite></testsuites>