<?xml version="1.0" encoding="utf-8"?><testsuites name="pytest tests"><testsuite name="pytest" errors="0" failures="0" skipped="0" tests="14" time="3.249" timestamp="2026-01-16T22:55:39.367241+00:00" hostname="agent-env-d1f9bc88-7eab-415f-8bea-a71b0948d980"><testcase classname="tests.test_iteration_46_lot_size_streak_fixes.TestStreakCalculation" name="test_streak_endpoint_returns_valid_response" time="0.315" /><testcase classname="tests.test_iteration_46_lot_size_streak_fixes.TestStreakCalculation" name="test_streak_type_is_trading_when_positive" time="0.291" /><testcase classname="tests.test_iteration_46_lot_size_streak_fixes.TestDailyProjectionCalculations" name="test_profit_summary_endpoint" time="0.291" /><testcase classname="tests.test_iteration_46_lot_size_streak_fixes.TestDailyProjectionCalculations" name="test_deposits_endpoint" time="0.295" /><testcase classname="tests.test_iteration_46_lot_size_streak_fixes.TestDailyProjectionCalculations" name="test_withdrawals_endpoint" time="0.290" /><testcase classname="tests.test_iteration_46_lot_size_streak_fixes.TestDailyProjectionCalculations" name="test_trade_logs_endpoint" time="0.287" /><testcase classname="tests.test_iteration_46_lot_size_streak_fixes.TestLotSizeCalculation" name="test_lot_size_formula" time="0.254" /><testcase classname="tests.test_iteration_46_lot_size_streak_fixes.TestLotSizeCalculation" name="test_calculate_exit_endpoint" time="0.461" /><testcase classname="tests.test_iteration_46_lot_size_streak_fixes.TestTransactionHandling" name="test_withdrawal_simulation" time="0.326" /><testcase classname="tests.test_iteration_46_lot_size_streak_fixes.TestOnboardingWizard" name="test_onboarding_status_endpoint" time="0.291" /><testcase classname="tests.test_iteration_46_lot_size_streak_fixes.TestHolidayHandling" name="test_backend_holidays_defined" time="0.000" /><testcase classname="tests.test_iteration_46_lot_size_streak_fixes.TestHolidayHandling" name="test_frontend_holidays_defined" time="0.000" /><testcase classname="tests.test_iteration_46_lot_size_streak_fixes.TestHolidayHandling" name="test_onboarding_wizard_holidays_defined" time="0.000" /><testcase classname="tests.test_iteration_46_lot_size_streak_fixes.TestActiveSignal" name="test_active_signal_endpoint" time="0.077" /></testsuite></testsuites>