<?xml version="1.0" encoding="utf-8"?><testsuites name="pytest tests"><testsuite name="pytest" errors="0" failures="0" skipped="0" tests="13" time="5.796" timestamp="2026-03-11T18:01:41.130199+00:00" hostname="agent-env-98d3a8a9-9ba0-4660-bc4e-558f80e5a4af"><testcase classname="tests.test_iteration_185_p2_features.TestAuth" name="test_admin_login" time="0.401" /><testcase classname="tests.test_iteration_185_p2_features.TestFraudWarningSystem" name="test_get_my_warnings" time="0.387" /><testcase classname="tests.test_iteration_185_p2_features.TestFraudWarningSystem" name="test_acknowledge_warning_not_found" time="0.412" /><testcase classname="tests.test_iteration_185_p2_features.TestTeamSystem" name="test_get_my_team" time="0.423" /><testcase classname="tests.test_iteration_185_p2_features.TestSmartRegistrationSecurity" name="test_get_pending_registrations" time="0.393" /><testcase classname="tests.test_iteration_185_p2_features.TestSmartRegistrationSecurity" name="test_approve_registration_not_found" time="0.431" /><testcase classname="tests.test_iteration_185_p2_features.TestSmartRegistrationSecurity" name="test_reject_registration_not_found" time="0.435" /><testcase classname="tests.test_iteration_185_p2_features.TestAdminCleanupPage" name="test_get_cleanup_overview" time="0.427" /><testcase classname="tests.test_iteration_185_p2_features.TestRegressionTests" name="test_admin_members_page" time="0.693" /><testcase classname="tests.test_iteration_185_p2_features.TestRegressionTests" name="test_admin_members_stats_overview" time="0.382" /><testcase classname="tests.test_iteration_185_p2_features.TestRegressionTests" name="test_forum_posts" time="0.401" /><testcase classname="tests.test_iteration_185_p2_features.TestRegressionTests" name="test_habits_list" time="0.490" /><testcase classname="tests.test_iteration_185_p2_features.TestSpotCheckRejectCreatesFraudWarning" name="test_spot_check_stats_endpoint" time="0.459" /></testsuite></testsuites>