<?xml version="1.0" encoding="utf-8"?><testsuites name="pytest tests"><testsuite name="pytest" errors="0" failures="0" skipped="0" tests="9" time="2.744" timestamp="2026-03-10T22:56:52.243721+00:00" hostname="agent-env-f8f73ea5-9bea-4fee-8121-829af287921c"><testcase classname="tests.test_iteration_180_trade_fix.TestHealthCheck" name="test_server_health" time="0.315" /><testcase classname="tests.test_iteration_180_trade_fix.TestTradeLogCriticalFix" name="test_trade_log_without_lot_size" time="0.596" /><testcase classname="tests.test_iteration_180_trade_fix.TestTradeLogCriticalFix" name="test_trade_log_with_lot_size_backward_compat" time="0.135" /><testcase classname="tests.test_iteration_180_trade_fix.TestTradeLogCriticalFix" name="test_trade_log_response_structure" time="0.184" /><testcase classname="tests.test_iteration_180_trade_fix.TestAdminMemberUpdate" name="test_update_merin_referral_code" time="0.299" /><testcase classname="tests.test_iteration_180_trade_fix.TestAdminMemberUpdate" name="test_update_referred_by_user_id" time="0.283" /><testcase classname="tests.test_iteration_180_trade_fix.TestAdminMemberUpdate" name="test_update_both_fields_same_request" time="0.299" /><testcase classname="tests.test_iteration_180_trade_fix.TestAdminMemberUpdate" name="test_clear_inviter_with_empty_string" time="0.437" /><testcase classname="tests.test_iteration_180_trade_fix.TestCleanup" name="test_cleanup_test_trades" time="0.153" /></testsuite></testsuites>