<?xml version="1.0" encoding="utf-8"?><testsuites name="pytest tests"><testsuite name="pytest" errors="0" failures="0" skipped="0" tests="15" time="4.383" timestamp="2026-03-03T11:14:51.974593+00:00" hostname="agent-env-2d68b3b9-8c47-48bb-92b0-1eb9f531492c"><testcase classname="backend.tests.test_iteration_137_forum.TestForumStats" name="test_get_forum_stats" time="0.598" /><testcase classname="backend.tests.test_iteration_137_forum.TestForumPostsList" name="test_list_posts_no_filter" time="0.141" /><testcase classname="backend.tests.test_iteration_137_forum.TestForumPostsList" name="test_list_posts_filter_open" time="0.145" /><testcase classname="backend.tests.test_iteration_137_forum.TestForumPostsList" name="test_list_posts_filter_closed" time="0.122" /><testcase classname="backend.tests.test_iteration_137_forum.TestForumPostsList" name="test_list_posts_search" time="0.114" /><testcase classname="backend.tests.test_iteration_137_forum.TestForumPostCRUD" name="test_create_post" time="0.104" /><testcase classname="backend.tests.test_iteration_137_forum.TestForumPostCRUD" name="test_get_post_by_id" time="0.320" /><testcase classname="backend.tests.test_iteration_137_forum.TestForumPostCRUD" name="test_delete_post" time="0.334" /><testcase classname="backend.tests.test_iteration_137_forum.TestForumComments" name="test_add_comment_to_open_post" time="0.308" /><testcase classname="backend.tests.test_iteration_137_forum.TestForumComments" name="test_cannot_comment_on_closed_post" time="0.403" /><testcase classname="backend.tests.test_iteration_137_forum.TestForumBestAnswer" name="test_mark_best_answer" time="0.633" /><testcase classname="backend.tests.test_iteration_137_forum.TestForumClosePost" name="test_close_post" time="0.434" /><testcase classname="backend.tests.test_iteration_137_forum.TestForumClosePost" name="test_cannot_close_already_closed_post" time="0.419" /><testcase classname="backend.tests.test_iteration_137_forum.TestForumPostNotFound" name="test_get_nonexistent_post" time="0.108" /><testcase classname="backend.tests.test_iteration_137_forum.TestForumPostNotFound" name="test_comment_nonexistent_post" time="0.113" /></testsuite></testsuites>