<?xml version="1.0" encoding="utf-8"?><testsuites name="pytest tests"><testsuite name="pytest" errors="0" failures="4" skipped="0" tests="13" time="4.871" timestamp="2026-02-11T10:36:35.754141+00:00" hostname="agent-env-49125e11-c240-4945-a91a-edfe2c51c478"><testcase classname="backend.tests.test_iteration_85.TestEmailSendingOnOfficialSignal" name="test_create_signal_with_email" time="0.376"><failure message="AssertionError: Failed to create signal: {&quot;detail&quot;:&quot;Not Found&quot;}&#10;assert 404 in [200, 201]&#10; +  where 404 = &lt;Response [404]&gt;.status_code">backend/tests/test_iteration_85.py:53: in test_create_signal_with_email
    assert response.status_code in [200, 201], f"Failed to create signal: {response.text}"
E   AssertionError: Failed to create signal: {"detail":"Not Found"}
E   assert 404 in [200, 201]
E    +  where 404 = &lt;Response [404]&gt;.status_code</failure></testcase><testcase classname="backend.tests.test_iteration_85.TestEmailSendingOnOfficialSignal" name="test_update_signal_to_official_with_email" time="0.305"><failure message="AssertionError: Failed to create signal: {&quot;detail&quot;:&quot;Not Found&quot;}&#10;assert 404 in [200, 201]&#10; +  where 404 = &lt;Response [404]&gt;.status_code">backend/tests/test_iteration_85.py:87: in test_update_signal_to_official_with_email
    assert create_response.status_code in [200, 201], f"Failed to create signal: {create_response.text}"
E   AssertionError: Failed to create signal: {"detail":"Not Found"}
E   assert 404 in [200, 201]
E    +  where 404 = &lt;Response [404]&gt;.status_code</failure></testcase><testcase classname="backend.tests.test_iteration_85.TestProfitTrackerEndpoints" name="test_profit_summary_endpoint" time="0.354" /><testcase classname="backend.tests.test_iteration_85.TestProfitTrackerEndpoints" name="test_deposits_endpoint" time="0.341" /><testcase classname="backend.tests.test_iteration_85.TestProfitTrackerEndpoints" name="test_trade_logs_endpoint" time="0.303"><failure message="AssertionError: Failed to get trade logs: Internal Server Error&#10;assert 520 == 200&#10; +  where 520 = &lt;Response [520]&gt;.status_code">backend/tests/test_iteration_85.py:159: in test_trade_logs_endpoint
    assert response.status_code == 200, f"Failed to get trade logs: {response.text}"
E   AssertionError: Failed to get trade logs: Internal Server Error
E   assert 520 == 200
E    +  where 520 = &lt;Response [520]&gt;.status_code</failure></testcase><testcase classname="backend.tests.test_iteration_85.TestAdminMembersSimulation" name="test_get_members_list" time="0.309" /><testcase classname="backend.tests.test_iteration_85.TestAdminMembersSimulation" name="test_get_member_simulation_data" time="0.335"><failure message="AssertionError: Failed to get simulation data: {&quot;detail&quot;:&quot;Not Found&quot;}&#10;assert 404 == 200&#10; +  where 404 = &lt;Response [404]&gt;.status_code">backend/tests/test_iteration_85.py:224: in test_get_member_simulation_data
    assert sim_response.status_code == 200, f"Failed to get simulation data: {sim_response.text}"
E   AssertionError: Failed to get simulation data: {"detail":"Not Found"}
E   assert 404 == 200
E    +  where 404 = &lt;Response [404]&gt;.status_code</failure></testcase><testcase classname="backend.tests.test_iteration_85.TestAdminMembersSimulation" name="test_get_member_details" time="0.381" /><testcase classname="backend.tests.test_iteration_85.TestResetTrackerSafety" name="test_reset_requires_user_id_for_other_users" time="0.343" /><testcase classname="backend.tests.test_iteration_85.TestResetTrackerSafety" name="test_reset_without_user_id_resets_current_user" time="0.337" /><testcase classname="backend.tests.test_iteration_85.TestOnboardingFlow" name="test_auth_me_returns_trading_fields" time="0.293" /><testcase classname="backend.tests.test_iteration_85.TestOnboardingFlow" name="test_verify_password_endpoint" time="0.775" /><testcase classname="backend.tests.test_iteration_85.TestEmailServiceIntegration" name="test_email_history_endpoint" time="0.307" /></testsuite></testsuites>