<?xml version="1.0" encoding="utf-8"?><testsuites name="pytest tests"><testsuite name="pytest" errors="0" failures="0" skipped="0" tests="9" time="4.058" timestamp="2026-02-22T08:27:48.951946+00:00" hostname="agent-env-7455e260-5cde-44cd-9629-9a152a658677"><testcase classname="backend.tests.test_iteration_119_family_forgot_password.TestForgotPasswordFlow" name="test_forgot_password_valid_email" time="0.149" /><testcase classname="backend.tests.test_iteration_119_family_forgot_password.TestForgotPasswordFlow" name="test_forgot_password_invalid_email" time="0.109" /><testcase classname="backend.tests.test_iteration_119_family_forgot_password.TestForgotPasswordFlow" name="test_reset_password_with_valid_token" time="0.763" /><testcase classname="backend.tests.test_iteration_119_family_forgot_password.TestForgotPasswordFlow" name="test_reset_password_invalid_token" time="0.098" /><testcase classname="backend.tests.test_iteration_119_family_forgot_password.TestFamilyAccountsAsLicensee" name="test_get_family_members_as_licensee" time="0.423" /><testcase classname="backend.tests.test_iteration_119_family_forgot_password.TestFamilyAccountsAsLicensee" name="test_add_family_member_as_licensee" time="0.567" /><testcase classname="backend.tests.test_iteration_119_family_forgot_password.TestAdminSimulationFamilyAccounts" name="test_admin_get_family_members_for_licensee" time="0.423" /><testcase classname="backend.tests.test_iteration_119_family_forgot_password.TestAdminSimulationFamilyAccounts" name="test_admin_add_family_member_simulation" time="0.626" /><testcase classname="backend.tests.test_iteration_119_family_forgot_password.TestAdminSimulationFamilyAccounts" name="test_admin_update_family_member" time="0.830" /></testsuite></testsuites>