<?xml version="1.0" encoding="utf-8"?><testsuites name="pytest tests"><testsuite name="pytest" errors="0" failures="0" skipped="0" tests="9" time="5.066" timestamp="2026-02-24T22:01:38.036167+00:00" hostname="agent-env-8d8f28d2-1425-463d-82a9-a88438e135b6"><testcase classname="backend.tests.test_iteration_127_projection_fix.TestYearProjectionsFix" name="test_backend_returns_both_projection_arrays" time="0.555" /><testcase classname="backend.tests.test_iteration_127_projection_fix.TestYearProjectionsFix" name="test_license_year_projections_use_starting_amount" time="0.508" /><testcase classname="backend.tests.test_iteration_127_projection_fix.TestYearProjectionsFix" name="test_forward_projections_use_current_value" time="0.659" /><testcase classname="backend.tests.test_iteration_127_projection_fix.TestYearProjectionsFix" name="test_projections_use_quarterly_compounding" time="0.576" /><testcase classname="backend.tests.test_iteration_127_projection_fix.TestYearProjectionsFix" name="test_license_year_vs_forward_projections_differ" time="0.543" /><testcase classname="backend.tests.test_iteration_127_projection_fix.TestYearProjectionsFix" name="test_effective_start_date_parsing" time="0.502" /><testcase classname="backend.tests.test_iteration_127_projection_fix.TestYearProjectionsFix" name="test_admin_can_query_any_licensee_projections" time="0.570" /><testcase classname="backend.tests.test_iteration_127_projection_fix.TestTradingDaysFunction" name="test_projection_trading_days_count" time="0.592" /><testcase classname="backend.tests.test_iteration_127_projection_fix.TestProjectionResponse" name="test_response_structure_complete" time="0.504" /></testsuite></testsuites>