<?xml version="1.0" encoding="utf-8"?><testsuites name="pytest tests"><testsuite name="pytest" errors="0" failures="0" skipped="0" tests="12" time="4.395" timestamp="2026-03-12T00:20:41.407991+00:00" hostname="agent-env-1dc3c6fb-6e92-4fe0-befa-851cc3f9b010"><testcase classname="tests.test_iteration_190_new_features.TestAuth" name="test_login_returns_access_token" time="0.406" /><testcase classname="tests.test_iteration_190_new_features.TestBookingEmbedPublic" name="test_booking_embed_endpoint_exists" time="0.123" /><testcase classname="tests.test_iteration_190_new_features.TestBookingEmbedPublic" name="test_booking_embed_returns_tidycal_url_field" time="0.147" /><testcase classname="tests.test_iteration_190_new_features.TestWeeklyPerformanceReport" name="test_weekly_report_requires_auth" time="0.134" /><testcase classname="tests.test_iteration_190_new_features.TestWeeklyPerformanceReport" name="test_weekly_report_returns_report_data" time="0.500" /><testcase classname="tests.test_iteration_190_new_features.TestWeeklyPerformanceReport" name="test_weekly_report_numeric_values" time="0.495" /><testcase classname="tests.test_iteration_190_new_features.TestMyTeamEndpoint" name="test_my_team_requires_auth" time="0.110" /><testcase classname="tests.test_iteration_190_new_features.TestMyTeamEndpoint" name="test_my_team_returns_team_and_stats" time="0.483" /><testcase classname="tests.test_iteration_190_new_features.TestMyTeamEndpoint" name="test_my_team_member_structure" time="0.541" /><testcase classname="tests.test_iteration_190_new_features.TestPlatformSettings" name="test_platform_settings_returns_tidycal_field" time="0.509" /><testcase classname="tests.test_iteration_190_new_features.TestNavigationEndpoints" name="test_referral_tracking_endpoint" time="0.452" /><testcase classname="tests.test_iteration_190_new_features.TestNavigationEndpoints" name="test_store_items_endpoint" time="0.451" /></testsuite></testsuites>