<?xml version="1.0" encoding="utf-8"?><testsuites name="pytest tests"><testsuite name="pytest" errors="0" failures="0" skipped="0" tests="10" time="3.733" timestamp="2026-03-11T12:41:14.837173+00:00" hostname="agent-env-f8f73ea5-9bea-4fee-8121-829af287921c"><testcase classname="tests.test_iteration_181_setpassword_inviter.TestSetPasswordBugFix" name="test_server_health" time="0.299" /><testcase classname="tests.test_iteration_181_setpassword_inviter.TestSetPasswordBugFix" name="test_set_password_without_secret_code_no_422" time="0.355" /><testcase classname="tests.test_iteration_181_setpassword_inviter.TestSetPasswordBugFix" name="test_set_password_with_secret_code_backward_compat" time="0.297" /><testcase classname="tests.test_iteration_181_setpassword_inviter.TestSetPasswordBugFix" name="test_set_password_validation_still_works" time="0.115" /><testcase classname="tests.test_iteration_181_setpassword_inviter.TestLoginReturnsReferredBy" name="test_admin_login_includes_referred_by" time="0.375" /><testcase classname="tests.test_iteration_181_setpassword_inviter.TestSetInviterEndpoint" name="test_set_inviter_endpoint_exists" time="0.500" /><testcase classname="tests.test_iteration_181_setpassword_inviter.TestSetInviterEndpoint" name="test_set_inviter_updates_referred_by" time="0.620" /><testcase classname="tests.test_iteration_181_setpassword_inviter.TestInviterModalLogicRequirements" name="test_login_response_has_all_inviter_modal_fields" time="0.330" /><testcase classname="tests.test_iteration_181_setpassword_inviter.TestInviterModalLogicRequirements" name="test_admin_should_not_see_inviter_modal" time="0.326" /><testcase classname="tests.test_iteration_181_setpassword_inviter.TestMeEndpointReferredBy" name="test_me_endpoint_includes_referred_by" time="0.477" /></testsuite></testsuites>