<?xml version="1.0" encoding="utf-8"?><testsuites name="pytest tests"><testsuite name="pytest" errors="0" failures="0" skipped="0" tests="12" time="3.394" timestamp="2026-02-17T22:26:55.960354+00:00" hostname="agent-env-b615b3c1-9c5e-4464-aa86-f6ea9a00d0b7"><testcase classname="backend.tests.test_iteration_113_admin_reset.TestAdminResetFeatures" name="test_01_update_effective_start_date" time="0.524" /><testcase classname="backend.tests.test_iteration_113_admin_reset.TestAdminResetFeatures" name="test_02_reset_license_balance_to_4000" time="0.112" /><testcase classname="backend.tests.test_iteration_113_admin_reset.TestAdminResetFeatures" name="test_03_get_projections_after_reset" time="0.146" /><testcase classname="backend.tests.test_iteration_113_admin_reset.TestAdminResetFeatures" name="test_04_reset_license_balance_back_to_5000" time="0.160" /><testcase classname="backend.tests.test_iteration_113_admin_reset.TestAdminResetFeatures" name="test_05_reset_family_member_starting_amount" time="0.128" /><testcase classname="backend.tests.test_iteration_113_admin_reset.TestAdminResetFeatures" name="test_06_reset_family_member_effective_start_date" time="0.171" /><testcase classname="backend.tests.test_iteration_113_admin_reset.TestAdminResetFeatures" name="test_07_verify_family_member_projections_from_new_date" time="0.200" /><testcase classname="backend.tests.test_iteration_113_admin_reset.TestAdminResetFeatures" name="test_08_restore_family_member_data" time="0.114" /><testcase classname="backend.tests.test_iteration_113_admin_reset.TestFamilyMembersEndpoint" name="test_09_family_members_403_for_non_honorary_fa" time="0.477" /><testcase classname="backend.tests.test_iteration_113_admin_reset.TestRegressionSimulateEndpoint" name="test_10_simulate_endpoint_returns_family_members" time="0.480" /><testcase classname="backend.tests.test_iteration_113_admin_reset.TestRegressionAdminHabits" name="test_11_get_admin_habits" time="0.471" /><testcase classname="backend.tests.test_iteration_113_admin_reset.TestRegressionAdminHabits" name="test_12_post_admin_habit" time="0.336" /></testsuite></testsuites>