<?xml version="1.0" encoding="utf-8"?><testsuites name="pytest tests"><testsuite name="pytest" errors="0" failures="0" skipped="0" tests="21" time="4.084" timestamp="2026-02-23T10:16:27.875218+00:00" hostname="agent-env-e7adc257-8e12-400e-958d-9670af39e383"><testcase classname="tests.test_projection_regression.TestTradingDays" name="test_us_market_holidays_2026" time="0.187" /><testcase classname="tests.test_projection_regression.TestTradingDays" name="test_holiday_range" time="0.000" /><testcase classname="tests.test_projection_regression.TestTradingDays" name="test_is_trading_day_weekday" time="0.000" /><testcase classname="tests.test_projection_regression.TestTradingDays" name="test_is_trading_day_weekend" time="0.000" /><testcase classname="tests.test_projection_regression.TestTradingDays" name="test_is_trading_day_holiday" time="0.000" /><testcase classname="tests.test_projection_regression.TestTradingDays" name="test_project_quarterly_growth_basic" time="0.001" /><testcase classname="tests.test_projection_regression.TestTradingDays" name="test_project_quarterly_growth_formula" time="0.000" /><testcase classname="tests.test_projection_regression.TestTradingDays" name="test_project_quarterly_growth_quarter_boundary" time="0.001" /><testcase classname="tests.test_projection_regression.TestTradingDays" name="test_observe_holiday_saturday" time="0.000" /><testcase classname="tests.test_projection_regression.TestTradingDays" name="test_observe_holiday_sunday" time="0.000" /><testcase classname="tests.test_projection_regression.TestCalculations" name="test_lot_size" time="0.000" /><testcase classname="tests.test_projection_regression.TestCalculations" name="test_projected_profit" time="0.000" /><testcase classname="tests.test_projection_regression.TestCalculations" name="test_performance_categories" time="0.000" /><testcase classname="tests.test_projection_regression.TestProjectionAPIs" name="test_year_projections_as_admin_for_licensee" time="0.535" /><testcase classname="tests.test_projection_regression.TestProjectionAPIs" name="test_year_projections_as_licensee" time="0.432" /><testcase classname="tests.test_projection_regression.TestProjectionAPIs" name="test_daily_projection_as_licensee" time="0.437" /><testcase classname="tests.test_projection_regression.TestProjectionAPIs" name="test_licensee_summary_correct_values" time="0.463" /><testcase classname="tests.test_projection_regression.TestProjectionAPIs" name="test_admin_member_details_for_licensee" time="0.440" /><testcase classname="tests.test_projection_regression.TestProjectionAPIs" name="test_year_projections_no_license_404" time="0.433" /><testcase classname="tests.test_projection_regression.TestProjectionAPIs" name="test_projection_values_consistency" time="0.537" /><testcase classname="tests.test_projection_regression.TestProjectionAPIs" name="test_all_honorary_licensees_have_projections" time="0.538" /></testsuite></testsuites>