<?xml version="1.0" encoding="utf-8"?><testsuites name="pytest tests"><testsuite name="pytest" errors="0" failures="0" skipped="0" tests="12" time="2.398" timestamp="2026-03-11T19:07:28.460183+00:00" hostname="agent-env-21757043-af62-48e5-a953-b17c71eec055"><testcase classname="tests.test_iteration_188_route_extraction.TestAdminMembersRouteExtraction" name="test_get_members_list" time="0.587" /><testcase classname="tests.test_iteration_188_route_extraction.TestAdminMembersRouteExtraction" name="test_get_member_stats_overview" time="0.150" /><testcase classname="tests.test_iteration_188_route_extraction.TestAdminMembersRouteExtraction" name="test_get_members_with_search" time="0.335" /><testcase classname="tests.test_iteration_188_route_extraction.TestAdminMembersRouteExtraction" name="test_get_members_with_role_filter" time="0.126" /><testcase classname="tests.test_iteration_188_route_extraction.TestHabitsAdminEndpoints" name="test_get_pending_proofs" time="0.160" /><testcase classname="tests.test_iteration_188_route_extraction.TestHabitsAdminEndpoints" name="test_get_spot_check_stats" time="0.203" /><testcase classname="tests.test_iteration_188_route_extraction.TestHabitsAdminEndpoints" name="test_spot_check_invalid_completion" time="0.133" /><testcase classname="tests.test_iteration_188_route_extraction.TestTeamRecommendations" name="test_get_my_team" time="0.138" /><testcase classname="tests.test_iteration_188_route_extraction.TestTeamRecommendations" name="test_get_team_recommendations" time="0.134" /><testcase classname="tests.test_iteration_188_route_extraction.TestStoreEndpoints" name="test_get_store_items" time="0.122" /><testcase classname="tests.test_iteration_188_route_extraction.TestAdminCleanupOverview" name="test_get_cleanup_overview" time="0.130" /><testcase classname="tests.test_iteration_188_route_extraction.TestProfitTrackerComponents" name="test_profit_summary" time="0.123" /></testsuite></testsuites>