<?xml version="1.0" encoding="utf-8"?><testsuites name="pytest tests"><testsuite name="pytest" errors="0" failures="0" skipped="0" tests="13" time="4.032" timestamp="2026-02-16T11:31:33.844569+00:00" hostname="agent-env-5eb44742-c2ed-4ff6-bc8f-c92025cff73f"><testcase classname="backend.tests.test_phase4_affiliate_streaks.TestHabitStreaks" name="test_get_habit_streak_endpoint" time="0.467" /><testcase classname="backend.tests.test_phase4_affiliate_streaks.TestHabitStreaks" name="test_get_habits_includes_streak" time="0.110" /><testcase classname="backend.tests.test_phase4_affiliate_streaks.TestAffiliateResources" name="test_get_affiliate_resources_public" time="0.457" /><testcase classname="backend.tests.test_phase4_affiliate_streaks.TestAffiliateResources" name="test_get_chatbase_public" time="0.104" /><testcase classname="backend.tests.test_phase4_affiliate_streaks.TestAdminAffiliateResources" name="test_admin_get_affiliate_resources" time="0.426" /><testcase classname="backend.tests.test_phase4_affiliate_streaks.TestAdminAffiliateResources" name="test_admin_create_affiliate_resource" time="0.387" /><testcase classname="backend.tests.test_phase4_affiliate_streaks.TestAdminAffiliateResources" name="test_admin_update_affiliate_resource" time="0.329" /><testcase classname="backend.tests.test_phase4_affiliate_streaks.TestAdminAffiliateResources" name="test_admin_delete_affiliate_resource" time="0.452" /><testcase classname="backend.tests.test_phase4_affiliate_streaks.TestAdminChatbaseConfig" name="test_admin_get_chatbase_config" time="0.444" /><testcase classname="backend.tests.test_phase4_affiliate_streaks.TestAdminChatbaseConfig" name="test_admin_update_chatbase_config" time="0.452" /><testcase classname="backend.tests.test_phase4_affiliate_streaks.TestUnauthorizedAccess" name="test_affiliate_resources_requires_auth" time="0.126" /><testcase classname="backend.tests.test_phase4_affiliate_streaks.TestUnauthorizedAccess" name="test_habit_streak_requires_auth" time="0.102" /><testcase classname="backend.tests.test_phase4_affiliate_streaks.TestUnauthorizedAccess" name="test_admin_affiliate_requires_admin" time="0.106" /></testsuite></testsuites>