<?xml version="1.0" encoding="utf-8"?><testsuites name="pytest tests"><testsuite name="pytest" errors="0" failures="0" skipped="0" tests="13" time="3.838" timestamp="2026-01-17T06:07:47.518127+00:00" hostname="agent-env-03e73c91-557f-45b9-940b-05f775658507"><testcase classname="tests.test_iteration_52_admin_settings_sidebar.TestAdminSettingsSidebarAndGlobalTrading" name="test_01_login_master_admin" time="0.278" /><testcase classname="tests.test_iteration_52_admin_settings_sidebar.TestAdminSettingsSidebarAndGlobalTrading" name="test_02_get_global_holidays_admin_endpoint" time="0.275" /><testcase classname="tests.test_iteration_52_admin_settings_sidebar.TestAdminSettingsSidebarAndGlobalTrading" name="test_03_get_global_holidays_user_endpoint" time="0.276" /><testcase classname="tests.test_iteration_52_admin_settings_sidebar.TestAdminSettingsSidebarAndGlobalTrading" name="test_04_get_trading_products_admin_endpoint" time="0.275" /><testcase classname="tests.test_iteration_52_admin_settings_sidebar.TestAdminSettingsSidebarAndGlobalTrading" name="test_05_get_trading_products_user_endpoint" time="0.266" /><testcase classname="tests.test_iteration_52_admin_settings_sidebar.TestAdminSettingsSidebarAndGlobalTrading" name="test_06_add_trading_product" time="0.273" /><testcase classname="tests.test_iteration_52_admin_settings_sidebar.TestAdminSettingsSidebarAndGlobalTrading" name="test_07_toggle_trading_product" time="0.339" /><testcase classname="tests.test_iteration_52_admin_settings_sidebar.TestAdminSettingsSidebarAndGlobalTrading" name="test_08_add_global_holiday" time="0.270" /><testcase classname="tests.test_iteration_52_admin_settings_sidebar.TestAdminSettingsSidebarAndGlobalTrading" name="test_09_remove_global_holiday" time="0.322" /><testcase classname="tests.test_iteration_52_admin_settings_sidebar.TestAdminSettingsSidebarAndGlobalTrading" name="test_10_platform_settings_endpoint" time="0.270" /><testcase classname="tests.test_iteration_52_admin_settings_sidebar.TestAdminSettingsSidebarAndGlobalTrading" name="test_11_cleanup_test_products" time="0.321" /><testcase classname="tests.test_iteration_52_admin_settings_sidebar.TestAdminSettingsSidebarAndGlobalTrading" name="test_12_verify_onboarding_wizard_products_integration" time="0.352" /><testcase classname="tests.test_iteration_52_admin_settings_sidebar.TestAdminSettingsSidebarAndGlobalTrading" name="test_13_verify_onboarding_wizard_holidays_integration" time="0.270" /></testsuite></testsuites>