<?xml version="1.0" encoding="utf-8"?><testsuites name="pytest tests"><testsuite name="pytest" errors="0" failures="0" skipped="0" tests="9" time="3.263" timestamp="2026-03-10T08:21:02.483132+00:00" hostname="agent-env-031e028c-03e3-4a1a-97de-6bacacea077a"><testcase classname="tests.test_iteration_170_fixes.TestBackendFixes" name="test_backend_health" time="0.453" /><testcase classname="tests.test_iteration_170_fixes.TestBackendFixes" name="test_login_returns_access_token" time="0.651" /><testcase classname="tests.test_iteration_170_fixes.TestBackendFixes" name="test_family_routes_module_loads" time="0.363" /><testcase classname="tests.test_iteration_170_fixes.TestBackendFixes" name="test_licensee_daily_projection_endpoint" time="0.392" /><testcase classname="tests.test_iteration_170_fixes.TestBackendFixes" name="test_profit_summary_endpoint" time="0.380" /><testcase classname="tests.test_iteration_170_fixes.TestBackendFixes" name="test_ai_training_config_endpoint" time="0.375" /><testcase classname="tests.test_iteration_170_fixes.TestBackendFixes" name="test_habits_list_endpoint" time="0.369" /><testcase classname="tests.test_iteration_170_fixes.TestImportIntegrity" name="test_utils_trading_days_get_quarter_exists" time="0.208" /><testcase classname="tests.test_iteration_170_fixes.TestImportIntegrity" name="test_helpers_get_quarter_exists" time="0.045" /></testsuite></testsuites>