<?xml version="1.0" encoding="utf-8"?><testsuites name="pytest tests"><testsuite name="pytest" errors="0" failures="0" skipped="4" tests="14" time="2.788" timestamp="2026-01-11T09:26:51.377498+00:00" hostname="agent-env-273a8574-a1ab-4e53-81ad-a60be2e075da"><testcase classname="tests.test_iteration_23.TestSetPasswordEndpoint" name="test_verify_heartbeat_email" time="0.341" /><testcase classname="tests.test_iteration_23.TestSetPasswordEndpoint" name="test_set_password_creates_or_updates_account" time="0.451" /><testcase classname="tests.test_iteration_23.TestSetPasswordEndpoint" name="test_login_with_new_account" time="0.228" /><testcase classname="tests.test_iteration_23.TestLicenseCreationWithInitialDeposit" name="test_get_licenses_list" time="0.072" /><testcase classname="tests.test_iteration_23.TestLicenseCreationWithInitialDeposit" name="test_license_has_initial_deposit_transaction" time="0.109" /><testcase classname="tests.test_iteration_23.TestWithdrawalImmediateDeduction" name="test_get_current_balance" time="0.297"><skipped type="pytest.skip" message="User is not a licensee">/app/tests/test_iteration_23.py:157: User is not a licensee</skipped></testcase><testcase classname="tests.test_iteration_23.TestWithdrawalImmediateDeduction" name="test_withdrawal_deducts_immediately" time="0.334"><skipped type="pytest.skip" message="User is not a licensee">/app/tests/test_iteration_23.py:170: User is not a licensee</skipped></testcase><testcase classname="tests.test_iteration_23.TestDepositCompletionUpdatesBalance" name="test_deposit_pending_does_not_change_balance" time="0.262"><skipped type="pytest.skip" message="User is not a licensee">/app/tests/test_iteration_23.py:238: User is not a licensee</skipped></testcase><testcase classname="tests.test_iteration_23.TestAdminTransactionCompletion" name="test_get_all_transactions" time="0.074" /><testcase classname="tests.test_iteration_23.TestAdminTransactionCompletion" name="test_transaction_completion_updates_balance" time="0.109"><skipped type="pytest.skip" message="No pending deposits available for testing">/app/tests/test_iteration_23.py:316: No pending deposits available for testing</skipped></testcase><testcase classname="tests.test_iteration_23.TestLicenseeSimulationDialog" name="test_get_licenses_for_simulation" time="0.077" /><testcase classname="tests.test_iteration_23.TestLicenseeSimulationDialog" name="test_get_members_for_simulation" time="0.123" /><testcase classname="tests.test_iteration_23.TestLicenseeSimulationDialog" name="test_simulate_member_endpoint" time="0.127" /><testcase classname="tests.test_iteration_23.TestCurrentBalanceDisplay" name="test_balance_consistency_via_admin" time="0.114" /></testsuite></testsuites>