<?xml version="1.0" encoding="utf-8"?><testsuites name="pytest tests"><testsuite name="pytest" errors="0" failures="1" skipped="1" tests="10" time="3.280" timestamp="2026-01-15T05:11:08.223018+00:00" hostname="agent-env-d5a66d1c-e5e7-4aeb-8d1e-4ad81477273b"><testcase classname="tests.test_iteration_39_license_features.TestLicenseManagementFeatures" name="test_01_master_admin_login" time="0.328" /><testcase classname="tests.test_iteration_39_license_features.TestLicenseManagementFeatures" name="test_02_get_licenses_returns_user_timezone" time="0.270" /><testcase classname="tests.test_iteration_39_license_features.TestLicenseManagementFeatures" name="test_03_admin_can_update_member_profile" time="0.392" /><testcase classname="tests.test_iteration_39_license_features.TestLicenseManagementFeatures" name="test_04_reset_balance_syncs_with_user_account_value" time="0.299"><failure message="AssertionError: Old amount mismatch: expected 2153.05, got 2000.0&#10;assert 2000.0 == 2153.05">tests/test_iteration_39_license_features.py:159: in test_04_reset_balance_syncs_with_user_account_value
    assert result["old_amount"] == original_amount, f"Old amount mismatch: expected {original_amount}, got {result['old_amount']}"
E   AssertionError: Old amount mismatch: expected 2153.05, got 2000.0
E   assert 2000.0 == 2153.05</failure></testcase><testcase classname="tests.test_iteration_39_license_features.TestLicenseManagementFeatures" name="test_05_profit_summary_returns_license_balance_for_licensees" time="0.321"><skipped type="pytest.skip" message="Could not get licensee email">/app/tests/test_iteration_39_license_features.py:199: Could not get licensee email</skipped></testcase><testcase classname="tests.test_iteration_39_license_features.TestLicenseManagementFeatures" name="test_06_withdrawal_simulation_uses_license_balance" time="0.322" /><testcase classname="tests.test_iteration_39_license_features.TestLicenseManagementFeatures" name="test_07_licensees_cannot_set_starting_balance" time="0.309" /><testcase classname="tests.test_iteration_39_license_features.TestLicenseManagementFeatures" name="test_08_admin_update_member_endpoint" time="0.292" /><testcase classname="tests.test_iteration_39_license_features.TestLicenseManagementFeatures" name="test_09_license_list_shows_required_fields" time="0.269" /><testcase classname="tests.test_iteration_39_license_features.TestLicenseBalanceSync" name="test_10_balance_reset_creates_transaction_record" time="0.382" /></testsuite></testsuites>