<?xml version="1.0" encoding="utf-8"?><testsuites name="pytest tests"><testsuite name="pytest" errors="0" failures="0" skipped="0" tests="12" time="6.188" timestamp="2026-02-16T12:36:14.462119+00:00" hostname="agent-env-da2d8ba5-73c5-470f-a5b8-3737d8c7e24a"><testcase classname="backend.tests.test_iteration_106_p0_verification.TestVAPIDKeyFix" name="test_vapid_public_key_endpoint" time="0.598" /><testcase classname="backend.tests.test_iteration_106_p0_verification.TestHabitEndpoints" name="test_get_habits_list" time="0.542" /><testcase classname="backend.tests.test_iteration_106_p0_verification.TestHabitEndpoints" name="test_habit_completion_triggers_admin_push_logic" time="0.600" /><testcase classname="backend.tests.test_iteration_106_p0_verification.TestNotificationSubscription" name="test_push_subscribe_endpoint_exists" time="0.486" /><testcase classname="backend.tests.test_iteration_106_p0_verification.TestAdminEndpoints" name="test_activity_feed" time="0.515" /><testcase classname="backend.tests.test_iteration_106_p0_verification.TestTradeMonitor" name="test_signal_block_status" time="0.522" /><testcase classname="backend.tests.test_iteration_106_p0_verification.TestSettingsEndpoints" name="test_notice_banner_settings" time="0.451" /><testcase classname="backend.tests.test_iteration_106_p0_verification.TestSettingsEndpoints" name="test_promotion_popup_settings" time="0.544" /><testcase classname="backend.tests.test_iteration_106_p0_verification.TestAffiliateEndpoints" name="test_affiliate_resources" time="0.463" /><testcase classname="backend.tests.test_iteration_106_p0_verification.TestScreenshotUpload" name="test_upload_screenshot_endpoint_exists" time="0.568" /><testcase classname="backend.tests.test_iteration_106_p0_verification.TestResetTrackerSafetyRegression" name="test_reset_tracker_on_admin_account" time="0.826" /><testcase classname="backend.tests.test_iteration_106_p0_verification.TestResetTrackerSafetyRegression" name="test_verify_admin_role_protection_in_code" time="0.001" /></testsuite></testsuites>