<?xml version="1.0" encoding="utf-8"?><testsuites name="pytest tests"><testsuite name="pytest" errors="0" failures="1" skipped="0" tests="15" time="4.262" timestamp="2026-02-04T04:07:48.766615+00:00" hostname="agent-env-b73c7719-8ec1-416e-8151-45785665d974"><testcase classname="backend.tests.test_balance_endpoints.TestBalanceEndpoints" name="test_balance_on_date_endpoint_exists" time="0.312" /><testcase classname="backend.tests.test_balance_endpoints.TestBalanceEndpoints" name="test_balance_on_date_returns_correct_structure" time="0.276" /><testcase classname="backend.tests.test_balance_endpoints.TestBalanceEndpoints" name="test_balance_on_date_invalid_date_format" time="0.271" /><testcase classname="backend.tests.test_balance_endpoints.TestBalanceEndpoints" name="test_balance_on_date_historical" time="0.273" /><testcase classname="backend.tests.test_balance_endpoints.TestBalanceEndpoints" name="test_daily_balances_endpoint_exists" time="0.298" /><testcase classname="backend.tests.test_balance_endpoints.TestBalanceEndpoints" name="test_daily_balances_returns_correct_structure" time="0.270" /><testcase classname="backend.tests.test_balance_endpoints.TestBalanceEndpoints" name="test_daily_balances_entry_structure" time="0.273" /><testcase classname="backend.tests.test_balance_endpoints.TestBalanceEndpoints" name="test_daily_balances_invalid_date_format" time="0.267" /><testcase classname="backend.tests.test_balance_endpoints.TestBalanceEndpoints" name="test_daily_balances_start_after_end" time="0.268" /><testcase classname="backend.tests.test_balance_endpoints.TestBalanceEndpoints" name="test_daily_balances_historical_month" time="0.269" /><testcase classname="backend.tests.test_balance_endpoints.TestBalanceEndpoints" name="test_lot_size_calculation" time="0.281" /><testcase classname="backend.tests.test_balance_endpoints.TestBalanceConsistency" name="test_balance_consistency_between_endpoints" time="0.286" /><testcase classname="backend.tests.test_balance_endpoints.TestDashboardIntegration" name="test_profit_summary_endpoint" time="0.283" /><testcase classname="backend.tests.test_balance_endpoints.TestDashboardIntegration" name="test_login_flow" time="0.266" /><testcase classname="backend.tests.test_balance_endpoints.TestDashboardIntegration" name="test_no_trade_members_widget_data" time="0.272"><failure message="AssertionError: Expected list, got &lt;class 'dict'&gt;&#10;assert False&#10; +  where False = isinstance({'highest_earner': None, 'highest_profit': 0, 'missed_traders': [], 'team_profit_today': 0, ...}, list)">backend/tests/test_balance_endpoints.py:318: in test_no_trade_members_widget_data
    assert isinstance(data, list), f"Expected list, got {type(data)}"
E   AssertionError: Expected list, got &lt;class 'dict'&gt;
E   assert False
E    +  where False = isinstance({'highest_earner': None, 'highest_profit': 0, 'missed_traders': [], 'team_profit_today': 0, ...}, list)</failure></testcase></testsuite></testsuites>