<?xml version="1.0" encoding="utf-8"?><testsuites name="pytest tests"><testsuite name="pytest" errors="0" failures="2" skipped="0" tests="13" time="2.290" timestamp="2026-02-02T09:53:44.279369+00:00" hostname="agent-env-1095ef3d-bd4d-4db3-8e05-31e096872fed"><testcase classname="backend.tests.test_iteration_74.TestAuthentication" name="test_login_success" time="0.300" /><testcase classname="backend.tests.test_iteration_74.TestIssue1TradeDirection" name="test_get_active_signal" time="0.305" /><testcase classname="backend.tests.test_iteration_74.TestIssue1TradeDirection" name="test_trade_history_has_direction" time="0.034" /><testcase classname="backend.tests.test_iteration_74.TestIssue1TradeDirection" name="test_trade_history_signal_details" time="0.037" /><testcase classname="backend.tests.test_iteration_74.TestIssue3Notifications" name="test_notifications_endpoint_exists" time="0.293" /><testcase classname="backend.tests.test_iteration_74.TestIssue3Notifications" name="test_admin_sees_admin_notifications" time="0.038" /><testcase classname="backend.tests.test_iteration_74.TestIssue3Notifications" name="test_notifications_have_source_field" time="0.047" /><testcase classname="backend.tests.test_iteration_74.TestIssue3Notifications" name="test_member_notifications_collection_used" time="0.038" /><testcase classname="backend.tests.test_iteration_74.TestIssue4Email" name="test_send_simple_email_endpoint_exists" time="0.333"><failure message="AssertionError: send-simple-email endpoint should exist&#10;assert 404 != 404&#10; +  where 404 = &lt;Response [404]&gt;.status_code">backend/tests/test_iteration_74.py:183: in test_send_simple_email_endpoint_exists
    assert response.status_code != 404, "send-simple-email endpoint should exist"
E   AssertionError: send-simple-email endpoint should exist
E   assert 404 != 404
E    +  where 404 = &lt;Response [404]&gt;.status_code</failure></testcase><testcase classname="backend.tests.test_iteration_74.TestIssue4Email" name="test_email_history_endpoint" time="0.033"><failure message="AssertionError: Email history endpoint should exist&#10;assert 404 != 404&#10; +  where 404 = &lt;Response [404]&gt;.status_code">backend/tests/test_iteration_74.py:191: in test_email_history_endpoint
    assert response.status_code != 404, "Email history endpoint should exist"
E   AssertionError: Email history endpoint should exist
E   assert 404 != 404
E    +  where 404 = &lt;Response [404]&gt;.status_code</failure></testcase><testcase classname="backend.tests.test_iteration_74.TestMobileFeatures" name="test_trade_monitor_data_loads" time="0.411" /><testcase classname="backend.tests.test_iteration_74.TestMobileFeatures" name="test_trade_history_pagination" time="0.035" /><testcase classname="backend.tests.test_iteration_74.TestAdminNotifications" name="test_admin_notifications_endpoint" time="0.295" /></testsuite></testsuites>