<?xml version="1.0" encoding="utf-8"?><testsuites name="pytest tests"><testsuite name="pytest" errors="0" failures="0" skipped="0" tests="7" time="1.255" timestamp="2026-03-03T10:43:40.726565+00:00" hostname="agent-env-935608de-eee3-485e-bc51-d4a09b383221"><testcase classname="backend.tests.test_iteration_136_earning_actions.TestEarningActionsAPI" name="test_get_earning_actions_status" time="0.487" /><testcase classname="backend.tests.test_iteration_136_earning_actions.TestEarningActionsAPI" name="test_claim_join_community_double_claim_prevention" time="0.103" /><testcase classname="backend.tests.test_iteration_136_earning_actions.TestEarningActionsAPI" name="test_claim_first_trade_not_manually_claimable" time="0.111" /><testcase classname="backend.tests.test_iteration_136_earning_actions.TestEarningActionsAPI" name="test_retroactive_scan_returns_awarded_actions" time="0.116" /><testcase classname="backend.tests.test_iteration_136_earning_actions.TestEarningActionsAPI" name="test_earning_actions_awarded_status" time="0.106" /><testcase classname="backend.tests.test_iteration_136_earning_actions.TestEarningActionsAPI" name="test_one_time_vs_repeatable_actions" time="0.101" /><testcase classname="backend.tests.test_iteration_136_earning_actions.TestEarningActionsAPI" name="test_claimable_status" time="0.162" /></testsuite></testsuites>