<?xml version="1.0" encoding="utf-8"?><testsuites name="pytest tests"><testsuite name="pytest" errors="0" failures="0" skipped="0" tests="8" time="0.595" timestamp="2026-01-20T16:16:26.653473+00:00" hostname="agent-env-60d5d7b3-b079-4bd1-8f22-6f29105a5310"><testcase classname="tests.test_iteration_64_licensee_fixes.TestLicenseeAPIs" name="test_get_licenses_endpoint" time="0.321" /><testcase classname="tests.test_iteration_64_licensee_fixes.TestLicenseeAPIs" name="test_licensee_total_profit_calculation" time="0.011" /><testcase classname="tests.test_iteration_64_licensee_fixes.TestLicenseeAPIs" name="test_get_member_details_for_licensee" time="0.064" /><testcase classname="tests.test_iteration_64_licensee_fixes.TestLicenseeAPIs" name="test_licensee_daily_projection_endpoint" time="0.009" /><testcase classname="tests.test_iteration_64_licensee_fixes.TestLicenseeAPIs" name="test_master_admin_trades_endpoint" time="0.048" /><testcase classname="tests.test_iteration_64_licensee_fixes.TestLicenseTradeOverrides" name="test_get_license_trade_overrides" time="0.018" /><testcase classname="tests.test_iteration_64_licensee_fixes.TestProfitSummary" name="test_profit_summary_endpoint" time="0.050" /><testcase classname="tests.test_iteration_64_licensee_fixes.TestTradeLogsAPI" name="test_get_trade_logs" time="0.010" /></testsuite></testsuites>