<?xml version="1.0" encoding="utf-8"?><testsuites name="pytest tests"><testsuite name="pytest" errors="0" failures="0" skipped="0" tests="14" time="4.313" timestamp="2026-01-16T23:23:59.577792+00:00" hostname="agent-env-d1f9bc88-7eab-415f-8bea-a71b0948d980"><testcase classname="tests.test_iteration_47_lot_size_fixes.TestLotSizeCalculationFixes" name="test_01_login_master_admin" time="0.296" /><testcase classname="tests.test_iteration_47_lot_size_fixes.TestLotSizeCalculationFixes" name="test_02_profit_summary_returns_correct_account_value" time="0.274" /><testcase classname="tests.test_iteration_47_lot_size_fixes.TestLotSizeCalculationFixes" name="test_03_deposits_include_is_withdrawal_and_type_fields" time="0.307" /><testcase classname="tests.test_iteration_47_lot_size_fixes.TestLotSizeCalculationFixes" name="test_04_withdrawals_endpoint_returns_negative_amounts" time="0.312" /><testcase classname="tests.test_iteration_47_lot_size_fixes.TestLotSizeCalculationFixes" name="test_05_lot_size_calculation_matches_formula" time="0.271" /><testcase classname="tests.test_iteration_47_lot_size_fixes.TestLotSizeCalculationFixes" name="test_06_calculate_exit_endpoint" time="0.328" /><testcase classname="tests.test_iteration_47_lot_size_fixes.TestLotSizeCalculationFixes" name="test_07_verify_deposit_amounts_match_expected" time="0.273" /><testcase classname="tests.test_iteration_47_lot_size_fixes.TestLotSizeCalculationFixes" name="test_08_trade_logs_endpoint" time="0.269" /><testcase classname="tests.test_iteration_47_lot_size_fixes.TestLotSizeCalculationFixes" name="test_09_streak_endpoint" time="0.306" /><testcase classname="tests.test_iteration_47_lot_size_fixes.TestLotSizeCalculationFixes" name="test_10_withdrawal_simulation" time="0.279" /><testcase classname="tests.test_iteration_47_lot_size_fixes.TestLotSizeCalculationFixes" name="test_11_active_signal_endpoint" time="0.289" /><testcase classname="tests.test_iteration_47_lot_size_fixes.TestLotSizeCalculationFixes" name="test_12_verify_account_value_formula" time="0.335" /><testcase classname="tests.test_iteration_47_lot_size_fixes.TestLotSizeCalculationFixes" name="test_13_lot_size_consistency_check" time="0.308" /><testcase classname="tests.test_iteration_47_lot_size_fixes.TestLotSizeCalculationFixes" name="test_14_daily_projection_data_structure" time="0.378" /></testsuite></testsuites>