<?xml version="1.0" encoding="utf-8"?><testsuites name="pytest tests"><testsuite name="pytest" errors="0" failures="0" skipped="0" tests="15" time="15.812" timestamp="2026-03-10T04:43:10.467705+00:00" hostname="agent-env-74958ebd-a646-472d-abf7-9016d6bfc6d0"><testcase classname="tests.test_iteration_162_ai_assistant.TestAIAssistantEndpoints" name="test_list_assistants" time="0.432" /><testcase classname="tests.test_iteration_162_ai_assistant.TestAIAssistantEndpoints" name="test_chat_creates_session" time="1.631" /><testcase classname="tests.test_iteration_162_ai_assistant.TestAIAssistantEndpoints" name="test_chat_continues_session" time="3.057" /><testcase classname="tests.test_iteration_162_ai_assistant.TestAIAssistantEndpoints" name="test_get_sessions" time="0.409" /><testcase classname="tests.test_iteration_162_ai_assistant.TestAIAssistantEndpoints" name="test_get_sessions_filtered_by_assistant" time="0.375" /><testcase classname="tests.test_iteration_162_ai_assistant.TestAIAssistantEndpoints" name="test_get_session_messages" time="1.346" /><testcase classname="tests.test_iteration_162_ai_assistant.TestAIAssistantEndpoints" name="test_admin_get_config" time="0.383" /><testcase classname="tests.test_iteration_162_ai_assistant.TestAIAssistantEndpoints" name="test_admin_update_config" time="0.559" /><testcase classname="tests.test_iteration_162_ai_assistant.TestAIAssistantEndpoints" name="test_admin_add_training_knowledge" time="0.414" /><testcase classname="tests.test_iteration_162_ai_assistant.TestAIAssistantEndpoints" name="test_admin_get_knowledge" time="0.389" /><testcase classname="tests.test_iteration_162_ai_assistant.TestAIAssistantEndpoints" name="test_admin_get_knowledge_filtered" time="0.391" /><testcase classname="tests.test_iteration_162_ai_assistant.TestAIAssistantEndpoints" name="test_admin_get_stats" time="0.404" /><testcase classname="tests.test_iteration_162_ai_assistant.TestAIAssistantEndpoints" name="test_admin_get_unanswered" time="0.371" /><testcase classname="tests.test_iteration_162_ai_assistant.TestAIAssistantEndpoints" name="test_delete_session" time="1.440" /><testcase classname="tests.test_iteration_162_ai_assistant.TestChatWithZxAI" name="test_zxai_chat_response" time="4.148" /></testsuite></testsuites>