<?xml version="1.0" encoding="utf-8"?><testsuites name="pytest tests"><testsuite name="pytest" errors="0" failures="0" skipped="0" tests="13" time="2.754" timestamp="2026-03-10T09:02:53.214781+00:00" hostname="agent-env-031e028c-03e3-4a1a-97de-6bacacea077a"><testcase classname="tests.test_iteration_172_onboarding.TestHealthAndAuth" name="test_health_endpoint" time="0.118" /><testcase classname="tests.test_iteration_172_onboarding.TestHealthAndAuth" name="test_login_success" time="0.360" /><testcase classname="tests.test_iteration_172_onboarding.TestOnboardingChecklist" name="test_get_checklist_returns_7_steps" time="0.436" /><testcase classname="tests.test_iteration_172_onboarding.TestOnboardingChecklist" name="test_checklist_step_has_required_fields" time="0.101" /><testcase classname="tests.test_iteration_172_onboarding.TestOnboardingChecklist" name="test_update_step_completes_successfully" time="0.097" /><testcase classname="tests.test_iteration_172_onboarding.TestOnboardingChecklist" name="test_update_step_invalid_key_returns_400" time="0.114" /><testcase classname="tests.test_iteration_172_onboarding.TestMerinReferralCode" name="test_update_merin_code_via_onboarding" time="0.100" /><testcase classname="tests.test_iteration_172_onboarding.TestMerinReferralCode" name="test_update_merin_code_via_profile" time="0.324" /><testcase classname="tests.test_iteration_172_onboarding.TestMerinReferralCode" name="test_get_invite_link" time="0.253" /><testcase classname="tests.test_iteration_172_onboarding.TestLicenseProjections" name="test_license_projections_non_zero" time="0.117" /><testcase classname="tests.test_iteration_172_onboarding.TestAIModels" name="test_ai_models_returns_many_models" time="0.257" /><testcase classname="tests.test_iteration_172_onboarding.TestPlatformSettings" name="test_settings_endpoint_accessible" time="0.101" /><testcase classname="tests.test_iteration_172_onboarding.TestCrossplatformOnboardingAPI" name="test_external_status_endpoint" time="0.324" /></testsuite></testsuites>