<?xml version="1.0" encoding="utf-8"?><testsuites name="pytest tests"><testsuite name="pytest" errors="0" failures="0" skipped="0" tests="8" time="5.378" timestamp="2026-02-17T06:26:38.972321+00:00" hostname="agent-env-da2d8ba5-73c5-470f-a5b8-3737d8c7e24a"><testcase classname="backend.tests.test_iteration_109_validity_days.TestValidityDaysFeature" name="test_01_admin_login_returns_access_token" time="0.931" /><testcase classname="backend.tests.test_iteration_109_validity_days.TestValidityDaysFeature" name="test_02_create_habit_with_validity_days" time="0.481" /><testcase classname="backend.tests.test_iteration_109_validity_days.TestValidityDaysFeature" name="test_03_get_admin_habits_includes_validity_days" time="0.784" /><testcase classname="backend.tests.test_iteration_109_validity_days.TestValidityDaysFeature" name="test_04_update_habit_with_validity_days" time="0.782" /><testcase classname="backend.tests.test_iteration_109_validity_days.TestValidityDaysFeature" name="test_05_member_habits_returns_gate_status" time="0.467" /><testcase classname="backend.tests.test_iteration_109_validity_days.TestValidityDaysFeature" name="test_06_complete_habit_and_check_gate_deadline" time="0.939" /><testcase classname="backend.tests.test_iteration_109_validity_days.TestValidityDaysFeature" name="test_07_signal_block_status_includes_gate_deadline" time="0.464" /><testcase classname="backend.tests.test_iteration_109_validity_days.TestExistingHabitsValidity" name="test_existing_habits_have_validity_days" time="0.464" /></testsuite></testsuites>