<?xml version="1.0" encoding="utf-8"?><testsuites name="pytest tests"><testsuite name="pytest" errors="0" failures="8" skipped="0" tests="12" time="4.917" timestamp="2026-02-22T05:55:33.251798+00:00" hostname="agent-env-1e3ec0ac-b27d-4c71-9eac-1a6bc33edd5b"><testcase classname="backend.tests.test_iteration_116_seven_bugs.TestAuthentication" name="test_admin_login" time="0.403"><failure message="AssertionError: No token in admin login response&#10;assert 'token' in {'access_token': 'eyJhbGciOiJIUzI1NiIsInR5cCI6IkpXVCJ9.eyJzdWIiOiJiNDYyOGUzZS05ZGVjLTQyZWYtOGM3NS1kY2JhMDgxOTRjZDIiLCJlbWFpbCI6ImlhbUByeWFuc2FsdmFkb3IuY29tIiwicm9sZSI6Im1hc3Rlcl9hZG1pbiIsImV4cCI6MTc3MTgyNjEzM30.E1-oAYQHrdirRTwkX4fyzAwBzmvLBWiTcENAsCKqxbQ', 'token_type': 'bearer', 'user': {'allowed_dashboards': ['dashboard', 'profit_tracker', 'trade_monitor', 'habits', 'affiliate', 'profile'], 'created_at': '2026-01-10T09:23:24.715077+00:00', 'email': 'iam@ryansalvador.com', 'full_name': 'Ryan Salvador', ...}}">backend/tests/test_iteration_116_seven_bugs.py:40: in test_admin_login
    assert "token" in data, "No token in admin login response"
E   AssertionError: No token in admin login response
E   assert 'token' in {'access_token': 'eyJhbGciOiJIUzI1NiIsInR5cCI6IkpXVCJ9.eyJzdWIiOiJiNDYyOGUzZS05ZGVjLTQyZWYtOGM3NS1kY2JhMDgxOTRjZDIiLCJlbWFpbCI6ImlhbUByeWFuc2FsdmFkb3IuY29tIiwicm9sZSI6Im1hc3Rlcl9hZG1pbiIsImV4cCI6MTc3MTgyNjEzM30.E1-oAYQHrdirRTwkX4fyzAwBzmvLBWiTcENAsCKqxbQ', 'token_type': 'bearer', 'user': {'allowed_dashboards': ['dashboard', 'profit_tracker', 'trade_monitor', 'habits', 'affiliate', 'profile'], 'created_at': '2026-01-10T09:23:24.715077+00:00', 'email': 'iam@ryansalvador.com', 'full_name': 'Ryan Salvador', ...}}</failure></testcase><testcase classname="backend.tests.test_iteration_116_seven_bugs.TestAuthentication" name="test_licensee_login" time="0.327"><failure message="AssertionError: No token in licensee login response&#10;assert 'token' in {'access_token': 'eyJhbGciOiJIUzI1NiIsInR5cCI6IkpXVCJ9.eyJzdWIiOiIxOWNjYjlkNy0xMzlmLTQ5MTgtYTY2Mi1hZDcyNDgzMDEwYjEiLCJlbWFpbCI6InJpenphLm1pbGVzQGdtYWlsLmNvbSIsInJvbGUiOiJtZW1iZXIiLCJleHAiOjE3NzE4MjYxMzR9.Pa1hfe0CY3EySeKdQdxbKr-j4u3lAEWViNe0dNBuceg', 'token_type': 'bearer', 'user': {'allowed_dashboards': ['dashboard', 'profit_tracker', 'trade_monitor', 'habits', 'affiliate', 'profile'], 'created_at': '2026-01-10T10:00:00+00:00', 'email': 'rizza.miles@gmail.com', 'full_name': 'Rizza Miles', ...}}">backend/tests/test_iteration_116_seven_bugs.py:52: in test_licensee_login
    assert "token" in data, "No token in licensee login response"
E   AssertionError: No token in licensee login response
E   assert 'token' in {'access_token': 'eyJhbGciOiJIUzI1NiIsInR5cCI6IkpXVCJ9.eyJzdWIiOiIxOWNjYjlkNy0xMzlmLTQ5MTgtYTY2Mi1hZDcyNDgzMDEwYjEiLCJlbWFpbCI6InJpenphLm1pbGVzQGdtYWlsLmNvbSIsInJvbGUiOiJtZW1iZXIiLCJleHAiOjE3NzE4MjYxMzR9.Pa1hfe0CY3EySeKdQdxbKr-j4u3lAEWViNe0dNBuceg', 'token_type': 'bearer', 'user': {'allowed_dashboards': ['dashboard', 'profit_tracker', 'trade_monitor', 'habits', 'affiliate', 'profile'], 'created_at': '2026-01-10T10:00:00+00:00', 'email': 'rizza.miles@gmail.com', 'full_name': 'Rizza Miles', ...}}</failure></testcase><testcase classname="backend.tests.test_iteration_116_seven_bugs.TestIssue1_3_4_StaleData" name="test_profit_summary_has_dynamic_values" time="0.471"><failure message="AssertionError: Profit summary failed: {&quot;detail&quot;:&quot;Invalid token&quot;}&#10;assert 401 == 200&#10; +  where 401 = &lt;Response [401]&gt;.status_code">backend/tests/test_iteration_116_seven_bugs.py:72: in test_profit_summary_has_dynamic_values
    assert response.status_code == 200, f"Profit summary failed: {response.text}"
E   AssertionError: Profit summary failed: {"detail":"Invalid token"}
E   assert 401 == 200
E    +  where 401 = &lt;Response [401]&gt;.status_code</failure></testcase><testcase classname="backend.tests.test_iteration_116_seven_bugs.TestIssue2_IncorrectProfit" name="test_profit_summary_actual_profit_not_zero" time="0.423"><failure message="assert 401 == 200&#10; +  where 401 = &lt;Response [401]&gt;.status_code">backend/tests/test_iteration_116_seven_bugs.py:116: in test_profit_summary_actual_profit_not_zero
    assert response.status_code == 200
E   assert 401 == 200
E    +  where 401 = &lt;Response [401]&gt;.status_code</failure></testcase><testcase classname="backend.tests.test_iteration_116_seven_bugs.TestIssue3_ProjectionHistory" name="test_daily_projection_starts_from_effective_date" time="0.438"><failure message="AssertionError: Daily projection failed: {&quot;detail&quot;:&quot;Invalid token&quot;}&#10;assert 401 == 200&#10; +  where 401 = &lt;Response [401]&gt;.status_code">backend/tests/test_iteration_116_seven_bugs.py:143: in test_daily_projection_starts_from_effective_date
    assert response.status_code == 200, f"Daily projection failed: {response.text}"
E   AssertionError: Daily projection failed: {"detail":"Invalid token"}
E   assert 401 == 200
E    +  where 401 = &lt;Response [401]&gt;.status_code</failure></testcase><testcase classname="backend.tests.test_iteration_116_seven_bugs.TestIssue4_ForgotPassword" name="test_forgot_password_endpoint_exists" time="0.107" /><testcase classname="backend.tests.test_iteration_116_seven_bugs.TestIssue4_ForgotPassword" name="test_reset_password_with_token" time="0.784" /><testcase classname="backend.tests.test_iteration_116_seven_bugs.TestIssue4_ForgotPassword" name="test_invalid_reset_token" time="0.100" /><testcase classname="backend.tests.test_iteration_116_seven_bugs.TestIssue5_YearProjections" name="test_year_projections_endpoint" time="0.439"><failure message="AssertionError: Year projections failed: {&quot;detail&quot;:&quot;Invalid token&quot;}&#10;assert 401 == 200&#10; +  where 401 = &lt;Response [401]&gt;.status_code">backend/tests/test_iteration_116_seven_bugs.py:247: in test_year_projections_endpoint
    assert response.status_code == 200, f"Year projections failed: {response.text}"
E   AssertionError: Year projections failed: {"detail":"Invalid token"}
E   assert 401 == 200
E    +  where 401 = &lt;Response [401]&gt;.status_code</failure></testcase><testcase classname="backend.tests.test_iteration_116_seven_bugs.TestIssue6_LicenseConversion" name="test_honorary_fa_to_honorary_conversion_preserves_data" time="0.420"><failure message="assert 401 == 200&#10; +  where 401 = &lt;Response [401]&gt;.status_code">backend/tests/test_iteration_116_seven_bugs.py:277: in test_honorary_fa_to_honorary_conversion_preserves_data
    assert get_response.status_code == 200
E   assert 401 == 200
E    +  where 401 = &lt;Response [401]&gt;.status_code</failure></testcase><testcase classname="backend.tests.test_iteration_116_seven_bugs.TestIssue7_AdminFamilyMember" name="test_admin_can_add_family_member_endpoint_exists" time="0.431" /><testcase classname="backend.tests.test_iteration_116_seven_bugs.TestTotalTradesCount" name="test_total_trades_is_master_admin_trade_days" time="0.442"><failure message="assert 401 == 200&#10; +  where 401 = &lt;Response [401]&gt;.status_code">backend/tests/test_iteration_116_seven_bugs.py:419: in test_total_trades_is_master_admin_trade_days
    assert response.status_code == 200
E   assert 401 == 200
E    +  where 401 = &lt;Response [401]&gt;.status_code</failure></testcase></testsuite></testsuites>