<?xml version="1.0" encoding="utf-8"?><testsuites name="pytest tests"><testsuite name="pytest" errors="0" failures="3" skipped="0" tests="12" time="2.704" timestamp="2026-02-17T21:37:05.440119+00:00" hostname="agent-env-b615b3c1-9c5e-4464-aa86-f6ea9a00d0b7"><testcase classname="backend.tests.test_iteration_111_family_accounts.TestFamilyAccountFeature" name="test_01_verify_rizza_is_honorary_fa" time="0.602"><failure message="AssertionError: Expected honorary_fa, got None&#10;assert None == 'honorary_fa'&#10; +  where None = &lt;built-in method get of dict object at 0xfc106355a780&gt;('license_type')&#10; +    where &lt;built-in method get of dict object at 0xfc106355a780&gt; = {}.get">backend/tests/test_iteration_111_family_accounts.py:58: in test_01_verify_rizza_is_honorary_fa
    assert member.get("license_type") == "honorary_fa", f"Expected honorary_fa, got {member.get('license_type')}"
E   AssertionError: Expected honorary_fa, got None
E   assert None == 'honorary_fa'
E    +  where None = &lt;built-in method get of dict object at 0xfc106355a780&gt;('license_type')
E    +    where &lt;built-in method get of dict object at 0xfc106355a780&gt; = {}.get</failure></testcase><testcase classname="backend.tests.test_iteration_111_family_accounts.TestFamilyAccountFeature" name="test_02_get_family_members" time="0.212" /><testcase classname="backend.tests.test_iteration_111_family_accounts.TestFamilyAccountFeature" name="test_03_create_family_member" time="0.135" /><testcase classname="backend.tests.test_iteration_111_family_accounts.TestFamilyAccountFeature" name="test_04_get_family_member_projections" time="0.136" /><testcase classname="backend.tests.test_iteration_111_family_accounts.TestFamilyAccountFeature" name="test_05_simulate_includes_family_members" time="0.134" /><testcase classname="backend.tests.test_iteration_111_family_accounts.TestFamilyAccountFeature" name="test_06_independent_profit_calculation" time="0.307" /><testcase classname="backend.tests.test_iteration_111_family_accounts.TestFamilyAccountFeature" name="test_07_reject_non_honorary_fa" time="0.321" /><testcase classname="backend.tests.test_iteration_111_family_accounts.TestFamilyAccountFeature" name="test_08_family_member_limit" time="0.201" /><testcase classname="backend.tests.test_iteration_111_family_accounts.TestFamilyAccountFeature" name="test_09_regression_admin_habits_get" time="0.129" /><testcase classname="backend.tests.test_iteration_111_family_accounts.TestFamilyAccountFeature" name="test_10_regression_admin_habits_post" time="0.162"><failure message="AssertionError: Create habit failed: 422&#10;assert 422 == 200&#10; +  where 422 = &lt;Response [422]&gt;.status_code">backend/tests/test_iteration_111_family_accounts.py:322: in test_10_regression_admin_habits_post
    assert response.status_code == 200, f"Create habit failed: {response.status_code}"
E   AssertionError: Create habit failed: 422
E   assert 422 == 200
E    +  where 422 = &lt;Response [422]&gt;.status_code</failure></testcase><testcase classname="backend.tests.test_iteration_111_family_accounts.TestFamilyAccountFeature" name="test_11_regression_admin_habits_delete" time="0.153"><failure message="assert 422 == 200&#10; +  where 422 = &lt;Response [422]&gt;.status_code">backend/tests/test_iteration_111_family_accounts.py:339: in test_11_regression_admin_habits_delete
    assert response.status_code == 200
E   assert 422 == 200
E    +  where 422 = &lt;Response [422]&gt;.status_code</failure></testcase><testcase classname="backend.tests.test_iteration_111_family_accounts.TestFamilyAccountFeature" name="test_99_cleanup_test_data" time="0.105" /></testsuite></testsuites>