<?xml version="1.0" encoding="utf-8"?><testsuites name="pytest tests"><testsuite name="pytest" errors="0" failures="0" skipped="0" tests="14" time="2.417" timestamp="2026-03-11T17:15:36.848563+00:00" hostname="agent-env-98d3a8a9-9ba0-4660-bc4e-558f80e5a4af"><testcase classname="tests.test_iteration_183_features.TestStatsOverviewEndpoint" name="test_stats_overview_returns_200" time="0.470" /><testcase classname="tests.test_iteration_183_features.TestStatsOverviewEndpoint" name="test_stats_overview_has_required_fields" time="0.156" /><testcase classname="tests.test_iteration_183_features.TestStatsOverviewEndpoint" name="test_stats_overview_values_are_non_negative" time="0.145" /><testcase classname="tests.test_iteration_183_features.TestMemberListFiltering" name="test_default_member_list_returns_200" time="0.110" /><testcase classname="tests.test_iteration_183_features.TestMemberListFiltering" name="test_default_member_list_excludes_suspended" time="0.114" /><testcase classname="tests.test_iteration_183_features.TestMemberListFiltering" name="test_suspended_filter_only_shows_suspended" time="0.102" /><testcase classname="tests.test_iteration_183_features.TestMemberListFiltering" name="test_active_filter_excludes_suspended" time="0.107" /><testcase classname="tests.test_iteration_183_features.TestMemberListFiltering" name="test_member_counts_consistency" time="0.260" /><testcase classname="tests.test_iteration_183_features.TestSuspendUnsuspendFlow" name="test_suspend_endpoint_exists" time="0.132" /><testcase classname="tests.test_iteration_183_features.TestSuspendUnsuspendFlow" name="test_unsuspend_endpoint_exists" time="0.106" /><testcase classname="tests.test_iteration_183_features.TestRegression" name="test_login_still_works" time="0.334" /><testcase classname="tests.test_iteration_183_features.TestRegression" name="test_onboarding_endpoint_accepts_valid_payload" time="0.123" /><testcase classname="tests.test_iteration_183_features.TestRegression" name="test_rewards_summary_returns_streak" time="0.103" /><testcase classname="tests.test_iteration_183_features.TestSchedulerJobs" name="test_server_health" time="0.129" /></testsuite></testsuites>