<?xml version="1.0" encoding="utf-8"?><testsuites name="pytest tests"><testsuite name="pytest" errors="0" failures="0" skipped="0" tests="5" time="1.603" timestamp="2026-01-27T12:47:01.725971+00:00" hostname="agent-env-a661057d-39f2-4d1b-bb1d-aa0447aaf384"><testcase classname="backend.tests.test_trading_start_date.TestTradingStartDateFields" name="test_login_returns_trading_fields" time="0.302" /><testcase classname="backend.tests.test_trading_start_date.TestTradingStartDateFields" name="test_auth_me_returns_trading_fields" time="0.303" /><testcase classname="backend.tests.test_trading_start_date.TestTradingStartDateFields" name="test_experienced_user_has_correct_trading_type" time="0.335" /><testcase classname="backend.tests.test_trading_start_date.TestTradingStartDateFields" name="test_trading_start_date_format" time="0.304" /><testcase classname="backend.tests.test_trading_start_date.TestUserResponseModel" name="test_user_response_schema" time="0.311" /></testsuite></testsuites>