<?xml version="1.0" encoding="utf-8"?><testsuites name="pytest tests"><testsuite name="pytest" errors="0" failures="0" skipped="0" tests="8" time="2.889" timestamp="2026-02-03T16:44:28.545176+00:00" hostname="agent-env-a24e0721-baae-4026-b795-11b0d350a424"><testcase classname="backend.tests.test_iteration_78.TestAuth" name="test_admin_login" time="0.312" /><testcase classname="backend.tests.test_iteration_78.TestIssue3_SimulatedMemberTradeHistory" name="test_trade_history_endpoint_accepts_user_id" time="0.430" /><testcase classname="backend.tests.test_iteration_78.TestIssue2_TradeAdjustmentReplaces" name="test_undo_trade_by_date_endpoint_exists" time="0.301" /><testcase classname="backend.tests.test_iteration_78.TestIssue5_EmailFunction" name="test_send_email_endpoint_accepts_json_body" time="0.980" /><testcase classname="backend.tests.test_iteration_78.TestMissedTradersWidget" name="test_missed_trades_endpoint" time="0.372" /><testcase classname="backend.tests.test_iteration_78.TestMissedTradersWidget" name="test_today_stats_endpoint" time="0.071" /><testcase classname="backend.tests.test_iteration_78.TestTradeHistoryAPI" name="test_trade_history_pagination" time="0.304" /><testcase classname="backend.tests.test_iteration_78.TestActiveSignal" name="test_active_signal_endpoint" time="0.053" /></testsuite></testsuites>