<?xml version="1.0" encoding="utf-8"?><testsuites name="pytest tests"><testsuite name="pytest" errors="0" failures="0" skipped="0" tests="13" time="1.145" timestamp="2026-01-12T12:59:34.522387+00:00" hostname="agent-env-ff70a431-4897-47c7-9a8f-f069383a09cb"><testcase classname="tests.test_iteration_35_report_generation.TestReportGenerationAPI" name="test_health_check" time="0.089" /><testcase classname="tests.test_iteration_35_report_generation.TestReportGenerationAPI" name="test_login_success" time="0.060" /><testcase classname="tests.test_iteration_35_report_generation.TestReportGenerationAPI" name="test_report_base64_endpoint_daily" time="0.064" /><testcase classname="tests.test_iteration_35_report_generation.TestReportGenerationAPI" name="test_report_base64_endpoint_weekly" time="0.081" /><testcase classname="tests.test_iteration_35_report_generation.TestReportGenerationAPI" name="test_report_base64_endpoint_monthly" time="0.062" /><testcase classname="tests.test_iteration_35_report_generation.TestReportGenerationAPI" name="test_report_base64_default_period" time="0.091" /><testcase classname="tests.test_iteration_35_report_generation.TestReportGenerationAPI" name="test_report_image_endpoint_daily" time="0.068" /><testcase classname="tests.test_iteration_35_report_generation.TestReportGenerationAPI" name="test_report_image_endpoint_weekly" time="0.105" /><testcase classname="tests.test_iteration_35_report_generation.TestReportGenerationAPI" name="test_report_image_endpoint_monthly" time="0.064" /><testcase classname="tests.test_iteration_35_report_generation.TestReportGenerationAPI" name="test_report_image_default_period" time="0.113" /><testcase classname="tests.test_iteration_35_report_generation.TestReportGenerationAPI" name="test_report_requires_authentication" time="0.094" /><testcase classname="tests.test_iteration_35_report_generation.TestReportGenerationAPI" name="test_report_stats_values_are_numeric" time="0.062" /><testcase classname="tests.test_iteration_35_report_generation.TestProfitTrackerSummary" name="test_profit_summary_endpoint" time="0.091" /></testsuite></testsuites>