<?xml version="1.0" encoding="utf-8"?><testsuites name="pytest tests"><testsuite name="pytest" errors="0" failures="0" skipped="0" tests="15" time="2.766" timestamp="2026-02-25T05:57:16.644484+00:00" hostname="agent-env-a4e23cfd-f80c-4c17-b06a-1be49fee1b6f"><testcase classname="backend.tests.test_iteration_129_rewards_phase34.TestBadgeDefinitions" name="test_get_badge_definitions" time="0.124" /><testcase classname="backend.tests.test_iteration_129_rewards_phase34.TestUserBadges" name="test_get_user_badges_requires_auth" time="0.113" /><testcase classname="backend.tests.test_iteration_129_rewards_phase34.TestUserBadges" name="test_get_user_badges_with_auth" time="0.438" /><testcase classname="backend.tests.test_iteration_129_rewards_phase34.TestAdminUserSearch" name="test_search_users_requires_admin" time="0.096" /><testcase classname="backend.tests.test_iteration_129_rewards_phase34.TestAdminUserSearch" name="test_search_users_min_chars" time="0.100" /><testcase classname="backend.tests.test_iteration_129_rewards_phase34.TestAdminUserSearch" name="test_search_users_by_name_ryan" time="0.101" /><testcase classname="backend.tests.test_iteration_129_rewards_phase34.TestAdminUserSearch" name="test_search_users_by_name_riz" time="0.095" /><testcase classname="backend.tests.test_iteration_129_rewards_phase34.TestAdminBadgeManagement" name="test_admin_get_all_badges_requires_admin" time="0.096" /><testcase classname="backend.tests.test_iteration_129_rewards_phase34.TestAdminBadgeManagement" name="test_admin_get_all_badges" time="0.102" /><testcase classname="backend.tests.test_iteration_129_rewards_phase34.TestAdminBadgeManagement" name="test_admin_update_badge_requires_master_admin" time="0.198" /><testcase classname="backend.tests.test_iteration_129_rewards_phase34.TestAdminBadgeManagement" name="test_admin_update_badge_name_description" time="0.208" /><testcase classname="backend.tests.test_iteration_129_rewards_phase34.TestAdminPointAdjustment" name="test_adjust_points_requires_admin" time="0.101" /><testcase classname="backend.tests.test_iteration_129_rewards_phase34.TestAdminPointAdjustment" name="test_adjust_points_credit" time="0.458" /><testcase classname="backend.tests.test_iteration_129_rewards_phase34.TestAdminPointAdjustment" name="test_adjust_points_deduct" time="0.350" /><testcase classname="backend.tests.test_iteration_129_rewards_phase34.TestBadgeNotFound" name="test_update_nonexistent_badge" time="0.110" /></testsuite></testsuites>