<?xml version="1.0" encoding="utf-8"?><testsuites name="pytest tests"><testsuite name="pytest" errors="0" failures="0" skipped="0" tests="10" time="1.695" timestamp="2026-02-25T05:36:48.457318+00:00" hostname="agent-env-a4e23cfd-f80c-4c17-b06a-1be49fee1b6f"><testcase classname="backend.tests.test_iteration_128_rewards_leaderboard.TestRewardsAPIEndpoints" name="test_leaderboard_full_monthly" time="0.175" /><testcase classname="backend.tests.test_iteration_128_rewards_leaderboard.TestRewardsAPIEndpoints" name="test_leaderboard_full_alltime" time="0.103" /><testcase classname="backend.tests.test_iteration_128_rewards_leaderboard.TestRewardsAPIEndpoints" name="test_rewards_summary_valid_user" time="0.108" /><testcase classname="backend.tests.test_iteration_128_rewards_leaderboard.TestRewardsAPIEndpoints" name="test_rewards_summary_unknown_user" time="0.136" /><testcase classname="backend.tests.test_iteration_128_rewards_leaderboard.TestRewardsAPIEndpoints" name="test_leaderboard_user_position" time="0.163" /><testcase classname="backend.tests.test_iteration_128_rewards_leaderboard.TestRewardsAPIEndpoints" name="test_rewards_history_authenticated" time="0.502" /><testcase classname="backend.tests.test_iteration_128_rewards_leaderboard.TestRewardsAPIEndpoints" name="test_rewards_history_admin_view_other_user" time="0.098" /><testcase classname="backend.tests.test_iteration_128_rewards_leaderboard.TestRewardsAPIEndpoints" name="test_rewards_history_unauthenticated" time="0.104" /><testcase classname="backend.tests.test_iteration_128_rewards_leaderboard.TestRewardsAPIEndpoints" name="test_leaderboard_pagination_limit" time="0.129" /><testcase classname="backend.tests.test_iteration_128_rewards_leaderboard.TestLeaderboardPodiumData" name="test_top_three_for_podium" time="0.101" /></testsuite></testsuites>