<?xml version="1.0" encoding="utf-8"?><testsuites name="pytest tests"><testsuite name="pytest" errors="0" failures="0" skipped="0" tests="15" time="16.492" timestamp="2026-03-10T04:56:41.596754+00:00" hostname="agent-env-74958ebd-a646-472d-abf7-9016d6bfc6d0"><testcase classname="tests.test_iteration_162_ai_assistant.TestAIAssistantEndpoints" name="test_list_assistants" time="0.463" /><testcase classname="tests.test_iteration_162_ai_assistant.TestAIAssistantEndpoints" name="test_chat_creates_session" time="1.721" /><testcase classname="tests.test_iteration_162_ai_assistant.TestAIAssistantEndpoints" name="test_chat_continues_session" time="2.834" /><testcase classname="tests.test_iteration_162_ai_assistant.TestAIAssistantEndpoints" name="test_get_sessions" time="0.406" /><testcase classname="tests.test_iteration_162_ai_assistant.TestAIAssistantEndpoints" name="test_get_sessions_filtered_by_assistant" time="0.379" /><testcase classname="tests.test_iteration_162_ai_assistant.TestAIAssistantEndpoints" name="test_get_session_messages" time="1.255" /><testcase classname="tests.test_iteration_162_ai_assistant.TestAIAssistantEndpoints" name="test_admin_get_config" time="0.411" /><testcase classname="tests.test_iteration_162_ai_assistant.TestAIAssistantEndpoints" name="test_admin_update_config" time="0.540" /><testcase classname="tests.test_iteration_162_ai_assistant.TestAIAssistantEndpoints" name="test_admin_add_training_knowledge" time="0.411" /><testcase classname="tests.test_iteration_162_ai_assistant.TestAIAssistantEndpoints" name="test_admin_get_knowledge" time="0.383" /><testcase classname="tests.test_iteration_162_ai_assistant.TestAIAssistantEndpoints" name="test_admin_get_knowledge_filtered" time="0.382" /><testcase classname="tests.test_iteration_162_ai_assistant.TestAIAssistantEndpoints" name="test_admin_get_stats" time="0.373" /><testcase classname="tests.test_iteration_162_ai_assistant.TestAIAssistantEndpoints" name="test_admin_get_unanswered" time="0.378" /><testcase classname="tests.test_iteration_162_ai_assistant.TestAIAssistantEndpoints" name="test_delete_session" time="2.138" /><testcase classname="tests.test_iteration_162_ai_assistant.TestChatWithZxAI" name="test_zxai_chat_response" time="4.390" /></testsuite></testsuites>