<?xml version="1.0" encoding="utf-8"?><testsuites name="pytest tests"><testsuite name="pytest" errors="0" failures="2" skipped="0" tests="14" time="4.343" timestamp="2026-01-16T23:23:00.191037+00:00" hostname="agent-env-d1f9bc88-7eab-415f-8bea-a71b0948d980"><testcase classname="tests.test_iteration_47_lot_size_fixes.TestLotSizeCalculationFixes" name="test_01_login_master_admin" time="0.329" /><testcase classname="tests.test_iteration_47_lot_size_fixes.TestLotSizeCalculationFixes" name="test_02_profit_summary_returns_correct_account_value" time="0.271"><failure message="AssertionError: total_withdrawals field missing&#10;assert 'total_withdrawals' in {'account_value': 18941.87, 'is_licensee': False, 'license_type': None, 'performance_rate': 94.13, ...}">tests/test_iteration_47_lot_size_fixes.py:66: in test_02_profit_summary_returns_correct_account_value
    assert "total_withdrawals" in data, "total_withdrawals field missing"
E   AssertionError: total_withdrawals field missing
E   assert 'total_withdrawals' in {'account_value': 18941.87, 'is_licensee': False, 'license_type': None, 'performance_rate': 94.13, ...}</failure></testcase><testcase classname="tests.test_iteration_47_lot_size_fixes.TestLotSizeCalculationFixes" name="test_03_deposits_include_is_withdrawal_and_type_fields" time="0.275" /><testcase classname="tests.test_iteration_47_lot_size_fixes.TestLotSizeCalculationFixes" name="test_04_withdrawals_endpoint_returns_negative_amounts" time="0.320" /><testcase classname="tests.test_iteration_47_lot_size_fixes.TestLotSizeCalculationFixes" name="test_05_lot_size_calculation_matches_formula" time="0.281" /><testcase classname="tests.test_iteration_47_lot_size_fixes.TestLotSizeCalculationFixes" name="test_06_calculate_exit_endpoint" time="0.288"><failure message="AssertionError: Failed to calculate exit: {&quot;detail&quot;:[{&quot;type&quot;:&quot;missing&quot;,&quot;loc&quot;:[&quot;query&quot;,&quot;lot_size&quot;],&quot;msg&quot;:&quot;Field required&quot;,&quot;input&quot;:null,&quot;url&quot;:&quot;https://errors.pydantic.dev/2.12/v/missing&quot;}]}&#10;assert 422 == 200&#10; +  where 422 = &lt;Response [422]&gt;.status_code">tests/test_iteration_47_lot_size_fixes.py:208: in test_06_calculate_exit_endpoint
    assert response.status_code == 200, f"Failed to calculate exit: {response.text}"
E   AssertionError: Failed to calculate exit: {"detail":[{"type":"missing","loc":["query","lot_size"],"msg":"Field required","input":null,"url":"https://errors.pydantic.dev/2.12/v/missing"}]}
E   assert 422 == 200
E    +  where 422 = &lt;Response [422]&gt;.status_code</failure></testcase><testcase classname="tests.test_iteration_47_lot_size_fixes.TestLotSizeCalculationFixes" name="test_07_verify_deposit_amounts_match_expected" time="0.326" /><testcase classname="tests.test_iteration_47_lot_size_fixes.TestLotSizeCalculationFixes" name="test_08_trade_logs_endpoint" time="0.282" /><testcase classname="tests.test_iteration_47_lot_size_fixes.TestLotSizeCalculationFixes" name="test_09_streak_endpoint" time="0.320" /><testcase classname="tests.test_iteration_47_lot_size_fixes.TestLotSizeCalculationFixes" name="test_10_withdrawal_simulation" time="0.308" /><testcase classname="tests.test_iteration_47_lot_size_fixes.TestLotSizeCalculationFixes" name="test_11_active_signal_endpoint" time="0.305" /><testcase classname="tests.test_iteration_47_lot_size_fixes.TestLotSizeCalculationFixes" name="test_12_verify_account_value_formula" time="0.325" /><testcase classname="tests.test_iteration_47_lot_size_fixes.TestLotSizeCalculationFixes" name="test_13_lot_size_consistency_check" time="0.265" /><testcase classname="tests.test_iteration_47_lot_size_fixes.TestLotSizeCalculationFixes" name="test_14_daily_projection_data_structure" time="0.338" /></testsuite></testsuites>