<?xml version="1.0" encoding="utf-8"?><testsuites name="pytest tests"><testsuite name="pytest" errors="0" failures="0" skipped="0" tests="20" time="2.309" timestamp="2026-03-11T18:34:13.268834+00:00" hostname="agent-env-98d3a8a9-9ba0-4660-bc4e-558f80e5a4af"><testcase classname="tests.test_iteration_187_comprehensive.TestLogin" name="test_login_success" time="0.448" /><testcase classname="tests.test_iteration_187_comprehensive.TestP0Regression" name="test_profit_complete_onboarding" time="0.371" /><testcase classname="tests.test_iteration_187_comprehensive.TestP0Regression" name="test_rewards_streaks" time="0.117" /><testcase classname="tests.test_iteration_187_comprehensive.TestP0Regression" name="test_referral_tree" time="0.069" /><testcase classname="tests.test_iteration_187_comprehensive.TestP1Regression" name="test_admin_members_excludes_suspended" time="0.100" /><testcase classname="tests.test_iteration_187_comprehensive.TestP1Regression" name="test_member_stats_overview" time="0.060" /><testcase classname="tests.test_iteration_187_comprehensive.TestP1Regression" name="test_forum_status_filter" time="0.065" /><testcase classname="tests.test_iteration_187_comprehensive.TestP2Store" name="test_store_items" time="0.055" /><testcase classname="tests.test_iteration_187_comprehensive.TestP2Store" name="test_store_purchase_insufficient_points" time="0.070" /><testcase classname="tests.test_iteration_187_comprehensive.TestP2Store" name="test_store_purchase_valid_item" time="0.159" /><testcase classname="tests.test_iteration_187_comprehensive.TestP2Store" name="test_store_my_credits" time="0.076" /><testcase classname="tests.test_iteration_187_comprehensive.TestP2Cleanup" name="test_cleanup_overview" time="0.064" /><testcase classname="tests.test_iteration_187_comprehensive.TestP2Cleanup" name="test_pending_registrations" time="0.070" /><testcase classname="tests.test_iteration_187_comprehensive.TestP2Habits" name="test_get_habits" time="0.061" /><testcase classname="tests.test_iteration_187_comprehensive.TestP2Habits" name="test_fraud_warnings" time="0.059" /><testcase classname="tests.test_iteration_187_comprehensive.TestP2Team" name="test_my_team" time="0.060" /><testcase classname="tests.test_iteration_187_comprehensive.TestP2ForumMerge" name="test_forum_merge_validation" time="0.059" /><testcase classname="tests.test_iteration_187_comprehensive.TestP2ForumMerge" name="test_forum_text_search" time="0.066" /><testcase classname="tests.test_iteration_187_comprehensive.TestAdminHabits" name="test_admin_create_habit_with_day_and_screenshot" time="0.166" /><testcase classname="tests.test_iteration_187_comprehensive.TestHealth" name="test_health_endpoint" time="0.053" /></testsuite></testsuites>