<?xml version="1.0" encoding="utf-8"?><testsuites name="pytest tests"><testsuite name="pytest" errors="0" failures="0" skipped="0" tests="11" time="4.943" timestamp="2026-03-07T04:46:08.811677+00:00" hostname="agent-env-9e9f0857-bfb2-4a2c-a832-fa5fe3dff710"><testcase classname="tests.test_iteration_146_signals_refactoring.TestHealthAndAuth" name="test_health_endpoint" time="0.296" /><testcase classname="tests.test_iteration_146_signals_refactoring.TestHealthAndAuth" name="test_auth_login_success" time="0.399" /><testcase classname="tests.test_iteration_146_signals_refactoring.TestHealthAndAuth" name="test_auth_me_endpoint" time="0.461" /><testcase classname="tests.test_iteration_146_signals_refactoring.TestSignalDeactivation" name="test_get_signals_list" time="0.498" /><testcase classname="tests.test_iteration_146_signals_refactoring.TestSignalDeactivation" name="test_signal_deactivation" time="0.489" /><testcase classname="tests.test_iteration_146_signals_refactoring.TestSignalDeactivation" name="test_signal_reactivation" time="0.456" /><testcase classname="tests.test_iteration_146_signals_refactoring.TestProfitTracker" name="test_profit_summary" time="0.457" /><testcase classname="tests.test_iteration_146_signals_refactoring.TestProfitTracker" name="test_profit_deposits" time="0.459" /><testcase classname="tests.test_iteration_146_signals_refactoring.TestProfitTracker" name="test_trade_logs" time="0.432" /><testcase classname="tests.test_iteration_146_signals_refactoring.TestAdminTransactions" name="test_admin_transactions_list" time="0.470" /><testcase classname="tests.test_iteration_146_signals_refactoring.TestAdminTransactions" name="test_admin_members_list" time="0.480" /></testsuite></testsuites>