<?xml version="1.0" encoding="utf-8"?><testsuites name="pytest tests"><testsuite name="pytest" errors="0" failures="0" skipped="0" tests="17" time="3.205" timestamp="2026-03-11T23:48:32.141745+00:00" hostname="agent-env-21757043-af62-48e5-a953-b17c71eec055"><testcase classname="tests.test_iteration_189_ui_overhaul.TestAuthAndHealth" name="test_health_endpoint" time="0.194" /><testcase classname="tests.test_iteration_189_ui_overhaul.TestAuthAndHealth" name="test_login_admin" time="0.361" /><testcase classname="tests.test_iteration_189_ui_overhaul.TestAdminMembersRoutes" name="test_get_members" time="0.450" /><testcase classname="tests.test_iteration_189_ui_overhaul.TestHubStore" name="test_store_items" time="0.110" /><testcase classname="tests.test_iteration_189_ui_overhaul.TestHubStore" name="test_streak_freezes" time="0.116" /><testcase classname="tests.test_iteration_189_ui_overhaul.TestHubStore" name="test_my_credits" time="0.116" /><testcase classname="tests.test_iteration_189_ui_overhaul.TestMyTeam" name="test_my_team_endpoint" time="0.131" /><testcase classname="tests.test_iteration_189_ui_overhaul.TestMyTeam" name="test_team_recommendations" time="0.135" /><testcase classname="tests.test_iteration_189_ui_overhaul.TestMyTeam" name="test_tracking_endpoint" time="0.120" /><testcase classname="tests.test_iteration_189_ui_overhaul.TestMyRewards" name="test_rewards_summary" time="0.471" /><testcase classname="tests.test_iteration_189_ui_overhaul.TestMyRewards" name="test_rewards_leaderboard" time="0.124" /><testcase classname="tests.test_iteration_189_ui_overhaul.TestAdminDashboard" name="test_lookup_members" time="0.182" /><testcase classname="tests.test_iteration_189_ui_overhaul.TestAdminCleanup" name="test_pending_proofs_with_ai_review" time="0.141" /><testcase classname="tests.test_iteration_189_ui_overhaul.TestAdminCleanup" name="test_cleanup_overview" time="0.100" /><testcase classname="tests.test_iteration_189_ui_overhaul.TestDashboard" name="test_profit_summary" time="0.155" /><testcase classname="tests.test_iteration_189_ui_overhaul.TestAIAssistant" name="test_ai_assistant_sessions" time="0.111" /><testcase classname="tests.test_iteration_189_ui_overhaul.TestAIAssistant" name="test_forum_posts" time="0.148" /></testsuite></testsuites>