<?xml version="1.0" encoding="utf-8"?><testsuites name="pytest tests"><testsuite name="pytest" errors="0" failures="0" skipped="2" tests="12" time="6.711" timestamp="2026-03-10T03:35:56.925988+00:00" hostname="agent-env-cf9bd33f-4d29-4706-8391-19f588dc0fa8"><testcase classname="tests.test_iteration_161_quiz_edit_bonus.TestQuizEditWithAIVerification" name="test_get_quiz_pool_for_edit" time="0.494" /><testcase classname="tests.test_iteration_161_quiz_edit_bonus.TestQuizEditWithAIVerification" name="test_edit_quiz_minor_correction" time="1.515" /><testcase classname="tests.test_iteration_161_quiz_edit_bonus.TestQuizEditWithAIVerification" name="test_edit_all_fields" time="1.620" /><testcase classname="tests.test_iteration_161_quiz_edit_bonus.TestQuizEditWithAIVerification" name="test_edit_nonexistent_quiz" time="0.108" /><testcase classname="tests.test_iteration_161_quiz_edit_bonus.TestQuizEditWithAIVerification" name="test_edit_with_no_fields" time="0.230" /><testcase classname="tests.test_iteration_161_quiz_edit_bonus.TestQuizEditPropagation" name="test_edit_propagates_to_daily_quizzes" time="1.809" /><testcase classname="tests.test_iteration_161_quiz_edit_bonus.TestQuizCorrectAnswerBonus" name="test_answer_quiz_correctly_awards_bonus" time="0.271"><skipped type="pytest.skip" message="No unanswered quizzes - see rewards page test">/app/backend/tests/test_iteration_161_quiz_edit_bonus.py:279: No unanswered quizzes - see rewards page test</skipped></testcase><testcase classname="tests.test_iteration_161_quiz_edit_bonus.TestQuizCorrectAnswerBonus" name="test_answer_quiz_incorrectly_no_bonus" time="0.108"><skipped type="pytest.skip" message="No unanswered quizzes to test">/app/backend/tests/test_iteration_161_quiz_edit_bonus.py:330: No unanswered quizzes to test</skipped></testcase><testcase classname="tests.test_iteration_161_quiz_edit_bonus.TestQuizRewardsIntegration" name="test_quiz_correct_creates_point_log" time="0.105" /><testcase classname="tests.test_iteration_161_quiz_edit_bonus.TestQuizRewardsIntegration" name="test_rewards_stats_has_quiz_correct_count" time="0.138" /><testcase classname="tests.test_iteration_161_quiz_edit_bonus.TestQuizBadgeDefinitions" name="test_quiz_badges_exist" time="0.144" /><testcase classname="tests.test_iteration_161_quiz_edit_bonus.TestRewardsPageSourceLabels" name="test_rewards_history_endpoint" time="0.118" /></testsuite></testsuites>