<?xml version="1.0" encoding="utf-8"?><testsuites name="pytest tests"><testsuite name="pytest" errors="0" failures="0" skipped="0" tests="13" time="4.119" timestamp="2026-02-12T06:08:29.032786+00:00" hostname="agent-env-83fc15e5-4071-476c-b334-f32e9b23a94a"><testcase classname="backend.tests.test_pre_sync_wizard.TestSyncValidationEndpoint" name="test_sync_validation_returns_200" time="0.329" /><testcase classname="backend.tests.test_pre_sync_wizard.TestSyncValidationEndpoint" name="test_sync_validation_response_structure" time="0.277" /><testcase classname="backend.tests.test_pre_sync_wizard.TestSyncValidationEndpoint" name="test_sync_validation_summary_structure" time="0.273" /><testcase classname="backend.tests.test_pre_sync_wizard.TestSyncValidationEndpoint" name="test_sync_validation_issues_array" time="0.272" /><testcase classname="backend.tests.test_pre_sync_wizard.TestSyncValidationEndpoint" name="test_sync_validation_missing_trade_days_structure" time="0.270" /><testcase classname="backend.tests.test_pre_sync_wizard.TestSetTradingStartDateEndpoint" name="test_set_trading_start_date_returns_200" time="0.351" /><testcase classname="backend.tests.test_pre_sync_wizard.TestSetTradingStartDateEndpoint" name="test_set_trading_start_date_invalid_format" time="0.310" /><testcase classname="backend.tests.test_pre_sync_wizard.TestSetTradingStartDateEndpoint" name="test_set_trading_start_date_updates_validation" time="0.292" /><testcase classname="backend.tests.test_pre_sync_wizard.TestBalanceOverrideEndpoint" name="test_get_balance_override_returns_200" time="0.271" /><testcase classname="backend.tests.test_pre_sync_wizard.TestBalanceOverrideEndpoint" name="test_create_balance_override_returns_200" time="0.338" /><testcase classname="backend.tests.test_pre_sync_wizard.TestDidNotTradeEndpoint" name="test_did_not_trade_endpoint_exists" time="0.278" /><testcase classname="backend.tests.test_pre_sync_wizard.TestIntegrationFlow" name="test_full_validation_flow" time="0.308" /><testcase classname="backend.tests.test_pre_sync_wizard.TestIntegrationFlow" name="test_login_returns_correct_token_format" time="0.486" /></testsuite></testsuites>