<?xml version="1.0" encoding="utf-8"?><testsuites name="pytest tests"><testsuite name="pytest" errors="0" failures="0" skipped="0" tests="7" time="0.746" timestamp="2026-01-11T06:20:43.397596+00:00" hostname="agent-env-df95df61-3df0-4f8d-944a-8b19fccd7891"><testcase classname="tests.test_iteration_18.TestMasterAdminLogin" name="test_master_admin_login_success" time="0.069" /><testcase classname="tests.test_iteration_18.TestLicenseInviteValidation" name="test_validate_license_invite" time="0.035" /><testcase classname="tests.test_iteration_18.TestLicenseRegistration" name="test_register_with_license_form_data" time="0.334" /><testcase classname="tests.test_iteration_18.TestAdminLicensesAccess" name="test_licenses_endpoint_master_admin_only" time="0.070" /><testcase classname="tests.test_iteration_18.TestAdminLicensesAccess" name="test_license_invites_endpoint" time="0.079" /><testcase classname="tests.test_iteration_18.TestLicenseeTransactions" name="test_licensee_transactions_master_admin_only" time="0.067" /><testcase classname="tests.test_iteration_18.TestHealthCheck" name="test_api_health" time="0.034" /></testsuite></testsuites>