<?xml version="1.0" encoding="utf-8"?><testsuites name="pytest tests"><testsuite name="pytest" errors="0" failures="0" skipped="0" tests="15" time="4.054" timestamp="2026-03-10T00:31:12.371940+00:00" hostname="agent-env-cf2fb219-68ac-4e24-b7fb-aad4e784b7b1"><testcase classname="tests.test_iteration_154_ai_features.TestAITradeCoach" name="test_trade_coach_endpoint_requires_auth" time="0.145" /><testcase classname="tests.test_iteration_154_ai_features.TestAITradeCoach" name="test_trade_coach_returns_404_for_invalid_trade" time="0.460" /><testcase classname="tests.test_iteration_154_ai_features.TestAITradeCoach" name="test_trade_coach_with_valid_trade" time="0.230" /><testcase classname="tests.test_iteration_154_ai_features.TestAIFinancialSummary" name="test_financial_summary_requires_auth" time="0.120" /><testcase classname="tests.test_iteration_154_ai_features.TestAIFinancialSummary" name="test_financial_summary_weekly" time="0.108" /><testcase classname="tests.test_iteration_154_ai_features.TestAIFinancialSummary" name="test_financial_summary_monthly" time="0.131" /><testcase classname="tests.test_iteration_154_ai_features.TestAIFinancialSummary" name="test_financial_summary_invalid_period" time="0.165" /><testcase classname="tests.test_iteration_154_ai_features.TestAIBalanceForecast" name="test_balance_forecast_requires_auth" time="0.121" /><testcase classname="tests.test_iteration_154_ai_features.TestAIBalanceForecast" name="test_balance_forecast_returns_projection" time="0.122" /><testcase classname="tests.test_iteration_154_ai_features.TestAIForumSummary" name="test_forum_summary_requires_auth" time="0.113" /><testcase classname="tests.test_iteration_154_ai_features.TestAIForumSummary" name="test_forum_summary_returns_404_for_invalid_post" time="0.135" /><testcase classname="tests.test_iteration_154_ai_features.TestAIForumSummary" name="test_forum_summary_with_valid_post" time="0.224" /><testcase classname="tests.test_iteration_154_ai_features.TestAICaching" name="test_financial_summary_caching" time="0.738" /><testcase classname="tests.test_iteration_154_ai_features.TestAICaching" name="test_balance_forecast_caching" time="0.734" /><testcase classname="tests.test_iteration_154_ai_features.TestAIEndpointExists" name="test_all_ai_endpoints_exist" time="0.467" /></testsuite></testsuites>