<?xml version="1.0" encoding="utf-8"?><testsuites name="pytest tests"><testsuite name="pytest" errors="0" failures="0" skipped="0" tests="14" time="2.531" timestamp="2026-01-20T10:35:45.662618+00:00" hostname="agent-env-60d5d7b3-b079-4bd1-8f22-6f29105a5310"><testcase classname="tests.test_iteration_60_p0_features.TestMasterAdminAuth" name="test_master_admin_login" time="0.304" /><testcase classname="tests.test_iteration_60_p0_features.TestMasterAdminAccountValue" name="test_profit_summary_includes_licensee_funds" time="0.327" /><testcase classname="tests.test_iteration_60_p0_features.TestMasterAdminFinancialBreakdown" name="test_master_admin_breakdown_endpoint" time="0.305" /><testcase classname="tests.test_iteration_60_p0_features.TestMasterAdminFinancialBreakdown" name="test_breakdown_includes_licensee_details" time="0.043" /><testcase classname="tests.test_iteration_60_p0_features.TestLicenseeManagement" name="test_get_active_licenses" time="0.302" /><testcase classname="tests.test_iteration_60_p0_features.TestLicenseeManagement" name="test_license_has_effective_start_date" time="0.039" /><testcase classname="tests.test_iteration_60_p0_features.TestTradeOverrides" name="test_get_trade_overrides" time="0.334" /><testcase classname="tests.test_iteration_60_p0_features.TestTradeOverrides" name="test_set_trade_override" time="0.051" /><testcase classname="tests.test_iteration_60_p0_features.TestLicenseeDailyProjection" name="test_licensee_daily_projection_endpoint" time="0.295" /><testcase classname="tests.test_iteration_60_p0_features.TestLicenseeDailyProjection" name="test_license_projections_endpoint" time="0.037" /><testcase classname="tests.test_iteration_60_p0_features.TestAPIEndpointsExist" name="test_profit_summary_endpoint" time="0.299" /><testcase classname="tests.test_iteration_60_p0_features.TestAPIEndpointsExist" name="test_master_admin_breakdown_endpoint" time="0.044" /><testcase classname="tests.test_iteration_60_p0_features.TestAPIEndpointsExist" name="test_licenses_endpoint" time="0.037" /><testcase classname="tests.test_iteration_60_p0_features.TestAPIEndpointsExist" name="test_trade_logs_endpoint" time="0.039" /></testsuite></testsuites>