<?xml version="1.0" encoding="utf-8"?><testsuites name="pytest tests"><testsuite name="pytest" errors="0" failures="1" skipped="0" tests="20" time="1.466" timestamp="2026-01-17T04:16:18.432160+00:00" hostname="agent-env-026f18dc-541a-4a1c-bf91-8318302132f5"><testcase classname="tests.test_iteration_49_new_features.TestUndoTradeByDate" name="test_undo_trade_invalid_date_format" time="0.358" /><testcase classname="tests.test_iteration_49_new_features.TestUndoTradeByDate" name="test_undo_trade_nonexistent_date" time="0.039" /><testcase classname="tests.test_iteration_49_new_features.TestUndoTradeByDate" name="test_undo_trade_flow" time="0.087"><failure message="AssertionError: assert 'f774ce0c-f66...-364b6112abb2' == 'cf7c9742-af5...-0a4395a4bc0c'&#10;  &#10;  - cf7c9742-af50-4685-a7a4-0a4395a4bc0c&#10;  + f774ce0c-f66a-4756-a9e9-364b6112abb2">tests/test_iteration_49_new_features.py:97: in test_undo_trade_flow
    assert data.get("trade_id") == trade_id
E   AssertionError: assert 'f774ce0c-f66...-364b6112abb2' == 'cf7c9742-af5...-0a4395a4bc0c'
E     
E     - cf7c9742-af50-4685-a7a4-0a4395a4bc0c
E     + f774ce0c-f66a-4756-a9e9-364b6112abb2</failure></testcase><testcase classname="tests.test_iteration_49_new_features.TestUserHolidays" name="test_get_holidays_empty" time="0.041" /><testcase classname="tests.test_iteration_49_new_features.TestUserHolidays" name="test_add_holiday_invalid_date" time="0.042" /><testcase classname="tests.test_iteration_49_new_features.TestUserHolidays" name="test_add_holiday_success" time="0.084" /><testcase classname="tests.test_iteration_49_new_features.TestUserHolidays" name="test_add_duplicate_holiday" time="0.040" /><testcase classname="tests.test_iteration_49_new_features.TestUserHolidays" name="test_get_holidays_after_add" time="0.039" /><testcase classname="tests.test_iteration_49_new_features.TestUserHolidays" name="test_remove_holiday_success" time="0.039" /><testcase classname="tests.test_iteration_49_new_features.TestUserHolidays" name="test_remove_nonexistent_holiday" time="0.037" /><testcase classname="tests.test_iteration_49_new_features.TestOfficialTradingSignal" name="test_create_signal_with_is_official_true" time="0.049" /><testcase classname="tests.test_iteration_49_new_features.TestOfficialTradingSignal" name="test_create_signal_with_is_official_false" time="0.046" /><testcase classname="tests.test_iteration_49_new_features.TestOfficialTradingSignal" name="test_create_signal_without_is_official" time="0.046" /><testcase classname="tests.test_iteration_49_new_features.TestOfficialTradingSignal" name="test_update_signal_is_official" time="0.163" /><testcase classname="tests.test_iteration_49_new_features.TestOfficialTradingSignal" name="test_get_active_signal_includes_is_official" time="0.077" /><testcase classname="tests.test_iteration_49_new_features.TestEndpointAuthentication" name="test_undo_trade_requires_auth" time="0.034" /><testcase classname="tests.test_iteration_49_new_features.TestEndpointAuthentication" name="test_holidays_get_requires_auth" time="0.037" /><testcase classname="tests.test_iteration_49_new_features.TestEndpointAuthentication" name="test_holidays_post_requires_auth" time="0.034" /><testcase classname="tests.test_iteration_49_new_features.TestEndpointAuthentication" name="test_holidays_delete_requires_auth" time="0.036" /><testcase classname="tests.test_iteration_49_new_features.TestEndpointAuthentication" name="test_create_signal_requires_auth" time="0.035" /></testsuite></testsuites>