<?xml version="1.0" encoding="utf-8"?><testsuites name="pytest tests"><testsuite name="pytest" errors="0" failures="0" skipped="0" tests="10" time="3.491" timestamp="2026-02-23T13:59:44.680741+00:00" hostname="agent-env-e7adc257-8e12-400e-958d-9670af39e383"><testcase classname="backend.tests.test_iteration_124_bugfixes.TestLicenseeYearProjections" name="test_licensee_direct_year_projections" time="0.590" /><testcase classname="backend.tests.test_iteration_124_bugfixes.TestLicenseeYearProjections" name="test_admin_view_licensee_year_projections" time="0.694" /><testcase classname="backend.tests.test_iteration_124_bugfixes.TestLicenseeYearProjections" name="test_year_projections_invalid_user_returns_404_not_500" time="0.131" /><testcase classname="backend.tests.test_iteration_124_bugfixes.TestLicenseeHealthCheck" name="test_licensee_health_check_returns_all_licensees" time="0.177" /><testcase classname="backend.tests.test_iteration_124_bugfixes.TestLicenseeHealthCheck" name="test_health_check_includes_projection_values" time="0.163" /><testcase classname="backend.tests.test_iteration_124_bugfixes.TestAllHonoraryLicenseesProjections" name="test_all_honorary_licensees_projections_work" time="1.054" /><testcase classname="backend.tests.test_iteration_124_bugfixes.TestProfitSummaryLicenseeFlag" name="test_licensee_profit_summary_has_is_licensee_flag" time="0.113" /><testcase classname="backend.tests.test_iteration_124_bugfixes.TestProfitSummaryLicenseeFlag" name="test_admin_profit_summary_not_licensee" time="0.126" /><testcase classname="backend.tests.test_iteration_124_bugfixes.TestRewardsEndpoints" name="test_licensee_can_access_rewards_summary" time="0.117" /><testcase classname="backend.tests.test_iteration_124_bugfixes.TestRewardsEndpoints" name="test_admin_can_access_rewards_summary" time="0.254" /></testsuite></testsuites>