<?xml version="1.0" encoding="utf-8"?><testsuites name="pytest tests"><testsuite name="pytest" errors="0" failures="0" skipped="0" tests="13" time="3.188" timestamp="2026-01-17T04:43:25.470938+00:00" hostname="agent-env-026f18dc-541a-4a1c-bf91-8318302132f5"><testcase classname="tests.test_iteration_50_undo_holiday_buttons.TestGlobalHolidaysAPI" name="test_get_global_holidays_returns_list" time="0.333" /><testcase classname="tests.test_iteration_50_undo_holiday_buttons.TestGlobalHolidaysAPI" name="test_add_global_holiday_success" time="0.325" /><testcase classname="tests.test_iteration_50_undo_holiday_buttons.TestGlobalHolidaysAPI" name="test_add_global_holiday_invalid_date" time="0.309" /><testcase classname="tests.test_iteration_50_undo_holiday_buttons.TestGlobalHolidaysAPI" name="test_add_global_holiday_duplicate" time="0.298" /><testcase classname="tests.test_iteration_50_undo_holiday_buttons.TestGlobalHolidaysAPI" name="test_delete_global_holiday_success" time="0.323" /><testcase classname="tests.test_iteration_50_undo_holiday_buttons.TestGlobalHolidaysAPI" name="test_delete_global_holiday_not_found" time="0.267" /><testcase classname="tests.test_iteration_50_undo_holiday_buttons.TestGlobalHolidaysUserAccess" name="test_user_can_view_global_holidays" time="0.273" /><testcase classname="tests.test_iteration_50_undo_holiday_buttons.TestGlobalHolidaysAuthRequired" name="test_get_global_holidays_requires_auth" time="0.039" /><testcase classname="tests.test_iteration_50_undo_holiday_buttons.TestGlobalHolidaysAuthRequired" name="test_post_global_holidays_requires_auth" time="0.038" /><testcase classname="tests.test_iteration_50_undo_holiday_buttons.TestGlobalHolidaysAuthRequired" name="test_delete_global_holidays_requires_auth" time="0.036" /><testcase classname="tests.test_iteration_50_undo_holiday_buttons.TestUserHolidaysAPI" name="test_get_user_holidays" time="0.308" /><testcase classname="tests.test_iteration_50_undo_holiday_buttons.TestUserHolidaysAPI" name="test_add_user_holiday_success" time="0.286" /><testcase classname="tests.test_iteration_50_undo_holiday_buttons.TestUserHolidaysAPI" name="test_delete_user_holiday_success" time="0.282" /></testsuite></testsuites>