<?xml version="1.0" encoding="utf-8"?><testsuites name="pytest tests"><testsuite name="pytest" errors="0" failures="0" skipped="0" tests="16" time="4.016" timestamp="2026-01-11T11:45:53.959692+00:00" hostname="agent-env-123c6144-ee81-4e73-be45-cd9159531d1d"><testcase classname="tests.test_iteration_28.TestAuthAndBasics" name="test_health_check" time="0.076" /><testcase classname="tests.test_iteration_28.TestAuthAndBasics" name="test_master_admin_login" time="0.039" /><testcase classname="tests.test_iteration_28.TestAuthAndBasics" name="test_member_login" time="0.359" /><testcase classname="tests.test_iteration_28.TestAuthAndBasics" name="test_get_platform_settings" time="0.042" /><testcase classname="tests.test_iteration_28.TestEmailService" name="test_email_test_endpoint_exists" time="0.083" /><testcase classname="tests.test_iteration_28.TestEmailService" name="test_email_test_requires_master_admin" time="1.300" /><testcase classname="tests.test_iteration_28.TestFileUploadService" name="test_profile_picture_upload_endpoint_exists" time="0.077" /><testcase classname="tests.test_iteration_28.TestFileUploadService" name="test_general_upload_endpoint_exists" time="0.548" /><testcase classname="tests.test_iteration_28.TestFileUploadService" name="test_upload_requires_auth" time="0.037" /><testcase classname="tests.test_iteration_28.TestWebSocketStatus" name="test_ws_status_endpoint_exists" time="0.112" /><testcase classname="tests.test_iteration_28.TestWebSocketStatus" name="test_ws_status_requires_admin" time="0.256" /><testcase classname="tests.test_iteration_28.TestDashboardFeatures" name="test_profit_summary" time="0.304" /><testcase classname="tests.test_iteration_28.TestDashboardFeatures" name="test_trade_logs" time="0.269" /><testcase classname="tests.test_iteration_28.TestDashboardFeatures" name="test_active_signal" time="0.294" /><testcase classname="tests.test_iteration_28.TestDashboardFeatures" name="test_admin_notifications" time="0.069" /><testcase classname="tests.test_iteration_28.TestServicesIntegration" name="test_send_email_endpoint" time="0.077" /></testsuite></testsuites>