<?xml version="1.0" encoding="utf-8"?><testsuites name="pytest tests"><testsuite name="pytest" errors="0" failures="0" skipped="0" tests="13" time="3.247" timestamp="2026-01-15T04:37:15.795390+00:00" hostname="agent-env-d5a66d1c-e5e7-4aeb-8d1e-4ad81477273b"><testcase classname="tests.test_iteration_38_bug_fixes.TestAuthentication" name="test_master_admin_login" time="0.282" /><testcase classname="tests.test_iteration_38_bug_fixes.TestBVESignalEditing" name="test_bve_signal_update_endpoint_exists" time="0.293" /><testcase classname="tests.test_iteration_38_bug_fixes.TestBVESignalEditing" name="test_bve_enter_and_signal_operations" time="0.499" /><testcase classname="tests.test_iteration_38_bug_fixes.TestBVESignalEditing" name="test_production_signals_not_affected_by_bve" time="0.292" /><testcase classname="tests.test_iteration_38_bug_fixes.TestTradeHistoryActions" name="test_trade_history_endpoint" time="0.294" /><testcase classname="tests.test_iteration_38_bug_fixes.TestTradeHistoryActions" name="test_reset_trade_endpoint_requires_master_admin" time="0.287" /><testcase classname="tests.test_iteration_38_bug_fixes.TestTradeHistoryActions" name="test_reset_trade_without_auth" time="0.042" /><testcase classname="tests.test_iteration_38_bug_fixes.TestCountdownTimerUI" name="test_countdown_stall_detection_code_exists" time="0.001" /><testcase classname="tests.test_iteration_38_bug_fixes.TestCountdownTimerUI" name="test_bve_signal_edit_fix_code_exists" time="0.000" /><testcase classname="tests.test_iteration_38_bug_fixes.TestAPIEndpoints" name="test_active_signal_endpoint" time="0.310" /><testcase classname="tests.test_iteration_38_bug_fixes.TestAPIEndpoints" name="test_daily_summary_endpoint" time="0.294" /><testcase classname="tests.test_iteration_38_bug_fixes.TestAPIEndpoints" name="test_trade_streak_endpoint" time="0.293" /><testcase classname="tests.test_iteration_38_bug_fixes.TestAPIEndpoints" name="test_admin_signals_endpoint" time="0.289" /></testsuite></testsuites>