<?xml version="1.0" encoding="utf-8"?><testsuites name="pytest tests"><testsuite name="pytest" errors="0" failures="0" skipped="0" tests="16" time="3.797" timestamp="2026-02-25T06:12:28.018165+00:00" hostname="agent-env-a4e23cfd-f80c-4c17-b06a-1be49fee1b6f"><testcase classname="backend.tests.test_iteration_130_new_features.TestRewardsStoreAPI" name="test_store_token_requires_auth" time="0.266" /><testcase classname="backend.tests.test_iteration_130_new_features.TestRewardsStoreAPI" name="test_store_token_returns_jwt_and_url" time="0.481" /><testcase classname="backend.tests.test_iteration_130_new_features.TestRewardsStoreAPI" name="test_store_verify_requires_internal_key" time="0.224" /><testcase classname="backend.tests.test_iteration_130_new_features.TestRewardsStoreAPI" name="test_store_verify_with_valid_token" time="0.560" /><testcase classname="backend.tests.test_iteration_130_new_features.TestRewardsStoreAPI" name="test_store_verify_with_invalid_token" time="0.115" /><testcase classname="backend.tests.test_iteration_130_new_features.TestRewardsStoreAPI" name="test_store_deduct_requires_internal_key" time="0.111" /><testcase classname="backend.tests.test_iteration_130_new_features.TestRewardsStoreAPI" name="test_store_deduct_validation" time="0.107" /><testcase classname="backend.tests.test_iteration_130_new_features.TestPasswordResetFlow" name="test_forgot_password_returns_generic_message" time="0.741" /><testcase classname="backend.tests.test_iteration_130_new_features.TestPasswordResetFlow" name="test_forgot_password_nonexistent_email" time="0.096" /><testcase classname="backend.tests.test_iteration_130_new_features.TestPasswordResetFlow" name="test_reset_password_invalid_token" time="0.109" /><testcase classname="backend.tests.test_iteration_130_new_features.TestPasswordResetFlow" name="test_reset_password_short_password" time="0.123" /><testcase classname="backend.tests.test_iteration_130_new_features.TestBadgeCheckEndpoint" name="test_badges_check_requires_auth" time="0.099" /><testcase classname="backend.tests.test_iteration_130_new_features.TestBadgeCheckEndpoint" name="test_badges_check_returns_newly_awarded" time="0.117" /><testcase classname="backend.tests.test_iteration_130_new_features.TestBadgeCheckEndpoint" name="test_badges_check_with_user_id_param" time="0.104" /><testcase classname="backend.tests.test_iteration_130_new_features.TestFrontendAPIIntegration" name="test_login_returns_access_token" time="0.335" /><testcase classname="backend.tests.test_iteration_130_new_features.TestFrontendAPIIntegration" name="test_rewards_summary_endpoint" time="0.110" /></testsuite></testsuites>