<?xml version="1.0" encoding="utf-8"?><testsuites name="pytest tests"><testsuite name="pytest" errors="0" failures="0" skipped="0" tests="15" time="10.019" timestamp="2026-03-09T23:35:08.680281+00:00" hostname="agent-env-cf2fb219-68ac-4e24-b7fb-aad4e784b7b1"><testcase classname="tests.test_iteration_152_bve_forum_features.TestBVETradeHistory" name="test_bve_trade_history_endpoint_exists" time="0.828" /><testcase classname="tests.test_iteration_152_bve_forum_features.TestBVETradeHistory" name="test_bve_trade_history_returns_only_bve_data" time="0.890" /><testcase classname="tests.test_iteration_152_bve_forum_features.TestBVETradeDelete" name="test_bve_delete_trade_endpoint_exists" time="0.781" /><testcase classname="tests.test_iteration_152_bve_forum_features.TestBVERewind" name="test_bve_rewind_endpoint_exists" time="1.155" /><testcase classname="tests.test_iteration_152_bve_forum_features.TestForumMergePosts" name="test_merge_posts_endpoint_exists" time="0.460" /><testcase classname="tests.test_iteration_152_bve_forum_features.TestForumMergePosts" name="test_merge_posts_requires_admin_role" time="0.496" /><testcase classname="tests.test_iteration_152_bve_forum_features.TestForumValidateSolution" name="test_validate_solution_endpoint_exists" time="0.465" /><testcase classname="tests.test_iteration_152_bve_forum_features.TestForumSearchSimilarFull" name="test_search_similar_full_endpoint_exists" time="0.451" /><testcase classname="tests.test_iteration_152_bve_forum_features.TestForumSearchSimilarFull" name="test_search_similar_full_returns_has_similar_flag" time="0.449" /><testcase classname="tests.test_iteration_152_bve_forum_features.TestForumPostDetails" name="test_post_details_endpoint_exists" time="0.460" /><testcase classname="tests.test_iteration_152_bve_forum_features.TestForumPostDetails" name="test_post_details_with_existing_post" time="0.603" /><testcase classname="tests.test_iteration_152_bve_forum_features.TestForumEnhancedSearch" name="test_search_similar_searches_both_title_and_content" time="0.470" /><testcase classname="tests.test_iteration_152_bve_forum_features.TestForumMergeRoleRestriction" name="test_merge_role_check_in_backend" time="0.594" /><testcase classname="tests.test_iteration_152_bve_forum_features.TestForumDuplicateSafeguard" name="test_duplicate_safeguard_returns_has_similar" time="0.489" /><testcase classname="tests.test_iteration_152_bve_forum_features.TestIntegrationBVEIsolation" name="test_bve_workflow_isolation" time="1.379" /></testsuite></testsuites>