<?xml version="1.0" encoding="utf-8"?><testsuites name="pytest tests"><testsuite name="pytest" errors="0" failures="0" skipped="0" tests="8" time="2.581" timestamp="2026-02-04T05:51:20.544189+00:00" hostname="agent-env-b73c7719-8ec1-416e-8151-45785665d974"><testcase classname="backend.tests.test_iteration_80.TestAuthentication" name="test_login_success" time="0.300" /><testcase classname="backend.tests.test_iteration_80.TestEmailTemplates" name="test_email_templates_includes_trading_signal" time="0.305" /><testcase classname="backend.tests.test_iteration_80.TestSignalCreation" name="test_signal_creation_accepts_send_email_param" time="0.394" /><testcase classname="backend.tests.test_iteration_80.TestTradeLogsForChartData" name="test_trade_logs_have_created_at_dates" time="0.302" /><testcase classname="backend.tests.test_iteration_80.TestNotificationsAPI" name="test_notifications_have_valid_timestamps" time="0.298" /><testcase classname="backend.tests.test_iteration_80.TestAdminNotifications" name="test_admin_notifications_have_valid_timestamps" time="0.299" /><testcase classname="backend.tests.test_iteration_80.TestActiveSignal" name="test_active_signal_endpoint" time="0.299" /><testcase classname="backend.tests.test_iteration_80.TestDashboardSummary" name="test_profit_summary_endpoint" time="0.316" /></testsuite></testsuites>