<?xml version="1.0" encoding="utf-8"?><testsuites name="pytest tests"><testsuite name="pytest" errors="0" failures="0" skipped="0" tests="12" time="2.753" timestamp="2026-02-17T21:38:20.412602+00:00" hostname="agent-env-b615b3c1-9c5e-4464-aa86-f6ea9a00d0b7"><testcase classname="backend.tests.test_iteration_111_family_accounts.TestFamilyAccountFeature" name="test_01_verify_rizza_is_honorary_fa" time="0.645" /><testcase classname="backend.tests.test_iteration_111_family_accounts.TestFamilyAccountFeature" name="test_02_get_family_members" time="0.133" /><testcase classname="backend.tests.test_iteration_111_family_accounts.TestFamilyAccountFeature" name="test_03_create_family_member" time="0.123" /><testcase classname="backend.tests.test_iteration_111_family_accounts.TestFamilyAccountFeature" name="test_04_get_family_member_projections" time="0.154" /><testcase classname="backend.tests.test_iteration_111_family_accounts.TestFamilyAccountFeature" name="test_05_simulate_includes_family_members" time="0.140" /><testcase classname="backend.tests.test_iteration_111_family_accounts.TestFamilyAccountFeature" name="test_06_independent_profit_calculation" time="0.245" /><testcase classname="backend.tests.test_iteration_111_family_accounts.TestFamilyAccountFeature" name="test_07_reject_non_honorary_fa" time="0.358" /><testcase classname="backend.tests.test_iteration_111_family_accounts.TestFamilyAccountFeature" name="test_08_family_member_limit" time="0.153" /><testcase classname="backend.tests.test_iteration_111_family_accounts.TestFamilyAccountFeature" name="test_09_regression_admin_habits_get" time="0.124" /><testcase classname="backend.tests.test_iteration_111_family_accounts.TestFamilyAccountFeature" name="test_10_regression_admin_habits_post" time="0.158" /><testcase classname="backend.tests.test_iteration_111_family_accounts.TestFamilyAccountFeature" name="test_11_regression_admin_habits_delete" time="0.310" /><testcase classname="backend.tests.test_iteration_111_family_accounts.TestFamilyAccountFeature" name="test_99_cleanup_test_data" time="0.139" /></testsuite></testsuites>