<?xml version="1.0" encoding="utf-8"?><testsuites name="pytest tests"><testsuite name="pytest" errors="0" failures="1" skipped="0" tests="30" time="1.844" timestamp="2026-02-12T09:58:25.251229+00:00" hostname="agent-env-58a62519-b720-40b5-9782-d48461b3d32f"><testcase classname="tests.test_pwa_and_routes.TestPWAManifest" name="test_manifest_served" time="0.091" /><testcase classname="tests.test_pwa_and_routes.TestPWAManifest" name="test_manifest_name" time="0.042" /><testcase classname="tests.test_pwa_and_routes.TestPWAManifest" name="test_manifest_short_name" time="0.036" /><testcase classname="tests.test_pwa_and_routes.TestPWAManifest" name="test_manifest_theme_color" time="0.037" /><testcase classname="tests.test_pwa_and_routes.TestPWAManifest" name="test_manifest_icons_count" time="0.037" /><testcase classname="tests.test_pwa_and_routes.TestPWAManifest" name="test_manifest_has_192_icon" time="0.035" /><testcase classname="tests.test_pwa_and_routes.TestPWAManifest" name="test_manifest_has_512_icon" time="0.036" /><testcase classname="tests.test_pwa_and_routes.TestPWAManifest" name="test_manifest_display_standalone" time="0.038" /><testcase classname="tests.test_pwa_and_routes.TestPWAServiceWorker" name="test_sw_served" time="0.035" /><testcase classname="tests.test_pwa_and_routes.TestPWAServiceWorker" name="test_sw_has_cache_name" time="0.038" /><testcase classname="tests.test_pwa_and_routes.TestPWAServiceWorker" name="test_sw_has_install_handler" time="0.040" /><testcase classname="tests.test_pwa_and_routes.TestPWAServiceWorker" name="test_sw_has_fetch_handler" time="0.037" /><testcase classname="tests.test_pwa_and_routes.TestPWAOfflinePage" name="test_offline_served" time="0.036" /><testcase classname="tests.test_pwa_and_routes.TestPWAOfflinePage" name="test_offline_title" time="0.038" /><testcase classname="tests.test_pwa_and_routes.TestPWAOfflinePage" name="test_offline_theme_color" time="0.037" /><testcase classname="tests.test_pwa_and_routes.TestPWAIcons" name="test_icon_192" time="0.036" /><testcase classname="tests.test_pwa_and_routes.TestPWAIcons" name="test_icon_512" time="0.038" /><testcase classname="tests.test_pwa_and_routes.TestPWAIcons" name="test_apple_touch_icon" time="0.036" /><testcase classname="tests.test_pwa_and_routes.TestIndexHTMLMeta" name="test_index_loads" time="0.033" /><testcase classname="tests.test_pwa_and_routes.TestIndexHTMLMeta" name="test_page_title" time="0.037" /><testcase classname="tests.test_pwa_and_routes.TestIndexHTMLMeta" name="test_manifest_link" time="0.036" /><testcase classname="tests.test_pwa_and_routes.TestIndexHTMLMeta" name="test_apple_mobile_web_app_capable" time="0.037" /><testcase classname="tests.test_pwa_and_routes.TestIndexHTMLMeta" name="test_theme_color_meta" time="0.037" /><testcase classname="tests.test_pwa_and_routes.TestSettingsRoutes" name="test_get_platform_settings" time="0.040" /><testcase classname="tests.test_pwa_and_routes.TestSettingsRoutes" name="test_get_email_templates_requires_auth" time="0.345" /><testcase classname="tests.test_pwa_and_routes.TestBVERoutes" name="test_bve_active_signal_requires_admin" time="0.073" /><testcase classname="tests.test_pwa_and_routes.TestExistingRoutes" name="test_login_works" time="0.261" /><testcase classname="tests.test_pwa_and_routes.TestExistingRoutes" name="test_profit_summary" time="0.037" /><testcase classname="tests.test_pwa_and_routes.TestExistingRoutes" name="test_trade_active_signal" time="0.039" /><testcase classname="tests.test_pwa_and_routes.TestExistingRoutes" name="test_admin_members" time="0.039"><failure message="AssertionError: Expected list of members&#10;assert False&#10; +  where False = isinstance({'limit': 20, 'members': [{'account_value': 5132.5, 'balance_override': {'actual_balance': 1000.0, 'adjustment_amount': -4132.5, 'created_at': '2026-02-12T06:53:50.735514+00:00', 'effective_date': '2026-02-12', ...}, 'created_at': '2026-01-10T09:23:24.715077+00:00', 'email': 'iam@ryansalvador.com', ...}, {'account_value': 0, 'allowed_dashboards': ['dashboard', 'profit_tracker', 'trade_monitor', 'profile'], 'created_at': '2026-01-11T09:20:46.780565+00:00', 'email': 'hello@hyperdrivemg.co', ...}, {'account_value': 0, 'allowed_dashboards': ['dashboard', 'profit_tracker', 'trade_monitor', 'profile'], 'created_at': '2026-01-11T09:35:18.966523+00:00', 'email': 'jaspersalvador9413@gmail.com', ...}], 'page': 1, 'pages': 1, ...}, list)">tests/test_pwa_and_routes.py:285: in test_admin_members
    assert isinstance(data, list), "Expected list of members"
E   AssertionError: Expected list of members
E   assert False
E    +  where False = isinstance({'limit': 20, 'members': [{'account_value': 5132.5, 'balance_override': {'actual_balance': 1000.0, 'adjustment_amount': -4132.5, 'created_at': '2026-02-12T06:53:50.735514+00:00', 'effective_date': '2026-02-12', ...}, 'created_at': '2026-01-10T09:23:24.715077+00:00', 'email': 'iam@ryansalvador.com', ...}, {'account_value': 0, 'allowed_dashboards': ['dashboard', 'profit_tracker', 'trade_monitor', 'profile'], 'created_at': '2026-01-11T09:20:46.780565+00:00', 'email': 'hello@hyperdrivemg.co', ...}, {'account_value': 0, 'allowed_dashboards': ['dashboard', 'profit_tracker', 'trade_monitor', 'profile'], 'created_at': '2026-01-11T09:35:18.966523+00:00', 'email': 'jaspersalvador9413@gmail.com', ...}], 'page': 1, 'pages': 1, ...}, list)</failure></testcase></testsuite></testsuites>