<?xml version="1.0" encoding="utf-8"?><testsuites name="pytest tests"><testsuite name="pytest" errors="0" failures="0" skipped="0" tests="8" time="4.141" timestamp="2026-02-22T06:44:31.100137+00:00" hostname="agent-env-1e3ec0ac-b27d-4c71-9eac-1a6bc33edd5b"><testcase classname="backend.tests.test_iteration_117_family_dashboard.TestFamilyMemberDynamicValue" name="test_family_member_has_dynamic_account_value" time="0.467" /><testcase classname="backend.tests.test_iteration_117_family_dashboard.TestDepositDateToEffectiveStartDate" name="test_saturday_deposit_becomes_monday_start" time="0.540" /><testcase classname="backend.tests.test_iteration_117_family_dashboard.TestDepositDateToEffectiveStartDate" name="test_friday_deposit_becomes_monday_start" time="0.583" /><testcase classname="backend.tests.test_iteration_117_family_dashboard.TestAdminYearProjectionsWithUserId" name="test_admin_year_projections_with_user_id" time="0.435" /><testcase classname="backend.tests.test_iteration_117_family_dashboard.TestFamilyMemberProjectionsWithPastData" name="test_maria_miles_projections_include_january_trades" time="0.442" /><testcase classname="backend.tests.test_iteration_117_family_dashboard.TestLicenseConversionPreservation" name="test_license_type_change_preserves_data" time="0.746" /><testcase classname="backend.tests.test_iteration_117_family_dashboard.TestRizzaLicenseeSummary" name="test_rizza_profit_summary" time="0.429" /><testcase classname="backend.tests.test_iteration_117_family_dashboard.TestAdminGetFamilyMembersForUser" name="test_admin_get_family_members_for_rizza" time="0.445" /></testsuite></testsuites>