<?xml version="1.0" encoding="utf-8"?><testsuites name="pytest tests"><testsuite name="pytest" errors="0" failures="0" skipped="0" tests="12" time="0.752" timestamp="2026-01-11T12:43:52.259250+00:00" hostname="agent-env-123c6144-ee81-4e73-be45-cd9159531d1d"><testcase classname="tests.test_iteration_30.TestMaintenanceFeatures" name="test_health_check" time="0.071" /><testcase classname="tests.test_iteration_30.TestMaintenanceFeatures" name="test_login_success" time="0.054" /><testcase classname="tests.test_iteration_30.TestMaintenanceFeatures" name="test_get_platform_settings" time="0.046" /><testcase classname="tests.test_iteration_30.TestMaintenanceFeatures" name="test_update_platform_settings_with_maintenance" time="0.105" /><testcase classname="tests.test_iteration_30.TestMaintenanceFeatures" name="test_add_announcement" time="0.069" /><testcase classname="tests.test_iteration_30.TestMaintenanceFeatures" name="test_toggle_announcement_active" time="0.051" /><testcase classname="tests.test_iteration_30.TestMaintenanceFeatures" name="test_disable_maintenance_mode" time="0.058" /><testcase classname="tests.test_iteration_30.TestMaintenanceFeatures" name="test_clear_announcements" time="0.063" /><testcase classname="tests.test_iteration_30.TestExistingFeatures" name="test_profit_summary" time="0.051" /><testcase classname="tests.test_iteration_30.TestExistingFeatures" name="test_trade_logs" time="0.040" /><testcase classname="tests.test_iteration_30.TestExistingFeatures" name="test_admin_members" time="0.046" /><testcase classname="tests.test_iteration_30.TestExistingFeatures" name="test_debt_endpoint" time="0.046" /></testsuite></testsuites>