<?xml version="1.0" encoding="utf-8"?><testsuites name="pytest tests"><testsuite name="pytest" errors="0" failures="0" skipped="0" tests="9" time="0.990" timestamp="2026-01-10T22:41:21.418532+00:00" hostname="agent-env-f6894078-4f79-4626-b61e-732d95871abe"><testcase classname="tests.test_trade_monitor_enhancements.TestTradeMonitorAPIs" name="test_active_signal_endpoint" time="0.094" /><testcase classname="tests.test_trade_monitor_enhancements.TestTradeMonitorAPIs" name="test_profit_summary_for_lot_size" time="0.103" /><testcase classname="tests.test_trade_monitor_enhancements.TestTradeMonitorAPIs" name="test_daily_summary_endpoint" time="0.093" /><testcase classname="tests.test_trade_monitor_enhancements.TestTradeMonitorAPIs" name="test_trade_log_endpoint" time="0.100" /><testcase classname="tests.test_trade_monitor_enhancements.TestTradeMonitorAPIs" name="test_forward_to_profit_endpoint" time="0.131" /><testcase classname="tests.test_trade_monitor_enhancements.TestTradeMonitorAPIs" name="test_calculate_exit_endpoint" time="0.045" /><testcase classname="tests.test_trade_monitor_enhancements.TestTradeMonitorAPIs" name="test_trade_performance_levels" time="0.160" /><testcase classname="tests.test_trade_monitor_enhancements.TestSignalManagement" name="test_create_signal_with_profit_points" time="0.073" /><testcase classname="tests.test_trade_monitor_enhancements.TestSignalManagement" name="test_simulate_signal" time="0.061" /></testsuite></testsuites>