<?xml version="1.0" encoding="utf-8"?><testsuites name="pytest tests"><testsuite name="pytest" errors="0" failures="0" skipped="0" tests="14" time="2.545" timestamp="2026-02-18T10:37:20.034320+00:00" hostname="agent-env-09d3f7c0-f07c-48b8-a2f6-f1971cbe9ca7"><testcase classname="backend.tests.test_iteration_115_features.TestAdminLicensesDynamicValues" name="test_admin_licenses_endpoint_returns_licenses" time="0.496" /><testcase classname="backend.tests.test_iteration_115_features.TestAdminLicensesDynamicValues" name="test_admin_licenses_contains_current_amount" time="0.110" /><testcase classname="backend.tests.test_iteration_115_features.TestAdminLicensesDynamicValues" name="test_honorary_licensee_dynamic_value" time="0.109" /><testcase classname="backend.tests.test_iteration_115_features.TestAdminLicensesDynamicValues" name="test_rizza_license_has_dynamic_value" time="0.126" /><testcase classname="backend.tests.test_iteration_115_features.TestYearProjectionsEndpoint" name="test_year_projections_endpoint_accessible" time="0.440" /><testcase classname="backend.tests.test_iteration_115_features.TestYearProjectionsEndpoint" name="test_year_projections_returns_required_fields" time="0.105" /><testcase classname="backend.tests.test_iteration_115_features.TestYearProjectionsEndpoint" name="test_year_projections_have_correct_structure" time="0.102" /><testcase classname="backend.tests.test_iteration_115_features.TestYearProjectionsEndpoint" name="test_year_projections_values_increase_over_time" time="0.105" /><testcase classname="backend.tests.test_iteration_115_features.TestAdminAddFamilyMember" name="test_admin_can_add_family_member" time="0.106" /><testcase classname="backend.tests.test_iteration_115_features.TestAdminAddFamilyMember" name="test_admin_add_family_member_requires_name" time="0.112" /><testcase classname="backend.tests.test_iteration_115_features.TestRizzaAccountValueConsistency" name="test_rizza_direct_login_account_value" time="0.114" /><testcase classname="backend.tests.test_iteration_115_features.TestRizzaAccountValueConsistency" name="test_rizza_licensee_welcome_info" time="0.122" /><testcase classname="backend.tests.test_iteration_115_features.TestRizzaAccountValueConsistency" name="test_admin_simulation_matches_direct_login" time="0.217" /><testcase classname="backend.tests.test_iteration_115_features.TestAdminLicensesPageData" name="test_admin_licenses_rizza_matches_simulation" time="0.214" /></testsuite></testsuites>