<?xml version="1.0" encoding="utf-8"?><testsuites name="pytest tests"><testsuite name="pytest" errors="0" failures="0" skipped="1" tests="12" time="6.520" timestamp="2026-03-10T11:22:15.374574+00:00" hostname="agent-env-031e028c-03e3-4a1a-97de-6bacacea077a"><testcase classname="tests.test_iteration_175_merged_posts_merin.TestBackendHealth" name="test_health_endpoint" time="0.278" /><testcase classname="tests.test_iteration_175_merged_posts_merin.TestAuthentication" name="test_login_master_admin" time="0.355" /><testcase classname="tests.test_iteration_175_merged_posts_merin.TestForumMergeInfo" name="test_forum_posts_list" time="0.462" /><testcase classname="tests.test_iteration_175_merged_posts_merin.TestForumMergeInfo" name="test_get_single_post" time="0.594" /><testcase classname="tests.test_iteration_175_merged_posts_merin.TestForumMergeInfo" name="test_post_with_merged_from_has_merge_info" time="1.207"><skipped type="pytest.skip" message="No merged posts available to test merge_info - feature code verified">/app/backend/tests/test_iteration_175_merged_posts_merin.py:130: No merged posts available to test merge_info - feature code verified</skipped></testcase><testcase classname="tests.test_iteration_175_merged_posts_merin.TestForumMergeInfo" name="test_post_without_merged_from_no_merge_info" time="0.549" /><testcase classname="tests.test_iteration_175_merged_posts_merin.TestAdminMerinReferralCode" name="test_get_admin_members_list" time="0.486" /><testcase classname="tests.test_iteration_175_merged_posts_merin.TestAdminMerinReferralCode" name="test_member_object_has_merin_referral_code_field" time="0.441" /><testcase classname="tests.test_iteration_175_merged_posts_merin.TestAdminMerinReferralCode" name="test_update_member_merin_referral_code" time="0.641" /><testcase classname="tests.test_iteration_175_merged_posts_merin.TestAdminMerinReferralCode" name="test_update_merin_code_empty_string_clears" time="0.588" /><testcase classname="tests.test_iteration_175_merged_posts_merin.TestAdminMerinReferralCode" name="test_get_member_details_returns_merin_code" time="0.538" /><testcase classname="tests.test_iteration_175_merged_posts_merin.TestForumMergeEndpoint" name="test_forum_merge_requires_admin" time="0.336" /></testsuite></testsuites>