<?xml version="1.0" encoding="utf-8"?><testsuites name="pytest tests"><testsuite name="pytest" errors="0" failures="0" skipped="0" tests="20" time="7.884" timestamp="2026-03-10T02:09:47.763455+00:00" hostname="agent-env-cf9bd33f-4d29-4706-8391-19f588dc0fa8"><testcase classname="tests.test_iteration_158_referral_system.TestReferralSystemBackend" name="test_01_login_admin_success" time="0.425" /><testcase classname="tests.test_iteration_158_referral_system.TestReferralSystemBackend" name="test_02_get_my_referral_code" time="0.429" /><testcase classname="tests.test_iteration_158_referral_system.TestReferralSystemBackend" name="test_03_check_onboarding_status" time="0.479" /><testcase classname="tests.test_iteration_158_referral_system.TestReferralSystemBackend" name="test_04_set_referral_code_already_set" time="0.457" /><testcase classname="tests.test_iteration_158_referral_system.TestReferralSystemBackend" name="test_05_set_referral_code_validation" time="0.442" /><testcase classname="tests.test_iteration_158_referral_system.TestReferralSystemBackend" name="test_06_set_referred_by_self_reference" time="0.527" /><testcase classname="tests.test_iteration_158_referral_system.TestReferralSystemBackend" name="test_07_set_referred_by_invalid_code" time="0.436" /><testcase classname="tests.test_iteration_158_referral_system.TestReferralSystemBackend" name="test_10_admin_get_referral_tree" time="0.420" /><testcase classname="tests.test_iteration_158_referral_system.TestReferralSystemBackend" name="test_11_admin_get_flat_list" time="0.432" /><testcase classname="tests.test_iteration_158_referral_system.TestReferralSystemBackend" name="test_12_admin_flat_list_with_search" time="0.463" /><testcase classname="tests.test_iteration_158_referral_system.TestReferralSystemBackend" name="test_13_admin_flat_list_pagination" time="0.429" /><testcase classname="tests.test_iteration_158_referral_system.TestReferralSystemBackend" name="test_14_admin_set_code_validation" time="0.405" /><testcase classname="tests.test_iteration_158_referral_system.TestReferralSystemBackend" name="test_15_admin_set_code_short_code" time="0.396" /><testcase classname="tests.test_iteration_158_referral_system.TestReferralSystemBackend" name="test_20_habit_reward_endpoint" time="0.466" /><testcase classname="tests.test_iteration_158_referral_system.TestReferralSystemBackend" name="test_21_habit_reward_double_award_prevention" time="0.470" /><testcase classname="tests.test_iteration_158_referral_system.TestReferralSystemBackend" name="test_30_auth_me_includes_referral_fields" time="0.437" /><testcase classname="tests.test_iteration_158_referral_system.TestReferralSystemUnauth" name="test_unauth_my_code" time="0.327" /><testcase classname="tests.test_iteration_158_referral_system.TestReferralSystemUnauth" name="test_unauth_check_onboarding" time="0.114" /><testcase classname="tests.test_iteration_158_referral_system.TestReferralSystemUnauth" name="test_unauth_admin_tree" time="0.114" /><testcase classname="tests.test_iteration_158_referral_system.TestReferralSystemUnauth" name="test_unauth_habit_reward" time="0.138" /></testsuite></testsuites>