<?xml version="1.0" encoding="utf-8"?><testsuites name="pytest tests"><testsuite name="pytest" errors="0" failures="2" skipped="0" tests="12" time="3.404" timestamp="2026-02-17T22:26:34.749204+00:00" hostname="agent-env-b615b3c1-9c5e-4464-aa86-f6ea9a00d0b7"><testcase classname="backend.tests.test_iteration_113_admin_reset.TestAdminResetFeatures" name="test_01_update_effective_start_date" time="0.587" /><testcase classname="backend.tests.test_iteration_113_admin_reset.TestAdminResetFeatures" name="test_02_reset_license_balance_to_4000" time="0.149" /><testcase classname="backend.tests.test_iteration_113_admin_reset.TestAdminResetFeatures" name="test_03_get_projections_after_reset" time="0.252" /><testcase classname="backend.tests.test_iteration_113_admin_reset.TestAdminResetFeatures" name="test_04_reset_license_balance_back_to_5000" time="0.152" /><testcase classname="backend.tests.test_iteration_113_admin_reset.TestAdminResetFeatures" name="test_05_reset_family_member_starting_amount" time="0.118" /><testcase classname="backend.tests.test_iteration_113_admin_reset.TestAdminResetFeatures" name="test_06_reset_family_member_effective_start_date" time="0.172" /><testcase classname="backend.tests.test_iteration_113_admin_reset.TestAdminResetFeatures" name="test_07_verify_family_member_projections_from_new_date" time="0.156" /><testcase classname="backend.tests.test_iteration_113_admin_reset.TestAdminResetFeatures" name="test_08_restore_family_member_data" time="0.129" /><testcase classname="backend.tests.test_iteration_113_admin_reset.TestFamilyMembersEndpoint" name="test_09_family_members_403_for_non_honorary_fa" time="0.445" /><testcase classname="backend.tests.test_iteration_113_admin_reset.TestRegressionSimulateEndpoint" name="test_10_simulate_endpoint_returns_family_members" time="0.585" /><testcase classname="backend.tests.test_iteration_113_admin_reset.TestRegressionAdminHabits" name="test_11_get_admin_habits" time="0.444"><failure message="AssertionError: Response should be a list&#10;assert False&#10; +  where False = isinstance({'habits': [{'action_data': '', 'action_type': 'generic', 'active': True, 'created_at': '2026-02-17T21:38:22.863241+00:00', ...}, {'action_data': '', 'action_type': 'generic', 'active': True, 'created_at': '2026-02-17T21:38:22.674349+00:00', ...}, {'action_data': '', 'action_type': 'generic', 'active': False, 'created_at': '2026-02-17T21:09:21.376919+00:00', ...}, {'action_data': '', 'action_type': 'generic', 'active': False, 'created_at': '2026-02-17T21:09:13.854278+00:00', ...}, {'action_data': '', 'action_type': 'generic', 'active': False, 'created_at': '2026-02-17T21:05:37.594595+00:00', ...}, {'action_data': '', 'action_type': 'generic', 'active': False, 'created_at': '2026-02-17T06:51:34.494589+00:00', ...}, ...]}, list)">backend/tests/test_iteration_113_admin_reset.py:315: in test_11_get_admin_habits
    assert isinstance(data, list), "Response should be a list"
E   AssertionError: Response should be a list
E   assert False
E    +  where False = isinstance({'habits': [{'action_data': '', 'action_type': 'generic', 'active': True, 'created_at': '2026-02-17T21:38:22.863241+00:00', ...}, {'action_data': '', 'action_type': 'generic', 'active': True, 'created_at': '2026-02-17T21:38:22.674349+00:00', ...}, {'action_data': '', 'action_type': 'generic', 'active': False, 'created_at': '2026-02-17T21:09:21.376919+00:00', ...}, {'action_data': '', 'action_type': 'generic', 'active': False, 'created_at': '2026-02-17T21:09:13.854278+00:00', ...}, {'action_data': '', 'action_type': 'generic', 'active': False, 'created_at': '2026-02-17T21:05:37.594595+00:00', ...}, {'action_data': '', 'action_type': 'generic', 'active': False, 'created_at': '2026-02-17T06:51:34.494589+00:00', ...}, ...]}, list)</failure></testcase><testcase classname="backend.tests.test_iteration_113_admin_reset.TestRegressionAdminHabits" name="test_12_post_admin_habit" time="0.117"><failure message="AssertionError: Failed to create habit: {&quot;detail&quot;:[{&quot;type&quot;:&quot;missing&quot;,&quot;loc&quot;:[&quot;body&quot;,&quot;title&quot;],&quot;msg&quot;:&quot;Field required&quot;,&quot;input&quot;:{&quot;name&quot;:&quot;TEST_Iteration113_Habit&quot;,&quot;description&quot;:&quot;Test habit for iteration 113&quot;,&quot;category&quot;:&quot;health&quot;,&quot;frequency&quot;:&quot;daily&quot;,&quot;icon&quot;:&quot;#x1F9EA&quot;},&quot;url&quot;:&quot;https://errors.pydantic.dev/2.12/v/missing&quot;}]}&#10;assert 422 in [200, 201]&#10; +  where 422 = &lt;Response [422]&gt;.status_code">backend/tests/test_iteration_113_admin_reset.py:336: in test_12_post_admin_habit
    assert response.status_code in [200, 201], f"Failed to create habit: {response.text}"
E   AssertionError: Failed to create habit: {"detail":[{"type":"missing","loc":["body","title"],"msg":"Field required","input":{"name":"TEST_Iteration113_Habit","description":"Test habit for iteration 113","category":"health","frequency":"daily","icon":"#x1F9EA"},"url":"https://errors.pydantic.dev/2.12/v/missing"}]}
E   assert 422 in [200, 201]
E    +  where 422 = &lt;Response [422]&gt;.status_code</failure></testcase></testsuite></testsuites>