<?xml version="1.0" encoding="utf-8"?><testsuites name="pytest tests"><testsuite name="pytest" errors="0" failures="0" skipped="0" tests="15" time="4.278" timestamp="2026-02-04T04:08:07.886934+00:00" hostname="agent-env-b73c7719-8ec1-416e-8151-45785665d974"><testcase classname="backend.tests.test_balance_endpoints.TestBalanceEndpoints" name="test_balance_on_date_endpoint_exists" time="0.293" /><testcase classname="backend.tests.test_balance_endpoints.TestBalanceEndpoints" name="test_balance_on_date_returns_correct_structure" time="0.272" /><testcase classname="backend.tests.test_balance_endpoints.TestBalanceEndpoints" name="test_balance_on_date_invalid_date_format" time="0.271" /><testcase classname="backend.tests.test_balance_endpoints.TestBalanceEndpoints" name="test_balance_on_date_historical" time="0.271" /><testcase classname="backend.tests.test_balance_endpoints.TestBalanceEndpoints" name="test_daily_balances_endpoint_exists" time="0.311" /><testcase classname="backend.tests.test_balance_endpoints.TestBalanceEndpoints" name="test_daily_balances_returns_correct_structure" time="0.275" /><testcase classname="backend.tests.test_balance_endpoints.TestBalanceEndpoints" name="test_daily_balances_entry_structure" time="0.271" /><testcase classname="backend.tests.test_balance_endpoints.TestBalanceEndpoints" name="test_daily_balances_invalid_date_format" time="0.271" /><testcase classname="backend.tests.test_balance_endpoints.TestBalanceEndpoints" name="test_daily_balances_start_after_end" time="0.268" /><testcase classname="backend.tests.test_balance_endpoints.TestBalanceEndpoints" name="test_daily_balances_historical_month" time="0.281" /><testcase classname="backend.tests.test_balance_endpoints.TestBalanceEndpoints" name="test_lot_size_calculation" time="0.279" /><testcase classname="backend.tests.test_balance_endpoints.TestBalanceConsistency" name="test_balance_consistency_between_endpoints" time="0.326" /><testcase classname="backend.tests.test_balance_endpoints.TestDashboardIntegration" name="test_profit_summary_endpoint" time="0.281" /><testcase classname="backend.tests.test_balance_endpoints.TestDashboardIntegration" name="test_login_flow" time="0.260" /><testcase classname="backend.tests.test_balance_endpoints.TestDashboardIntegration" name="test_no_trade_members_widget_data" time="0.269" /></testsuite></testsuites>