<?xml version="1.0" encoding="utf-8"?><testsuites name="pytest tests"><testsuite name="pytest" errors="0" failures="2" skipped="0" tests="13" time="3.443" timestamp="2026-01-15T04:36:51.074952+00:00" hostname="agent-env-d5a66d1c-e5e7-4aeb-8d1e-4ad81477273b"><testcase classname="tests.test_iteration_38_bug_fixes.TestAuthentication" name="test_master_admin_login" time="0.299" /><testcase classname="tests.test_iteration_38_bug_fixes.TestBVESignalEditing" name="test_bve_signal_update_endpoint_exists" time="0.307" /><testcase classname="tests.test_iteration_38_bug_fixes.TestBVESignalEditing" name="test_bve_enter_and_signal_operations" time="0.502" /><testcase classname="tests.test_iteration_38_bug_fixes.TestBVESignalEditing" name="test_production_signals_not_affected_by_bve" time="0.307"><failure message="AttributeError: 'list' object has no attribute 'get'">tests/test_iteration_38_bug_fixes.py:153: in test_production_signals_not_affected_by_bve
    prod_signals = prod_data.get("signals", [])
                   ^^^^^^^^^^^^^
E   AttributeError: 'list' object has no attribute 'get'</failure></testcase><testcase classname="tests.test_iteration_38_bug_fixes.TestTradeHistoryActions" name="test_trade_history_endpoint" time="0.297" /><testcase classname="tests.test_iteration_38_bug_fixes.TestTradeHistoryActions" name="test_reset_trade_endpoint_requires_master_admin" time="0.293" /><testcase classname="tests.test_iteration_38_bug_fixes.TestTradeHistoryActions" name="test_reset_trade_without_auth" time="0.032" /><testcase classname="tests.test_iteration_38_bug_fixes.TestCountdownTimerUI" name="test_countdown_stall_detection_code_exists" time="0.000" /><testcase classname="tests.test_iteration_38_bug_fixes.TestCountdownTimerUI" name="test_bve_signal_edit_fix_code_exists" time="0.000" /><testcase classname="tests.test_iteration_38_bug_fixes.TestAPIEndpoints" name="test_active_signal_endpoint" time="0.328" /><testcase classname="tests.test_iteration_38_bug_fixes.TestAPIEndpoints" name="test_daily_summary_endpoint" time="0.334" /><testcase classname="tests.test_iteration_38_bug_fixes.TestAPIEndpoints" name="test_trade_streak_endpoint" time="0.294" /><testcase classname="tests.test_iteration_38_bug_fixes.TestAPIEndpoints" name="test_admin_signals_endpoint" time="0.294"><failure message="AssertionError: assert 'signals' in [{'created_at': '2026-01-12T12:19:15.703590Z', 'created_by': 'b4628e3e-9dec-42ef-8c75-dcba08194cd2', 'direction': 'BUY', 'id': 'b907fce2-4e50-45df-b2c8-6d5f4a0a2cb9', ...}, {'created_at': '2026-01-12T11:59:56.292957Z', 'created_by': 'b4628e3e-9dec-42ef-8c75-dcba08194cd2', 'direction': 'BUY', 'id': '96d63364-faa5-4998-a99d-88a583987c62', ...}, {'created_at': '2026-01-12T11:12:55.103737Z', 'created_by': 'b4628e3e-9dec-42ef-8c75-dcba08194cd2', 'direction': 'BUY', 'id': 'da24a05c-b749-4826-9363-5ef8dba3a73b', ...}, {'created_at': '2026-01-12T11:06:53.755409Z', 'created_by': 'b4628e3e-9dec-42ef-8c75-dcba08194cd2', 'direction': 'BUY', 'id': 'e8e4c722-0bbd-4825-8439-87a89e4f88da', ...}, {'created_at': '2026-01-12T10:37:38.633741Z', 'created_by': 'b4628e3e-9dec-42ef-8c75-dcba08194cd2', 'direction': 'BUY', 'id': 'cfcfb9f3-c66f-4fb9-833d-7a1a5d562f22', ...}, {'created_at': '2026-01-12T10:29:03.650166Z', 'created_by': 'b4628e3e-9dec-42ef-8c75-dcba08194cd2', 'direction': 'BUY', 'id': 'be0095ad-2b51-494f-8d11-4305dc772fd8', ...}, ...]">tests/test_iteration_38_bug_fixes.py:338: in test_admin_signals_endpoint
    assert "signals" in data
E   AssertionError: assert 'signals' in [{'created_at': '2026-01-12T12:19:15.703590Z', 'created_by': 'b4628e3e-9dec-42ef-8c75-dcba08194cd2', 'direction': 'BUY', 'id': 'b907fce2-4e50-45df-b2c8-6d5f4a0a2cb9', ...}, {'created_at': '2026-01-12T11:59:56.292957Z', 'created_by': 'b4628e3e-9dec-42ef-8c75-dcba08194cd2', 'direction': 'BUY', 'id': '96d63364-faa5-4998-a99d-88a583987c62', ...}, {'created_at': '2026-01-12T11:12:55.103737Z', 'created_by': 'b4628e3e-9dec-42ef-8c75-dcba08194cd2', 'direction': 'BUY', 'id': 'da24a05c-b749-4826-9363-5ef8dba3a73b', ...}, {'created_at': '2026-01-12T11:06:53.755409Z', 'created_by': 'b4628e3e-9dec-42ef-8c75-dcba08194cd2', 'direction': 'BUY', 'id': 'e8e4c722-0bbd-4825-8439-87a89e4f88da', ...}, {'created_at': '2026-01-12T10:37:38.633741Z', 'created_by': 'b4628e3e-9dec-42ef-8c75-dcba08194cd2', 'direction': 'BUY', 'id': 'cfcfb9f3-c66f-4fb9-833d-7a1a5d562f22', ...}, {'created_at': '2026-01-12T10:29:03.650166Z', 'created_by': 'b4628e3e-9dec-42ef-8c75-dcba08194cd2', 'direction': 'BUY', 'id': 'be0095ad-2b51-494f-8d11-4305dc772fd8', ...}, ...]</failure></testcase></testsuite></testsuites>