<?xml version="1.0" encoding="utf-8"?><testsuites name="pytest tests"><testsuite name="pytest" errors="0" failures="1" skipped="0" tests="18" time="3.610" timestamp="2026-02-16T11:19:38.560409+00:00" hostname="agent-env-5eb44742-c2ed-4ff6-bc8f-c92025cff73f"><testcase classname="backend.tests.test_phase3_habits_analytics.TestBannerAnalyticsTracking" name="test_track_notice_banner_impression" time="0.544" /><testcase classname="backend.tests.test_phase3_habits_analytics.TestBannerAnalyticsTracking" name="test_track_notice_banner_dismiss" time="0.116" /><testcase classname="backend.tests.test_phase3_habits_analytics.TestBannerAnalyticsTracking" name="test_track_promo_popup_impression" time="0.103" /><testcase classname="backend.tests.test_phase3_habits_analytics.TestBannerAnalyticsTracking" name="test_track_promo_popup_dismiss" time="0.111" /><testcase classname="backend.tests.test_phase3_habits_analytics.TestBannerAnalyticsAdmin" name="test_get_banner_analytics_requires_auth" time="0.140" /><testcase classname="backend.tests.test_phase3_habits_analytics.TestBannerAnalyticsAdmin" name="test_get_banner_analytics_with_auth" time="0.540" /><testcase classname="backend.tests.test_phase3_habits_analytics.TestUserHabitAPI" name="test_get_habits_requires_auth" time="0.125" /><testcase classname="backend.tests.test_phase3_habits_analytics.TestUserHabitAPI" name="test_get_habits_returns_list" time="0.105" /><testcase classname="backend.tests.test_phase3_habits_analytics.TestUserHabitAPI" name="test_complete_habit" time="0.134" /><testcase classname="backend.tests.test_phase3_habits_analytics.TestUserHabitAPI" name="test_uncomplete_habit" time="0.125" /><testcase classname="backend.tests.test_phase3_habits_analytics.TestUserHabitAPI" name="test_complete_nonexistent_habit" time="0.103" /><testcase classname="backend.tests.test_phase3_habits_analytics.TestAdminHabitAPI" name="test_admin_get_habits" time="0.158" /><testcase classname="backend.tests.test_phase3_habits_analytics.TestAdminHabitAPI" name="test_admin_create_habit" time="0.107" /><testcase classname="backend.tests.test_phase3_habits_analytics.TestAdminHabitAPI" name="test_admin_update_habit" time="0.318" /><testcase classname="backend.tests.test_phase3_habits_analytics.TestAdminHabitAPI" name="test_admin_delete_habit_soft_delete" time="0.331" /><testcase classname="backend.tests.test_phase3_habits_analytics.TestAdminHabitAPI" name="test_admin_create_send_invite_habit" time="0.250" /><testcase classname="backend.tests.test_phase3_habits_analytics.TestSignalBlockStatusWithHabitGate" name="test_signal_block_status_has_habit_gate_field" time="0.102"><failure message="AssertionError: assert 'habit_gate_locked' in {'blocked': False, 'missing_days': 0, 'reason': None}">backend/tests/test_phase3_habits_analytics.py:322: in test_signal_block_status_has_habit_gate_field
    assert "habit_gate_locked" in data
E   AssertionError: assert 'habit_gate_locked' in {'blocked': False, 'missing_days': 0, 'reason': None}</failure></testcase><testcase classname="backend.tests.test_phase3_habits_analytics.TestSeededHabitExists" name="test_seeded_habit_in_list" time="0.097" /></testsuite></testsuites>