<?xml version="1.0" encoding="utf-8"?><testsuites name="pytest tests"><testsuite name="pytest" errors="0" failures="2" skipped="0" tests="8" time="2.075" timestamp="2026-01-20T09:00:19.222665+00:00" hostname="agent-env-b456b94a-c1d1-49ac-97c5-3ff84df3e9b8"><testcase classname="tests.test_iteration_57.TestLicenseeTransactionEndpoints" name="test_get_licensee_transactions" time="0.310" /><testcase classname="tests.test_iteration_57.TestLicenseeTransactionEndpoints" name="test_update_licensee_transaction_endpoint_exists" time="0.292" /><testcase classname="tests.test_iteration_57.TestLicenseeTransactionEndpoints" name="test_delete_licensee_transaction_endpoint_exists" time="0.271" /><testcase classname="tests.test_iteration_57.TestProfitSummaryEndpoint" name="test_profit_summary" time="0.266" /><testcase classname="tests.test_iteration_57.TestLicenseInviteEndpoints" name="test_get_license_invites" time="0.270" /><testcase classname="tests.test_iteration_57.TestLicenseInviteEndpoints" name="test_create_honorary_invite_with_starting_balance" time="0.280"><failure message="AssertionError: Starting amount should be 5000&#10;assert None == 5000&#10; +  where None = &lt;built-in method get of dict object at 0xf9c2ae188700&gt;('starting_amount')&#10; +    where &lt;built-in method get of dict object at 0xf9c2ae188700&gt; = {'code': 'LIC-LNDEKKYC4WFDWFVE', 'invite_id': 'b6079133-dc80-4e26-a4ed-aa9383618a13', 'message': 'License invite created successfully', 'registration_url': 'https://diag-staging.preview.emergentagent.com/register/license/LIC-LNDEKKYC4WFDWFVE'}.get">tests/test_iteration_57.py:170: in test_create_honorary_invite_with_starting_balance
    assert data.get("starting_amount") == 5000, "Starting amount should be 5000"
E   AssertionError: Starting amount should be 5000
E   assert None == 5000
E    +  where None = &lt;built-in method get of dict object at 0xf9c2ae188700&gt;('starting_amount')
E    +    where &lt;built-in method get of dict object at 0xf9c2ae188700&gt; = {'code': 'LIC-LNDEKKYC4WFDWFVE', 'invite_id': 'b6079133-dc80-4e26-a4ed-aa9383618a13', 'message': 'License invite created successfully', 'registration_url': 'https://diag-staging.preview.emergentagent.com/register/license/LIC-LNDEKKYC4WFDWFVE'}.get</failure></testcase><testcase classname="tests.test_iteration_57.TestLicenseInviteEndpoints" name="test_create_honorary_invite_without_starting_balance" time="0.271"><failure message="AssertionError: Starting amount should be 0&#10;assert None == 0&#10; +  where None = &lt;built-in method get of dict object at 0xf9c2adff9940&gt;('starting_amount')&#10; +    where &lt;built-in method get of dict object at 0xf9c2adff9940&gt; = {'code': 'LIC-T50S75XROWXS_MGH', 'invite_id': '33340558-aeca-4bad-a45a-dd4e67bfdd93', 'message': 'License invite created successfully', 'registration_url': 'https://diag-staging.preview.emergentagent.com/register/license/LIC-T50S75XROWXS_MGH'}.get">tests/test_iteration_57.py:194: in test_create_honorary_invite_without_starting_balance
    assert data.get("starting_amount") == 0, "Starting amount should be 0"
E   AssertionError: Starting amount should be 0
E   assert None == 0
E    +  where None = &lt;built-in method get of dict object at 0xf9c2adff9940&gt;('starting_amount')
E    +    where &lt;built-in method get of dict object at 0xf9c2adff9940&gt; = {'code': 'LIC-T50S75XROWXS_MGH', 'invite_id': '33340558-aeca-4bad-a45a-dd4e67bfdd93', 'message': 'License invite created successfully', 'registration_url': 'https://diag-staging.preview.emergentagent.com/register/license/LIC-T50S75XROWXS_MGH'}.get</failure></testcase><testcase classname="tests.test_iteration_57.TestActiveSignalEndpoint" name="test_get_active_signal" time="0.036" /></testsuite></testsuites>