<?xml version="1.0" encoding="utf-8"?><testsuites name="pytest tests"><testsuite name="pytest" errors="0" failures="0" skipped="0" tests="11" time="3.205" timestamp="2026-03-03T07:35:12.752743+00:00" hostname="agent-env-935608de-eee3-485e-bc51-d4a09b383221"><testcase classname="backend.tests.test_bug_fixes_133.TestLotSizeTruncation" name="test_truncate_lot_size_formula_locally" time="0.000" /><testcase classname="backend.tests.test_bug_fixes_133.TestLotSizeTruncation" name="test_truncate_edge_cases" time="0.000" /><testcase classname="backend.tests.test_bug_fixes_133.TestStreakHolidayAwareness" name="test_presidents_day_2026_in_holidays" time="0.000" /><testcase classname="backend.tests.test_bug_fixes_133.TestStreakHolidayAwareness" name="test_get_habits_returns_streak" time="0.583" /><testcase classname="backend.tests.test_bug_fixes_133.TestHabitProofUpload" name="test_habit_complete_endpoint_accepts_body" time="0.854" /><testcase classname="backend.tests.test_bug_fixes_133.TestHabitProofUpload" name="test_habit_complete_without_body" time="0.583" /><testcase classname="backend.tests.test_bug_fixes_133.TestUSMarketHolidays" name="test_2026_holidays_include_presidents_day" time="0.202" /><testcase classname="backend.tests.test_bug_fixes_133.TestUSMarketHolidays" name="test_is_trading_day_skips_holidays" time="0.000" /><testcase classname="backend.tests.test_bug_fixes_133.TestAPIEndpoints" name="test_health_check" time="0.100" /><testcase classname="backend.tests.test_bug_fixes_133.TestAPIEndpoints" name="test_auth_login" time="0.322" /><testcase classname="backend.tests.test_bug_fixes_133.TestAPIEndpoints" name="test_profit_summary" time="0.487" /></testsuite></testsuites>