<?xml version="1.0" encoding="utf-8"?><testsuites name="pytest tests"><testsuite name="pytest" errors="0" failures="0" skipped="0" tests="7" time="4.197" timestamp="2026-02-17T02:29:36.288796+00:00" hostname="agent-env-da2d8ba5-73c5-470f-a5b8-3737d8c7e24a"><testcase classname="tests.test_iteration_108_member_visibility.TestMemberVisibilityFixes" name="test_admin_has_habits_and_affiliate_in_allowed_dashboards" time="0.625" /><testcase classname="tests.test_iteration_108_member_visibility.TestMemberVisibilityFixes" name="test_all_members_have_habits_and_affiliate" time="0.615" /><testcase classname="tests.test_iteration_108_member_visibility.TestMemberVisibilityFixes" name="test_signal_block_status_endpoint" time="0.476" /><testcase classname="tests.test_iteration_108_member_visibility.TestMemberVisibilityFixes" name="test_habits_endpoint" time="0.603" /><testcase classname="tests.test_iteration_108_member_visibility.TestMemberVisibilityFixes" name="test_habits_streak_endpoint" time="0.600" /><testcase classname="tests.test_iteration_108_member_visibility.TestMemberVisibilityFixes" name="test_affiliate_resources_endpoint" time="0.731" /><testcase classname="tests.test_iteration_108_member_visibility.TestRegistrationDefaults" name="test_admin_habits_management" time="0.488" /></testsuite></testsuites>