<?xml version="1.0" encoding="utf-8"?><testsuites name="pytest tests"><testsuite name="pytest" errors="0" failures="0" skipped="0" tests="10" time="4.398" timestamp="2026-03-10T12:50:22.043561+00:00" hostname="agent-env-f8f73ea5-9bea-4fee-8121-829af287921c"><testcase classname="tests.test_iteration_179_black_screen_fix.TestBackendHealth" name="test_backend_is_running" time="0.202" /><testcase classname="tests.test_iteration_179_black_screen_fix.TestAdminLogin" name="test_admin_login_success" time="0.324" /><testcase classname="tests.test_iteration_179_black_screen_fix.TestAdminLogin" name="test_login_response_includes_referred_by" time="0.335" /><testcase classname="tests.test_iteration_179_black_screen_fix.TestSetInviterEndpoint" name="test_set_inviter_rejects_self_referral" time="0.587" /><testcase classname="tests.test_iteration_179_black_screen_fix.TestSetInviterEndpoint" name="test_set_inviter_allows_resetting" time="0.702" /><testcase classname="tests.test_iteration_179_black_screen_fix.TestReferralTracking" name="test_tracking_returns_referred_by_fields" time="0.451" /><testcase classname="tests.test_iteration_179_black_screen_fix.TestAffiliateCenterEndpoints" name="test_lookup_members_works" time="0.451" /><testcase classname="tests.test_iteration_179_black_screen_fix.TestAffiliateCenterEndpoints" name="test_my_code_endpoint_works" time="0.441" /><testcase classname="tests.test_iteration_179_black_screen_fix.TestAdminMembersPage" name="test_get_members_list" time="0.444" /><testcase classname="tests.test_iteration_179_black_screen_fix.TestAdminMembersPage" name="test_get_member_details_includes_referral_fields" time="0.426" /></testsuite></testsuites>