<?xml version="1.0" encoding="utf-8"?><testsuites name="pytest tests"><testsuite name="pytest" errors="0" failures="13" skipped="0" tests="21" time="4.064" timestamp="2026-02-24T07:00:36.993453+00:00" hostname="agent-env-e7adc257-8e12-400e-958d-9670af39e383"><testcase classname="backend.tests.test_projection_regression.TestTradingDays" name="test_us_market_holidays_2026" time="0.000"><failure message="ModuleNotFoundError: No module named 'utils'">backend/tests/test_projection_regression.py:37: in test_us_market_holidays_2026
    from utils.trading_days import get_us_market_holidays
E   ModuleNotFoundError: No module named 'utils'</failure></testcase><testcase classname="backend.tests.test_projection_regression.TestTradingDays" name="test_holiday_range" time="0.000"><failure message="ModuleNotFoundError: No module named 'utils'">backend/tests/test_projection_regression.py:53: in test_holiday_range
    from utils.trading_days import get_holidays_for_range
E   ModuleNotFoundError: No module named 'utils'</failure></testcase><testcase classname="backend.tests.test_projection_regression.TestTradingDays" name="test_is_trading_day_weekday" time="0.000"><failure message="ModuleNotFoundError: No module named 'utils'">backend/tests/test_projection_regression.py:60: in test_is_trading_day_weekday
    from utils.trading_days import is_trading_day
E   ModuleNotFoundError: No module named 'utils'</failure></testcase><testcase classname="backend.tests.test_projection_regression.TestTradingDays" name="test_is_trading_day_weekend" time="0.000"><failure message="ModuleNotFoundError: No module named 'utils'">backend/tests/test_projection_regression.py:66: in test_is_trading_day_weekend
    from utils.trading_days import is_trading_day
E   ModuleNotFoundError: No module named 'utils'</failure></testcase><testcase classname="backend.tests.test_projection_regression.TestTradingDays" name="test_is_trading_day_holiday" time="0.000"><failure message="ModuleNotFoundError: No module named 'utils'">backend/tests/test_projection_regression.py:72: in test_is_trading_day_holiday
    from utils.trading_days import is_trading_day, get_us_market_holidays
E   ModuleNotFoundError: No module named 'utils'</failure></testcase><testcase classname="backend.tests.test_projection_regression.TestTradingDays" name="test_project_quarterly_growth_basic" time="0.000"><failure message="ModuleNotFoundError: No module named 'utils'">backend/tests/test_projection_regression.py:79: in test_project_quarterly_growth_basic
    from utils.trading_days import project_quarterly_growth
E   ModuleNotFoundError: No module named 'utils'</failure></testcase><testcase classname="backend.tests.test_projection_regression.TestTradingDays" name="test_project_quarterly_growth_formula" time="0.000"><failure message="ModuleNotFoundError: No module named 'utils'">backend/tests/test_projection_regression.py:98: in test_project_quarterly_growth_formula
    from utils.trading_days import project_quarterly_growth
E   ModuleNotFoundError: No module named 'utils'</failure></testcase><testcase classname="backend.tests.test_projection_regression.TestTradingDays" name="test_project_quarterly_growth_quarter_boundary" time="0.000"><failure message="ModuleNotFoundError: No module named 'utils'">backend/tests/test_projection_regression.py:114: in test_project_quarterly_growth_quarter_boundary
    from utils.trading_days import project_quarterly_growth
E   ModuleNotFoundError: No module named 'utils'</failure></testcase><testcase classname="backend.tests.test_projection_regression.TestTradingDays" name="test_observe_holiday_saturday" time="0.000"><failure message="ModuleNotFoundError: No module named 'utils'">backend/tests/test_projection_regression.py:131: in test_observe_holiday_saturday
    from utils.trading_days import _observe
E   ModuleNotFoundError: No module named 'utils'</failure></testcase><testcase classname="backend.tests.test_projection_regression.TestTradingDays" name="test_observe_holiday_sunday" time="0.000"><failure message="ModuleNotFoundError: No module named 'utils'">backend/tests/test_projection_regression.py:139: in test_observe_holiday_sunday
    from utils.trading_days import _observe
E   ModuleNotFoundError: No module named 'utils'</failure></testcase><testcase classname="backend.tests.test_projection_regression.TestCalculations" name="test_lot_size" time="0.000"><failure message="ModuleNotFoundError: No module named 'utils'">backend/tests/test_projection_regression.py:151: in test_lot_size
    from utils.calculations import calculate_lot_size
E   ModuleNotFoundError: No module named 'utils'</failure></testcase><testcase classname="backend.tests.test_projection_regression.TestCalculations" name="test_projected_profit" time="0.000"><failure message="ModuleNotFoundError: No module named 'utils'">backend/tests/test_projection_regression.py:157: in test_projected_profit
    from utils.calculations import calculate_projected_profit
E   ModuleNotFoundError: No module named 'utils'</failure></testcase><testcase classname="backend.tests.test_projection_regression.TestCalculations" name="test_performance_categories" time="0.000"><failure message="ModuleNotFoundError: No module named 'utils'">backend/tests/test_projection_regression.py:164: in test_performance_categories
    from utils.calculations import determine_performance
E   ModuleNotFoundError: No module named 'utils'</failure></testcase><testcase classname="backend.tests.test_projection_regression.TestProjectionAPIs" name="test_year_projections_as_admin_for_licensee" time="0.577" /><testcase classname="backend.tests.test_projection_regression.TestProjectionAPIs" name="test_year_projections_as_licensee" time="0.453" /><testcase classname="backend.tests.test_projection_regression.TestProjectionAPIs" name="test_daily_projection_as_licensee" time="0.448" /><testcase classname="backend.tests.test_projection_regression.TestProjectionAPIs" name="test_licensee_summary_correct_values" time="0.434" /><testcase classname="backend.tests.test_projection_regression.TestProjectionAPIs" name="test_admin_member_details_for_licensee" time="0.432" /><testcase classname="backend.tests.test_projection_regression.TestProjectionAPIs" name="test_year_projections_no_license_404" time="0.444" /><testcase classname="backend.tests.test_projection_regression.TestProjectionAPIs" name="test_projection_values_consistency" time="0.574" /><testcase classname="backend.tests.test_projection_regression.TestProjectionAPIs" name="test_all_honorary_licensees_have_projections" time="0.544" /></testsuite></testsuites>