<?xml version="1.0" encoding="utf-8"?><testsuites name="pytest tests"><testsuite name="pytest" errors="0" failures="0" skipped="0" tests="13" time="3.021" timestamp="2026-01-15T07:27:37.423321+00:00" hostname="agent-env-d5a66d1c-e5e7-4aeb-8d1e-4ad81477273b"><testcase classname="tests.test_iteration_42_license_fixes.TestLicenseCreation" name="test_honorary_licensee_invite_accepts_zero_starting_amount" time="0.374" /><testcase classname="tests.test_iteration_42_license_fixes.TestLicenseCreation" name="test_extended_licensee_invite_requires_positive_starting_amount" time="0.295" /><testcase classname="tests.test_iteration_42_license_fixes.TestLicenseCreation" name="test_extended_licensee_invite_with_valid_amount" time="0.296" /><testcase classname="tests.test_iteration_42_license_fixes.TestLicenseRevocationLogin" name="test_login_returns_403_for_revoked_license" time="0.294" /><testcase classname="tests.test_iteration_42_license_fixes.TestLicenseRevocationLogin" name="test_login_403_message_content" time="0.254" /><testcase classname="tests.test_iteration_42_license_fixes.TestExtendedLicenseFixedLotSize" name="test_calculate_extended_license_projections_fixed_lot_size" time="0.391" /><testcase classname="tests.test_iteration_42_license_fixes.TestExtendedLicenseFixedLotSize" name="test_calculate_extended_license_projections_fixed_daily_profit" time="0.331" /><testcase classname="tests.test_iteration_42_license_fixes.TestLicenseProjectionsIncludeLotSize" name="test_license_projections_contain_lot_size_field" time="0.336" /><testcase classname="tests.test_iteration_42_license_fixes.TestProfitSummaryForLicensees" name="test_profit_summary_endpoint_exists" time="0.383" /><testcase classname="tests.test_iteration_42_license_fixes.TestFrontendCodeReview" name="test_admin_licenses_page_hides_starting_amount_for_honorary" time="0.000" /><testcase classname="tests.test_iteration_42_license_fixes.TestFrontendCodeReview" name="test_admin_licenses_page_handle_create_invite" time="0.000" /><testcase classname="tests.test_iteration_42_license_fixes.TestFrontendCodeReview" name="test_licensee_account_page_uses_profit_summary" time="0.000" /><testcase classname="tests.test_iteration_42_license_fixes.TestFrontendCodeReview" name="test_profit_tracker_page_uses_backend_projections" time="0.000" /></testsuite></testsuites>