<?xml version="1.0" encoding="utf-8"?><testsuites name="pytest tests"><testsuite name="pytest" errors="0" failures="0" skipped="0" tests="6" time="3.777" timestamp="2026-03-07T06:22:23.015152+00:00" hostname="agent-env-9ab13f18-ca36-441a-9645-8ef237f3ec8b"><testcase classname="tests.test_iteration_148.TestCommissionEndpoint" name="test_save_commission_with_commission_date" time="0.607" /><testcase classname="tests.test_iteration_148.TestCommissionEndpoint" name="test_save_commission_without_commission_date" time="0.124" /><testcase classname="tests.test_iteration_148.TestCommissionsRetrieval" name="test_get_commissions_list" time="0.110" /><testcase classname="tests.test_iteration_148.TestRewardsBatchSync" name="test_batch_sync_all_users" time="2.520" /><testcase classname="tests.test_iteration_148.TestRewardsBatchSync" name="test_get_sync_status" time="0.264" /><testcase classname="tests.test_iteration_148.TestProfitSummary" name="test_get_profit_summary" time="0.120" /></testsuite></testsuites>