<?xml version="1.0" encoding="utf-8"?><testsuites name="pytest tests"><testsuite name="pytest" errors="0" failures="0" skipped="0" tests="16" time="5.987" timestamp="2026-03-10T02:26:41.130053+00:00" hostname="agent-env-cf9bd33f-4d29-4706-8391-19f588dc0fa8"><testcase classname="tests.test_iteration_159_social_growth_engine.TestSocialGrowthEngineBackend" name="test_01_login_admin_success" time="0.371" /><testcase classname="tests.test_iteration_159_social_growth_engine.TestSocialGrowthEngineBackend" name="test_02_get_social_tasks_returns_correct_structure" time="0.409" /><testcase classname="tests.test_iteration_159_social_growth_engine.TestSocialGrowthEngineBackend" name="test_03_level_is_within_1_to_7_range" time="0.387" /><testcase classname="tests.test_iteration_159_social_growth_engine.TestSocialGrowthEngineBackend" name="test_04_next_level_threshold_correct" time="0.407" /><testcase classname="tests.test_iteration_159_social_growth_engine.TestSocialGrowthEngineBackend" name="test_05_task_count_scales_with_level" time="0.393" /><testcase classname="tests.test_iteration_159_social_growth_engine.TestSocialGrowthEngineBackend" name="test_06_tasks_have_task_type_field" time="0.446" /><testcase classname="tests.test_iteration_159_social_growth_engine.TestSocialGrowthEngineBackend" name="test_07_tasks_have_required_fields" time="0.389" /><testcase classname="tests.test_iteration_159_social_growth_engine.TestSocialGrowthEngineBackend" name="test_08_level_progression_thresholds_logic" time="0.388" /><testcase classname="tests.test_iteration_159_social_growth_engine.TestSocialGrowthEngineBackend" name="test_10_complete_social_task_returns_reward_info" time="0.465" /><testcase classname="tests.test_iteration_159_social_growth_engine.TestSocialGrowthEngineBackend" name="test_11_habit_reward_points_scale_correctly" time="0.403" /><testcase classname="tests.test_iteration_159_social_growth_engine.TestSocialGrowthEngineBackend" name="test_12_uncomplete_social_task" time="0.439" /><testcase classname="tests.test_iteration_159_social_growth_engine.TestSocialGrowthEngineBackend" name="test_20_all_level_names_defined" time="0.388" /><testcase classname="tests.test_iteration_159_social_growth_engine.TestHabitCompletionRewards" name="test_habit_complete_returns_reward" time="0.405" /><testcase classname="tests.test_iteration_159_social_growth_engine.TestSocialTasksUnauthenticated" name="test_unauth_get_social_tasks" time="0.129" /><testcase classname="tests.test_iteration_159_social_growth_engine.TestSocialTasksUnauthenticated" name="test_unauth_complete_social_task" time="0.107" /><testcase classname="tests.test_iteration_159_social_growth_engine.TestStreakEndpoint" name="test_get_streak_endpoint" time="0.408" /></testsuite></testsuites>