<?xml version="1.0" encoding="utf-8"?><testsuites name="pytest tests"><testsuite name="pytest" errors="0" failures="0" skipped="0" tests="7" time="3.143" timestamp="2026-02-16T12:19:10.234008+00:00" hostname="agent-env-5eb44742-c2ed-4ff6-bc8f-c92025cff73f"><testcase classname="backend.tests.test_iteration_104_activity_feed.TestActivityFeed" name="test_activity_feed_returns_200" time="0.496" /><testcase classname="backend.tests.test_iteration_104_activity_feed.TestActivityFeed" name="test_activity_feed_structure" time="0.390" /><testcase classname="backend.tests.test_iteration_104_activity_feed.TestActivityFeed" name="test_activity_feed_since_parameter" time="0.442" /><testcase classname="backend.tests.test_iteration_104_activity_feed.TestActivityFeed" name="test_activity_feed_limit_parameter" time="0.529" /><testcase classname="backend.tests.test_iteration_104_activity_feed.TestActivityFeed" name="test_activity_feed_requires_admin_auth" time="0.436" /><testcase classname="backend.tests.test_iteration_104_activity_feed.TestActivityFeed" name="test_activity_feed_has_habit_or_trade_activities" time="0.412" /><testcase classname="backend.tests.test_iteration_104_activity_feed.TestActivityFeedPolling" name="test_polling_with_timestamp" time="0.379" /></testsuite></testsuites>