<?xml version="1.0" encoding="utf-8"?><testsuites name="pytest tests"><testsuite name="pytest" errors="0" failures="1" skipped="0" tests="12" time="1.327" timestamp="2026-01-11T07:29:01.951680+00:00" hostname="agent-env-df95df61-3df0-4f8d-944a-8b19fccd7891"><testcase classname="tests.test_iteration_20.TestAuthEndpoints" name="test_verify_heartbeat_valid_email" time="0.213" /><testcase classname="tests.test_iteration_20.TestAuthEndpoints" name="test_verify_heartbeat_invalid_email" time="0.167" /><testcase classname="tests.test_iteration_20.TestAuthEndpoints" name="test_set_password_requires_heartbeat_verification" time="0.144" /><testcase classname="tests.test_iteration_20.TestAuthEndpoints" name="test_set_password_short_password" time="0.032" /><testcase classname="tests.test_iteration_20.TestSettingsEndpoints" name="test_get_settings_includes_custom_registration_link" time="0.044" /><testcase classname="tests.test_iteration_20.TestSettingsEndpoints" name="test_update_custom_registration_link" time="0.099" /><testcase classname="tests.test_iteration_20.TestSettingsEndpoints" name="test_public_settings_endpoint" time="0.111"><failure message="assert 404 == 200&#10; +  where 404 = &lt;Response [404]&gt;.status_code">tests/test_iteration_20.py:129: in test_public_settings_endpoint
    assert response.status_code == 200
E   assert 404 == 200
E    +  where 404 = &lt;Response [404]&gt;.status_code</failure></testcase><testcase classname="tests.test_iteration_20.TestLicenseChangeType" name="test_get_active_licenses" time="0.046" /><testcase classname="tests.test_iteration_20.TestLicenseChangeType" name="test_change_license_type_requires_master_admin" time="0.057" /><testcase classname="tests.test_iteration_20.TestLicenseChangeType" name="test_change_license_type_invalid_type" time="0.095" /><testcase classname="tests.test_iteration_20.TestSidebarVisibility" name="test_licensee_login" time="0.221" /><testcase classname="tests.test_iteration_20.TestSidebarVisibility" name="test_master_admin_login" time="0.037" /></testsuite></testsuites>