<?xml version="1.0" encoding="utf-8"?><testsuites name="pytest tests"><testsuite name="pytest" errors="0" failures="0" skipped="0" tests="13" time="3.377" timestamp="2026-03-11T16:54:47.569500+00:00" hostname="agent-env-98d3a8a9-9ba0-4660-bc4e-558f80e5a4af"><testcase classname="tests.test_iteration_182_p0_bugs.TestServerHealth" name="test_server_running" time="0.155" /><testcase classname="tests.test_iteration_182_p0_bugs.TestAdminLogin" name="test_login" time="0.391" /><testcase classname="tests.test_iteration_182_p0_bugs.TestBug1OnboardingEndpoint" name="test_new_trader_payload_no_422" time="0.547" /><testcase classname="tests.test_iteration_182_p0_bugs.TestBug1OnboardingEndpoint" name="test_experienced_trader_payload" time="0.179" /><testcase classname="tests.test_iteration_182_p0_bugs.TestBug2StreakSyncToRewards" name="test_rewards_summary_returns_streak" time="0.122" /><testcase classname="tests.test_iteration_182_p0_bugs.TestBug2StreakSyncToRewards" name="test_rewards_summary_has_correct_fields" time="0.104" /><testcase classname="tests.test_iteration_182_p0_bugs.TestBug3ReferralTreeNesting" name="test_referral_tree_structure" time="0.461" /><testcase classname="tests.test_iteration_182_p0_bugs.TestBug3ReferralTreeNesting" name="test_my_code_referral_counting" time="0.134" /><testcase classname="tests.test_iteration_182_p0_bugs.TestBug3ReferralTreeNesting" name="test_tracking_endpoint" time="0.131" /><testcase classname="tests.test_iteration_182_p0_bugs.TestBug4MemberCountMismatch" name="test_admin_members_returns_total" time="0.492" /><testcase classname="tests.test_iteration_182_p0_bugs.TestBug4MemberCountMismatch" name="test_admin_members_pagination" time="0.129" /><testcase classname="tests.test_iteration_182_p0_bugs.TestRegressionLoginFlow" name="test_login_with_valid_credentials" time="0.356" /><testcase classname="tests.test_iteration_182_p0_bugs.TestRegressionLoginFlow" name="test_login_with_invalid_credentials" time="0.139" /></testsuite></testsuites>