<?xml version="1.0" encoding="utf-8"?><testsuites name="pytest tests"><testsuite name="pytest" errors="0" failures="0" skipped="0" tests="15" time="4.594" timestamp="2026-01-19T09:30:27.463162+00:00" hostname="agent-env-b9715d31-a46b-4057-965e-1556ab30cc3c"><testcase classname="tests.test_iteration_53_commission_tracking.TestCommissionTracking" name="test_01_login_success" time="0.524" /><testcase classname="tests.test_iteration_53_commission_tracking.TestCommissionTracking" name="test_02_trade_log_accepts_commission" time="0.278" /><testcase classname="tests.test_iteration_53_commission_tracking.TestCommissionTracking" name="test_03_trade_log_default_commission_zero" time="0.311" /><testcase classname="tests.test_iteration_53_commission_tracking.TestCommissionTracking" name="test_04_profit_summary_includes_commission" time="0.278" /><testcase classname="tests.test_iteration_53_commission_tracking.TestCommissionTracking" name="test_05_trade_logs_contain_commission" time="0.275" /><testcase classname="tests.test_iteration_53_commission_tracking.TestCommissionTracking" name="test_06_complete_onboarding_accepts_total_commission" time="0.260" /><testcase classname="tests.test_iteration_53_commission_tracking.TestCommissionTracking" name="test_07_trade_history_includes_commission" time="0.261" /><testcase classname="tests.test_iteration_53_commission_tracking.TestCommissionTracking" name="test_08_missed_trade_accepts_commission" time="0.317" /><testcase classname="tests.test_iteration_53_commission_tracking.TestCommissionTracking" name="test_09_daily_summary_calculation" time="0.312" /><testcase classname="tests.test_iteration_53_commission_tracking.TestCommissionTracking" name="test_10_trade_streak_endpoint" time="0.311" /><testcase classname="tests.test_iteration_53_commission_tracking.TestCommissionCalculations" name="test_01_account_value_formula" time="0.268" /><testcase classname="tests.test_iteration_53_commission_tracking.TestCommissionCalculations" name="test_02_withdrawal_simulation_with_commission" time="0.325" /><testcase classname="tests.test_iteration_53_commission_tracking.TestCommissionInDailyProjection" name="test_01_trade_logs_have_commission_for_projection" time="0.265" /><testcase classname="tests.test_iteration_53_commission_tracking.TestCommissionInDailyProjection" name="test_02_global_holidays_endpoint" time="0.264" /><testcase classname="tests.test_iteration_53_commission_tracking.TestCommissionInDailyProjection" name="test_03_trading_products_endpoint" time="0.270" /></testsuite></testsuites>