<?xml version="1.0" encoding="utf-8"?><testsuites name="pytest tests"><testsuite name="pytest" errors="0" failures="2" skipped="0" tests="19" time="5.855" timestamp="2026-03-11T17:38:33.262821+00:00" hostname="agent-env-98d3a8a9-9ba0-4660-bc4e-558f80e5a4af"><testcase classname="tests.test_iteration_184_features.TestStatsOverview" name="test_stats_overview_returns_200" time="0.607" /><testcase classname="tests.test_iteration_184_features.TestStatsOverview" name="test_stats_overview_has_required_fields" time="0.147" /><testcase classname="tests.test_iteration_184_features.TestStatsOverview" name="test_stats_overview_values_non_negative" time="0.268" /><testcase classname="tests.test_iteration_184_features.TestSuspendedMemberIsolation" name="test_default_member_list_returns_200" time="0.167" /><testcase classname="tests.test_iteration_184_features.TestSuspendedMemberIsolation" name="test_default_member_list_excludes_suspended" time="0.234" /><testcase classname="tests.test_iteration_184_features.TestSuspendedMemberIsolation" name="test_suspended_filter_only_shows_suspended" time="0.118" /><testcase classname="tests.test_iteration_184_features.TestSuspendedMemberIsolation" name="test_active_filter_excludes_suspended" time="0.154" /><testcase classname="tests.test_iteration_184_features.TestHabitsOverhaul" name="test_admin_get_habits_returns_200" time="0.134" /><testcase classname="tests.test_iteration_184_features.TestHabitsOverhaul" name="test_admin_create_habit_with_day_of_week" time="0.130" /><testcase classname="tests.test_iteration_184_features.TestHabitsOverhaul" name="test_admin_create_habit_with_requires_screenshot" time="0.140" /><testcase classname="tests.test_iteration_184_features.TestHabitsOverhaul" name="test_admin_update_habit_preserves_fields" time="0.113" /><testcase classname="tests.test_iteration_184_features.TestHabitsOverhaul" name="test_get_habits_filters_by_day" time="0.118" /><testcase classname="tests.test_iteration_184_features.TestHabitScreenshotRequirement" name="test_complete_habit_without_screenshot_fails" time="0.222" /><testcase classname="tests.test_iteration_184_features.TestHabitScreenshotRequirement" name="test_complete_habit_with_screenshot_succeeds" time="0.666" /><testcase classname="tests.test_iteration_184_features.TestRegressionLogin" name="test_login_with_valid_credentials" time="0.349" /><testcase classname="tests.test_iteration_184_features.TestRegressionLogin" name="test_login_with_invalid_credentials" time="0.115" /><testcase classname="tests.test_iteration_184_features.TestRegressionOnboarding" name="test_onboarding_status_endpoint" time="0.117"><failure message="AssertionError: Expected 200, got 404&#10;assert 404 == 200&#10; +  where 404 = &lt;Response [404]&gt;.status_code">backend/tests/test_iteration_184_features.py:296: in test_onboarding_status_endpoint
    assert response.status_code == 200, f"Expected 200, got {response.status_code}"
E   AssertionError: Expected 200, got 404
E   assert 404 == 200
E    +  where 404 = &lt;Response [404]&gt;.status_code</failure></testcase><testcase classname="tests.test_iteration_184_features.TestRegressionRewardsStreak" name="test_rewards_summary_returns_streak" time="0.170"><failure message="AssertionError: Expected 200 or 404, got 422&#10;assert 422 in [200, 404]&#10; +  where 422 = &lt;Response [422]&gt;.status_code">backend/tests/test_iteration_184_features.py:306: in test_rewards_summary_returns_streak
    assert response.status_code in [200, 404], f"Expected 200 or 404, got {response.status_code}"
E   AssertionError: Expected 200 or 404, got 422
E   assert 422 in [200, 404]
E    +  where 422 = &lt;Response [422]&gt;.status_code</failure></testcase><testcase classname="tests.test_iteration_184_features.TestServerHealth" name="test_server_is_up" time="1.815" /></testsuite></testsuites>