<?xml version="1.0" encoding="utf-8"?><testsuites name="pytest tests"><testsuite name="pytest" errors="0" failures="0" skipped="0" tests="11" time="4.113" timestamp="2026-01-16T00:16:54.860374+00:00" hostname="agent-env-d1f9bc88-7eab-415f-8bea-a71b0948d980"><testcase classname="tests.test_iteration_45_notifications_reset.TestAuth" name="test_login_master_admin" time="0.300" /><testcase classname="tests.test_iteration_45_notifications_reset.TestNotificationEndpoints" name="test_get_notifications" time="0.305" /><testcase classname="tests.test_iteration_45_notifications_reset.TestNotificationEndpoints" name="test_get_notifications_unread_only" time="0.298" /><testcase classname="tests.test_iteration_45_notifications_reset.TestNotificationEndpoints" name="test_mark_notifications_read" time="0.350" /><testcase classname="tests.test_iteration_45_notifications_reset.TestNotificationEndpoints" name="test_clear_notifications" time="0.374" /><testcase classname="tests.test_iteration_45_notifications_reset.TestWebSocketEndpoints" name="test_websocket_status_endpoint" time="0.337" /><testcase classname="tests.test_iteration_45_notifications_reset.TestResetTrackerFlow" name="test_verify_password_endpoint" time="0.828" /><testcase classname="tests.test_iteration_45_notifications_reset.TestResetTrackerFlow" name="test_reset_endpoint_exists" time="0.303" /><testcase classname="tests.test_iteration_45_notifications_reset.TestOnboardingEndpoints" name="test_onboarding_status_endpoint" time="0.337" /><testcase classname="tests.test_iteration_45_notifications_reset.TestOnboardingEndpoints" name="test_complete_onboarding_endpoint_exists" time="0.306" /><testcase classname="tests.test_iteration_45_notifications_reset.TestProfitSummary" name="test_profit_summary" time="0.302" /></testsuite></testsuites>