<?xml version="1.0" encoding="utf-8"?><testsuites name="pytest tests"><testsuite name="pytest" errors="0" failures="0" skipped="0" tests="11" time="3.199" timestamp="2026-01-15T14:35:54.835361+00:00" hostname="agent-env-d1f9bc88-7eab-415f-8bea-a71b0948d980"><testcase classname="tests.test_iteration_43_bug_fixes.TestTradeStreakAPI" name="test_streak_endpoint_returns_correct_structure" time="0.416" /><testcase classname="tests.test_iteration_43_bug_fixes.TestTradeStreakAPI" name="test_streak_calculation_logic" time="0.342" /><testcase classname="tests.test_iteration_43_bug_fixes.TestActiveSignalAPI" name="test_active_signal_endpoint_no_signal" time="0.294" /><testcase classname="tests.test_iteration_43_bug_fixes.TestMissedTradeAPI" name="test_log_missed_trade_sets_manual_adjustment_flag" time="0.304" /><testcase classname="tests.test_iteration_43_bug_fixes.TestDailySummaryAPI" name="test_daily_summary_endpoint" time="0.291" /><testcase classname="tests.test_iteration_43_bug_fixes.TestProfitSummaryAPI" name="test_profit_summary_endpoint" time="0.295" /><testcase classname="tests.test_iteration_43_bug_fixes.TestTradeHistoryAPI" name="test_trade_history_endpoint" time="0.299" /><testcase classname="tests.test_iteration_43_bug_fixes.TestMissedTradeStatusAPI" name="test_missed_trade_status_endpoint" time="0.291" /><testcase classname="tests.test_iteration_43_bug_fixes.TestAuthenticationFlow" name="test_login_master_admin" time="0.257" /><testcase classname="tests.test_iteration_43_bug_fixes.TestAuthenticationFlow" name="test_login_invalid_credentials" time="0.033" /><testcase classname="tests.test_iteration_43_bug_fixes.TestAdminSignalsAPI" name="test_get_signals_list" time="0.290" /></testsuite></testsuites>