<?xml version="1.0" encoding="utf-8"?><testsuites name="pytest tests"><testsuite name="pytest" errors="0" failures="0" skipped="0" tests="24" time="1.972" timestamp="2026-01-10T21:16:06.665913+00:00" hostname="agent-env-51d53b58-e537-4392-8f45-c27b403b1bbf"><testcase classname="tests.test_profit_tracker_v2.TestAuth" name="test_login_success" time="0.075" /><testcase classname="tests.test_profit_tracker_v2.TestVerifyPassword" name="test_verify_password_correct" time="0.302" /><testcase classname="tests.test_profit_tracker_v2.TestVerifyPassword" name="test_verify_password_incorrect" time="0.258" /><testcase classname="tests.test_profit_tracker_v2.TestVerifyPassword" name="test_verify_password_requires_auth" time="0.039" /><testcase classname="tests.test_profit_tracker_v2.TestWithdrawalsEndpoint" name="test_get_withdrawals_endpoint_exists" time="0.122" /><testcase classname="tests.test_profit_tracker_v2.TestWithdrawalsEndpoint" name="test_withdrawal_record_structure" time="0.072" /><testcase classname="tests.test_profit_tracker_v2.TestConfirmWithdrawalReceipt" name="test_confirm_receipt_endpoint" time="0.126" /><testcase classname="tests.test_profit_tracker_v2.TestConfirmWithdrawalReceipt" name="test_confirm_receipt_updates_record" time="0.119" /><testcase classname="tests.test_profit_tracker_v2.TestConfirmWithdrawalReceipt" name="test_confirm_receipt_invalid_id" time="0.040" /><testcase classname="tests.test_profit_tracker_v2.TestWithdrawalBalanceDeduction" name="test_withdrawal_deducts_balance_immediately" time="0.159" /><testcase classname="tests.test_profit_tracker_v2.TestResetProfitTracker" name="test_reset_endpoint_exists" time="0.076" /><testcase classname="tests.test_profit_tracker_v2.TestResetProfitTracker" name="test_reset_clears_deposits" time="0.153" /><testcase classname="tests.test_profit_tracker_v2.TestLargeNumberFormatting" name="test_format_million" time="0.000" /><testcase classname="tests.test_profit_tracker_v2.TestLargeNumberFormatting" name="test_format_billion" time="0.000" /><testcase classname="tests.test_profit_tracker_v2.TestLargeNumberFormatting" name="test_format_trillion" time="0.000" /><testcase classname="tests.test_profit_tracker_v2.TestLargeNumberFormatting" name="test_format_negative_large_numbers" time="0.000" /><testcase classname="tests.test_profit_tracker_v2.TestDepositsEndpoint" name="test_get_deposits_returns_list" time="0.078" /><testcase classname="tests.test_profit_tracker_v2.TestDepositsEndpoint" name="test_deposit_record_structure" time="0.072" /><testcase classname="tests.test_profit_tracker_v2.TestProfitSummary" name="test_get_profit_summary" time="0.074" /><testcase classname="tests.test_profit_tracker_v2.TestMonthlyProjectionCalculation" name="test_monthly_projection_generates_60_months" time="0.000" /><testcase classname="tests.test_profit_tracker_v2.TestMonthlyProjectionCalculation" name="test_monthly_projection_grouped_by_year" time="0.000" /><testcase classname="tests.test_profit_tracker_v2.TestMonthlyProjectionCalculation" name="test_year_final_balance_shown" time="0.000" /><testcase classname="tests.test_profit_tracker_v2.TestYearProjectionDropdown" name="test_projection_for_different_years" time="0.000" /><testcase classname="tests.test_profit_tracker_v2.TestCleanup" name="test_add_initial_balance_after_tests" time="0.115" /></testsuite></testsuites>