<?xml version="1.0" encoding="utf-8"?><testsuites name="pytest tests"><testsuite name="pytest" errors="0" failures="0" skipped="0" tests="8" time="3.149" timestamp="2026-02-03T15:41:37.083782+00:00" hostname="agent-env-a24e0721-baae-4026-b795-11b0d350a424"><testcase classname="backend.tests.test_iteration_77.TestAdminAuthentication" name="test_admin_login" time="0.329" /><testcase classname="backend.tests.test_iteration_77.TestTodayStatsEndpoint" name="test_today_stats_returns_profit_and_commission" time="0.322" /><testcase classname="backend.tests.test_iteration_77.TestNotifyMemberEndpoint" name="test_notify_member_endpoint_exists" time="1.102" /><testcase classname="backend.tests.test_iteration_77.TestMissedTradersEndpoint" name="test_missed_traders_endpoint" time="0.308" /><testcase classname="backend.tests.test_iteration_77.TestDeleteMemberTradeEndpoint" name="test_delete_trade_endpoint_requires_master_admin" time="0.300" /><testcase classname="backend.tests.test_iteration_77.TestTradeMonitorPage" name="test_active_signal_endpoint" time="0.311" /><testcase classname="backend.tests.test_iteration_77.TestTradeMonitorPage" name="test_daily_summary_endpoint" time="0.045" /><testcase classname="backend.tests.test_iteration_77.TestProfitTrackerPage" name="test_profit_summary_endpoint" time="0.364" /></testsuite></testsuites>