<?xml version="1.0" encoding="utf-8"?><testsuites name="pytest tests"><testsuite name="pytest" errors="0" failures="2" skipped="0" tests="14" time="2.533" timestamp="2026-02-18T10:36:59.457469+00:00" hostname="agent-env-09d3f7c0-f07c-48b8-a2f6-f1971cbe9ca7"><testcase classname="backend.tests.test_iteration_115_features.TestAdminLicensesDynamicValues" name="test_admin_licenses_endpoint_returns_licenses" time="0.528" /><testcase classname="backend.tests.test_iteration_115_features.TestAdminLicensesDynamicValues" name="test_admin_licenses_contains_current_amount" time="0.112" /><testcase classname="backend.tests.test_iteration_115_features.TestAdminLicensesDynamicValues" name="test_honorary_licensee_dynamic_value" time="0.123" /><testcase classname="backend.tests.test_iteration_115_features.TestAdminLicensesDynamicValues" name="test_rizza_license_has_dynamic_value" time="0.105" /><testcase classname="backend.tests.test_iteration_115_features.TestYearProjectionsEndpoint" name="test_year_projections_endpoint_accessible" time="0.436" /><testcase classname="backend.tests.test_iteration_115_features.TestYearProjectionsEndpoint" name="test_year_projections_returns_required_fields" time="0.104" /><testcase classname="backend.tests.test_iteration_115_features.TestYearProjectionsEndpoint" name="test_year_projections_have_correct_structure" time="0.110" /><testcase classname="backend.tests.test_iteration_115_features.TestYearProjectionsEndpoint" name="test_year_projections_values_increase_over_time" time="0.106" /><testcase classname="backend.tests.test_iteration_115_features.TestAdminAddFamilyMember" name="test_admin_can_add_family_member" time="0.111" /><testcase classname="backend.tests.test_iteration_115_features.TestAdminAddFamilyMember" name="test_admin_add_family_member_requires_name" time="0.141" /><testcase classname="backend.tests.test_iteration_115_features.TestRizzaAccountValueConsistency" name="test_rizza_direct_login_account_value" time="0.147" /><testcase classname="backend.tests.test_iteration_115_features.TestRizzaAccountValueConsistency" name="test_rizza_licensee_welcome_info" time="0.105" /><testcase classname="backend.tests.test_iteration_115_features.TestRizzaAccountValueConsistency" name="test_admin_simulation_matches_direct_login" time="0.097"><failure message="AssertionError: Simulate failed: {&quot;detail&quot;:&quot;Method Not Allowed&quot;}&#10;assert 405 == 200&#10; +  where 405 = &lt;Response [405]&gt;.status_code">backend/tests/test_iteration_115_features.py:281: in test_admin_simulation_matches_direct_login
    assert sim_response.status_code == 200, f"Simulate failed: {sim_response.text}"
E   AssertionError: Simulate failed: {"detail":"Method Not Allowed"}
E   assert 405 == 200
E    +  where 405 = &lt;Response [405]&gt;.status_code</failure></testcase><testcase classname="backend.tests.test_iteration_115_features.TestAdminLicensesPageData" name="test_admin_licenses_rizza_matches_simulation" time="0.211"><failure message="assert 405 == 200&#10; +  where 405 = &lt;Response [405]&gt;.status_code">backend/tests/test_iteration_115_features.py:321: in test_admin_licenses_rizza_matches_simulation
    assert sim_response.status_code == 200
E   assert 405 == 200
E    +  where 405 = &lt;Response [405]&gt;.status_code</failure></testcase></testsuite></testsuites>