<?xml version="1.0" encoding="utf-8"?><testsuites name="pytest tests"><testsuite name="pytest" errors="2" failures="2" skipped="0" tests="14" time="2.474" timestamp="2026-01-20T10:34:48.529872+00:00" hostname="agent-env-60d5d7b3-b079-4bd1-8f22-6f29105a5310"><testcase classname="tests.test_iteration_60_p0_features.TestMasterAdminAuth" name="test_master_admin_login" time="0.302" /><testcase classname="tests.test_iteration_60_p0_features.TestMasterAdminAccountValue" name="test_profit_summary_includes_licensee_funds" time="0.305" /><testcase classname="tests.test_iteration_60_p0_features.TestMasterAdminFinancialBreakdown" name="test_master_admin_breakdown_endpoint" time="0.305" /><testcase classname="tests.test_iteration_60_p0_features.TestMasterAdminFinancialBreakdown" name="test_breakdown_includes_licensee_details" time="0.047" /><testcase classname="tests.test_iteration_60_p0_features.TestLicenseeManagement" name="test_get_active_licenses" time="0.304"><failure message="TypeError: unhashable type: 'slice'">tests/test_iteration_60_p0_features.py:191: in test_get_active_licenses
    for license in data[:3]:  # Show first 3
                   ^^^^^^^^
E   TypeError: unhashable type: 'slice'</failure></testcase><testcase classname="tests.test_iteration_60_p0_features.TestLicenseeManagement" name="test_license_has_effective_start_date" time="0.042"><failure message="AttributeError: 'str' object has no attribute 'get'">tests/test_iteration_60_p0_features.py:210: in test_license_has_effective_start_date
    assert "start_date" in license, f"License {license.get('id')} missing both effective_start_date and start_date"
                                               ^^^^^^^^^^^
E   AttributeError: 'str' object has no attribute 'get'</failure></testcase><testcase classname="tests.test_iteration_60_p0_features.TestTradeOverrides" name="test_get_trade_overrides" time="0.297"><error message="failed on setup with &quot;KeyError: 0&quot;">tests/test_iteration_60_p0_features.py:241: in test_license_id
    return licenses[0].get("id")
           ^^^^^^^^^^^
E   KeyError: 0</error></testcase><testcase classname="tests.test_iteration_60_p0_features.TestTradeOverrides" name="test_set_trade_override" time="0.000"><error message="failed on setup with &quot;KeyError: 0&quot;">tests/test_iteration_60_p0_features.py:241: in test_license_id
    return licenses[0].get("id")
           ^^^^^^^^^^^
E   KeyError: 0</error></testcase><testcase classname="tests.test_iteration_60_p0_features.TestLicenseeDailyProjection" name="test_licensee_daily_projection_endpoint" time="0.291" /><testcase classname="tests.test_iteration_60_p0_features.TestLicenseeDailyProjection" name="test_license_projections_endpoint" time="0.044" /><testcase classname="tests.test_iteration_60_p0_features.TestAPIEndpointsExist" name="test_profit_summary_endpoint" time="0.303" /><testcase classname="tests.test_iteration_60_p0_features.TestAPIEndpointsExist" name="test_master_admin_breakdown_endpoint" time="0.044" /><testcase classname="tests.test_iteration_60_p0_features.TestAPIEndpointsExist" name="test_licenses_endpoint" time="0.039" /><testcase classname="tests.test_iteration_60_p0_features.TestAPIEndpointsExist" name="test_trade_logs_endpoint" time="0.045" /></testsuite></testsuites>