<?xml version="1.0" encoding="utf-8"?><testsuites name="pytest tests"><testsuite name="pytest" errors="0" failures="0" skipped="0" tests="18" time="1.601" timestamp="2026-01-11T00:11:35.353359+00:00" hostname="agent-env-f6894078-4f79-4626-b61e-732d95871abe"><testcase classname="tests.test_admin_features_v2.TestMasterAdminAuth" name="test_master_admin_login_success" time="0.057" /><testcase classname="tests.test_admin_features_v2.TestMasterAdminAuth" name="test_master_admin_has_correct_role" time="0.040" /><testcase classname="tests.test_admin_features_v2.TestRoleHierarchy" name="test_master_admin_can_access_admin_endpoints" time="0.081" /><testcase classname="tests.test_admin_features_v2.TestRoleHierarchy" name="test_master_admin_can_access_signals" time="0.078" /><testcase classname="tests.test_admin_features_v2.TestRoleHierarchy" name="test_master_admin_can_access_api_center" time="0.071" /><testcase classname="tests.test_admin_features_v2.TestMemberManagement" name="test_get_members_list" time="0.079" /><testcase classname="tests.test_admin_features_v2.TestMemberManagement" name="test_update_member_allowed_dashboards" time="0.113" /><testcase classname="tests.test_admin_features_v2.TestMemberManagement" name="test_master_admin_can_update_user_role" time="0.196" /><testcase classname="tests.test_admin_features_v2.TestActiveSignal" name="test_active_signal_has_simulated_flag" time="0.121" /><testcase classname="tests.test_admin_features_v2.TestActiveSignal" name="test_active_signal_has_profit_points" time="0.074" /><testcase classname="tests.test_admin_features_v2.TestSimulatedSignal" name="test_create_simulated_signal" time="0.073" /><testcase classname="tests.test_admin_features_v2.TestHiddenFeatures" name="test_goals_endpoint_accessible" time="0.074" /><testcase classname="tests.test_admin_features_v2.TestHiddenFeatures" name="test_debts_endpoint_accessible" time="0.101" /><testcase classname="tests.test_admin_features_v2.TestHiddenFeatures" name="test_debt_plan_endpoint_accessible" time="0.074" /><testcase classname="tests.test_admin_features_v2.TestTradeMonitor" name="test_trade_history_endpoint" time="0.075" /><testcase classname="tests.test_admin_features_v2.TestTradeMonitor" name="test_streak_endpoint" time="0.076" /><testcase classname="tests.test_admin_features_v2.TestTradeMonitor" name="test_daily_summary_endpoint" time="0.073" /><testcase classname="tests.test_admin_features_v2.TestOnboardingTour" name="test_user_profile_endpoint" time="0.075" /></testsuite></testsuites>