<?xml version="1.0" encoding="utf-8"?><testsuites name="pytest tests"><testsuite name="pytest" errors="2" failures="0" skipped="0" tests="8" time="2.265" timestamp="2026-02-03T16:43:55.430520+00:00" hostname="agent-env-a24e0721-baae-4026-b795-11b0d350a424"><testcase classname="backend.tests.test_iteration_78.TestAuth" name="test_admin_login" time="0.370" /><testcase classname="backend.tests.test_iteration_78.TestIssue3_SimulatedMemberTradeHistory" name="test_trade_history_endpoint_accepts_user_id" time="0.325"><error message="failed on setup with &quot;AttributeError: 'str' object has no attribute 'get'&quot;">backend/tests/test_iteration_78.py:78: in member_id
    if member.get("email") == MEMBER_EMAIL:
       ^^^^^^^^^^
E   AttributeError: 'str' object has no attribute 'get'</error></testcase><testcase classname="backend.tests.test_iteration_78.TestIssue2_TradeAdjustmentReplaces" name="test_undo_trade_by_date_endpoint_exists" time="0.322" /><testcase classname="backend.tests.test_iteration_78.TestIssue5_EmailFunction" name="test_send_email_endpoint_accepts_json_body" time="0.347"><error message="failed on setup with &quot;AttributeError: 'str' object has no attribute 'get'&quot;">backend/tests/test_iteration_78.py:181: in member_id
    if member.get("role") == "member":
       ^^^^^^^^^^
E   AttributeError: 'str' object has no attribute 'get'</error></testcase><testcase classname="backend.tests.test_iteration_78.TestMissedTradersWidget" name="test_missed_trades_endpoint" time="0.351" /><testcase classname="backend.tests.test_iteration_78.TestMissedTradersWidget" name="test_today_stats_endpoint" time="0.057" /><testcase classname="backend.tests.test_iteration_78.TestTradeHistoryAPI" name="test_trade_history_pagination" time="0.348" /><testcase classname="backend.tests.test_iteration_78.TestActiveSignal" name="test_active_signal_endpoint" time="0.047" /></testsuite></testsuites>