<?xml version="1.0" encoding="utf-8"?><testsuites name="pytest tests"><testsuite name="pytest" errors="0" failures="0" skipped="0" tests="10" time="1.654" timestamp="2026-03-10T08:50:26.974421+00:00" hostname="agent-env-031e028c-03e3-4a1a-97de-6bacacea077a"><testcase classname="tests.test_iteration_171_projections.TestBackendHealth" name="test_health_endpoint" time="0.207" /><testcase classname="tests.test_iteration_171_projections.TestAuthentication" name="test_login_returns_access_token" time="0.410" /><testcase classname="tests.test_iteration_171_projections.TestLicenseProjections" name="test_license_projections_endpoint_exists" time="0.168" /><testcase classname="tests.test_iteration_171_projections.TestLicenseProjections" name="test_projections_have_start_value" time="0.057" /><testcase classname="tests.test_iteration_171_projections.TestLicenseProjections" name="test_march_2026_projections_not_zero" time="0.060" /><testcase classname="tests.test_iteration_171_projections.TestLicenseProjections" name="test_daily_profit_reasonable" time="0.060" /><testcase classname="tests.test_iteration_171_projections.TestAIModelsEndpoint" name="test_models_endpoint_exists" time="0.261" /><testcase classname="tests.test_iteration_171_projections.TestAIModelsEndpoint" name="test_models_count_high" time="0.053" /><testcase classname="tests.test_iteration_171_projections.TestAIModelsEndpoint" name="test_models_have_required_fields" time="0.051" /><testcase classname="tests.test_iteration_171_projections.TestGetQuarterImport" name="test_get_quarter_in_helpers" time="0.286" /></testsuite></testsuites>