<?xml version="1.0" encoding="utf-8"?><testsuites name="pytest tests"><testsuite name="pytest" errors="0" failures="0" skipped="1" tests="12" time="2.669" timestamp="2026-03-10T11:50:12.989912+00:00" hostname="agent-env-f8f73ea5-9bea-4fee-8121-829af287921c"><testcase classname="tests.test_iteration_176_features.TestHealthAndAuth" name="test_health_check" time="0.225" /><testcase classname="tests.test_iteration_176_features.TestHealthAndAuth" name="test_login_master_admin" time="0.365" /><testcase classname="tests.test_iteration_176_features.TestAdminMemberUpdate" name="test_update_merin_referral_code" time="0.599" /><testcase classname="tests.test_iteration_176_features.TestAdminMemberUpdate" name="test_update_trading_start_date" time="0.211" /><testcase classname="tests.test_iteration_176_features.TestAdminMemberUpdate" name="test_update_merin_code_empty_clears" time="0.316" /><testcase classname="tests.test_iteration_176_features.TestReferralTrackingAPI" name="test_referral_tracking_endpoint" time="0.135" /><testcase classname="tests.test_iteration_176_features.TestReferralTrackingAPI" name="test_referral_tracking_returns_referrals_list" time="0.106" /><testcase classname="tests.test_iteration_176_features.TestForumMergeInfo" name="test_forum_posts_list" time="0.113" /><testcase classname="tests.test_iteration_176_features.TestForumMergeInfo" name="test_non_merged_post_no_merge_info" time="0.224" /><testcase classname="tests.test_iteration_176_features.TestForumMergeInfo" name="test_merged_post_has_merge_info" time="0.109"><skipped type="pytest.skip" message="No merged posts in database to test merge_info">/app/backend/tests/test_iteration_176_features.py:270: No merged posts in database to test merge_info</skipped></testcase><testcase classname="tests.test_iteration_176_features.TestAdminMembersModel" name="test_admin_user_update_model_accepts_merin_code" time="0.117" /><testcase classname="tests.test_iteration_176_features.TestAdminMembersModel" name="test_admin_user_update_model_accepts_trading_start_date" time="0.104" /></testsuite></testsuites>