<?xml version="1.0" encoding="utf-8"?><testsuites name="pytest tests"><testsuite name="pytest" errors="0" failures="0" skipped="0" tests="11" time="1.408" timestamp="2026-02-12T10:49:01.523671+00:00" hostname="agent-env-19dcc52f-f34a-452e-8146-9882b002f5b2"><testcase classname="backend.tests.test_mobile_bug_fixes.TestAuthentication" name="test_login_success" time="0.303" /><testcase classname="backend.tests.test_mobile_bug_fixes.TestDidNotTradeEndpoint" name="test_did_not_trade_with_date_param" time="0.312" /><testcase classname="backend.tests.test_mobile_bug_fixes.TestDidNotTradeEndpoint" name="test_did_not_trade_rejects_future_date" time="0.036" /><testcase classname="backend.tests.test_mobile_bug_fixes.TestLogMissedTradeEndpoint" name="test_log_missed_trade_negative_profit" time="0.305" /><testcase classname="backend.tests.test_mobile_bug_fixes.TestLogMissedTradeEndpoint" name="test_log_missed_trade_zero_profit" time="0.045" /><testcase classname="backend.tests.test_mobile_bug_fixes.TestCompleteOnboardingEndpoint" name="test_complete_onboarding_accepts_trade_entries" time="0.304" /><testcase classname="backend.tests.test_mobile_bug_fixes.TestCompleteOnboardingEndpoint" name="test_complete_onboarding_schema" time="0.000" /><testcase classname="backend.tests.test_mobile_bug_fixes.TestFrontendCompilation" name="test_frontend_loads" time="0.039" /><testcase classname="backend.tests.test_mobile_bug_fixes.TestPreSyncWizardMobileSupport" name="test_presyncwizard_mobile_prop_exists" time="0.000" /><testcase classname="backend.tests.test_mobile_bug_fixes.TestPWAInstallInstructions" name="test_pwa_instructions_component_exists" time="0.000" /><testcase classname="backend.tests.test_mobile_bug_fixes.TestPWAInstallInstructions" name="test_sidebar_has_install_app_menu_item" time="0.000" /></testsuite></testsuites>