<?xml version="1.0" encoding="utf-8"?><testsuites name="pytest tests"><testsuite name="pytest" errors="0" failures="0" skipped="0" tests="12" time="2.158" timestamp="2026-01-20T09:54:47.764317+00:00" hostname="agent-env-b456b94a-c1d1-49ac-97c5-3ff84df3e9b8"><testcase classname="tests.test_iteration_58_licensee_features.TestAuth" name="test_login_master_admin" time="0.294" /><testcase classname="tests.test_iteration_58_licensee_features.TestLicenseEffectiveStartDate" name="test_get_licenses_list" time="0.294" /><testcase classname="tests.test_iteration_58_licensee_features.TestLicenseEffectiveStartDate" name="test_license_has_effective_start_field" time="0.041" /><testcase classname="tests.test_iteration_58_licensee_features.TestLicenseEffectiveStartDate" name="test_update_effective_start_date_endpoint" time="0.068" /><testcase classname="tests.test_iteration_58_licensee_features.TestLicenseEffectiveStartDate" name="test_update_effective_start_date_invalid_format" time="0.078" /><testcase classname="tests.test_iteration_58_licensee_features.TestLicenseInviteEffectiveStartDate" name="test_create_invite_with_effective_start_date" time="0.298" /><testcase classname="tests.test_iteration_58_licensee_features.TestLicenseInviteEffectiveStartDate" name="test_create_invite_without_effective_start_date" time="0.036" /><testcase classname="tests.test_iteration_58_licensee_features.TestLicenseeWelcomeEndpoints" name="test_get_licensee_welcome_info_endpoint_exists" time="0.297" /><testcase classname="tests.test_iteration_58_licensee_features.TestLicenseeWelcomeEndpoints" name="test_mark_welcome_seen_endpoint_exists" time="0.035" /><testcase classname="tests.test_iteration_58_licensee_features.TestLicenseUserNames" name="test_licenses_have_user_names" time="0.299" /><testcase classname="tests.test_iteration_58_licensee_features.TestLicenseUserNames" name="test_members_list_for_simulation" time="0.048" /><testcase classname="tests.test_iteration_58_licensee_features.TestLicenseInvitesList" name="test_get_license_invites" time="0.302" /></testsuite></testsuites>