<?xml version="1.0" encoding="utf-8"?><testsuites name="pytest tests"><testsuite name="pytest" errors="0" failures="0" skipped="0" tests="8" time="1.539" timestamp="2026-03-03T07:55:53.740752+00:00" hostname="agent-env-935608de-eee3-485e-bc51-d4a09b383221"><testcase classname="backend.tests.test_iteration_134_streak_freeze.TestStreakFreezeEndpoints" name="test_get_streak_freezes" time="0.449" /><testcase classname="backend.tests.test_iteration_134_streak_freeze.TestStreakFreezeEndpoints" name="test_purchase_streak_freeze_insufficient_points" time="0.199" /><testcase classname="backend.tests.test_iteration_134_streak_freeze.TestStreakFreezeEndpoints" name="test_purchase_streak_freeze_invalid_type" time="0.098" /><testcase classname="backend.tests.test_iteration_134_streak_freeze.TestStreakFreezeEndpoints" name="test_purchase_streak_freeze_invalid_quantity" time="0.207" /><testcase classname="backend.tests.test_iteration_134_streak_freeze.TestStreakFreezeAPIStructure" name="test_api_returns_used_counts" time="0.115" /><testcase classname="backend.tests.test_iteration_134_streak_freeze.TestStreakFreezeAPIStructure" name="test_frontend_api_mapping" time="0.097" /><testcase classname="backend.tests.test_iteration_134_streak_freeze.TestPreviousFeatures" name="test_habit_proof_upload_body" time="0.204" /><testcase classname="backend.tests.test_iteration_134_streak_freeze.TestPreviousFeatures" name="test_dashboard_loads" time="0.103" /></testsuite></testsuites>