<?xml version="1.0" encoding="utf-8"?><testsuites name="pytest tests"><testsuite name="pytest" errors="0" failures="0" skipped="0" tests="13" time="3.071" timestamp="2026-01-13T21:32:40.967938+00:00" hostname="agent-env-bbc7e3ed-7bcd-46cf-ab67-617a4b55a63a"><testcase classname="tests.test_iteration_36_core_features.TestHealthAndPlatform" name="test_health_endpoint" time="0.098" /><testcase classname="tests.test_iteration_36_core_features.TestHealthAndPlatform" name="test_platform_settings" time="0.047" /><testcase classname="tests.test_iteration_36_core_features.TestAuthentication" name="test_login_success" time="0.265" /><testcase classname="tests.test_iteration_36_core_features.TestAuthentication" name="test_login_invalid_credentials" time="0.039" /><testcase classname="tests.test_iteration_36_core_features.TestAuthentication" name="test_get_current_user" time="0.308" /><testcase classname="tests.test_iteration_36_core_features.TestProfitSummary" name="test_profit_summary" time="0.302" /><testcase classname="tests.test_iteration_36_core_features.TestProfitSummary" name="test_profit_summary_unauthorized" time="0.038" /><testcase classname="tests.test_iteration_36_core_features.TestTradeSignal" name="test_active_signal" time="0.298" /><testcase classname="tests.test_iteration_36_core_features.TestTradeSignal" name="test_trade_logs" time="0.301" /><testcase classname="tests.test_iteration_36_core_features.TestTradeSignal" name="test_daily_summary" time="0.302" /><testcase classname="tests.test_iteration_36_core_features.TestDeposits" name="test_get_deposits" time="0.342" /><testcase classname="tests.test_iteration_36_core_features.TestCurrencyRates" name="test_currency_rates" time="0.307" /><testcase classname="tests.test_iteration_36_core_features.TestAdminFeatures" name="test_admin_notifications" time="0.314" /></testsuite></testsuites>