<?xml version="1.0" encoding="utf-8"?><testsuites name="pytest tests"><testsuite name="pytest" errors="0" failures="1" skipped="0" tests="8" time="4.257" timestamp="2026-02-22T06:40:28.228555+00:00" hostname="agent-env-1e3ec0ac-b27d-4c71-9eac-1a6bc33edd5b"><testcase classname="backend.tests.test_iteration_117_family_dashboard.TestFamilyMemberDynamicValue" name="test_family_member_has_dynamic_account_value" time="0.546" /><testcase classname="backend.tests.test_iteration_117_family_dashboard.TestDepositDateToEffectiveStartDate" name="test_saturday_deposit_becomes_monday_start" time="0.605" /><testcase classname="backend.tests.test_iteration_117_family_dashboard.TestDepositDateToEffectiveStartDate" name="test_friday_deposit_becomes_monday_start" time="0.620" /><testcase classname="backend.tests.test_iteration_117_family_dashboard.TestAdminYearProjectionsWithUserId" name="test_admin_year_projections_with_user_id" time="0.467" /><testcase classname="backend.tests.test_iteration_117_family_dashboard.TestFamilyMemberProjectionsWithPastData" name="test_maria_miles_projections_include_january_trades" time="0.487" /><testcase classname="backend.tests.test_iteration_117_family_dashboard.TestLicenseConversionPreservation" name="test_license_type_change_preserves_data" time="0.571"><failure message="AssertionError: Failed to change type: {&quot;detail&quot;:[{&quot;type&quot;:&quot;missing&quot;,&quot;loc&quot;:[&quot;body&quot;,&quot;new_license_type&quot;],&quot;msg&quot;:&quot;Field required&quot;,&quot;input&quot;:{&quot;new_type&quot;:&quot;honorary&quot;},&quot;url&quot;:&quot;https://errors.pydantic.dev/2.12/v/missing&quot;}]}&#10;assert 422 == 200&#10; +  where 422 = &lt;Response [422]&gt;.status_code">backend/tests/test_iteration_117_family_dashboard.py:296: in test_license_type_change_preserves_data
    assert change_response.status_code == 200, f"Failed to change type: {change_response.text}"
E   AssertionError: Failed to change type: {"detail":[{"type":"missing","loc":["body","new_license_type"],"msg":"Field required","input":{"new_type":"honorary"},"url":"https://errors.pydantic.dev/2.12/v/missing"}]}
E   assert 422 == 200
E    +  where 422 = &lt;Response [422]&gt;.status_code</failure></testcase><testcase classname="backend.tests.test_iteration_117_family_dashboard.TestRizzaLicenseeSummary" name="test_rizza_profit_summary" time="0.437" /><testcase classname="backend.tests.test_iteration_117_family_dashboard.TestAdminGetFamilyMembersForUser" name="test_admin_get_family_members_for_rizza" time="0.432" /></testsuite></testsuites>