<?xml version="1.0" encoding="utf-8"?><testsuites name="pytest tests"><testsuite name="pytest" errors="0" failures="0" skipped="0" tests="8" time="2.719" timestamp="2026-01-21T15:57:30.800921+00:00" hostname="agent-env-a661057d-39f2-4d1b-bb1d-aa0447aaf384"><testcase classname="tests.test_iteration_66_licensee_fixes.TestLicenseeBackendFixes" name="test_01_login_as_master_admin" time="0.298" /><testcase classname="tests.test_iteration_66_licensee_fixes.TestLicenseeBackendFixes" name="test_02_get_licensee_member_details" time="0.304" /><testcase classname="tests.test_iteration_66_licensee_fixes.TestLicenseeBackendFixes" name="test_03_licensee_total_trades_not_zero" time="0.308" /><testcase classname="tests.test_iteration_66_licensee_fixes.TestLicenseeBackendFixes" name="test_04_licensee_total_profit_calculation" time="0.289" /><testcase classname="tests.test_iteration_66_licensee_fixes.TestLicenseeBackendFixes" name="test_05_get_all_licensees" time="0.409" /><testcase classname="tests.test_iteration_66_licensee_fixes.TestLicenseeBackendFixes" name="test_06_verify_extended_licensee_profit" time="0.467" /><testcase classname="tests.test_iteration_66_licensee_fixes.TestLicenseeAPIEndpoints" name="test_01_get_license_projections" time="0.302" /><testcase classname="tests.test_iteration_66_licensee_fixes.TestLicenseeAPIEndpoints" name="test_02_get_master_admin_trades" time="0.272" /></testsuite></testsuites>