<?xml version="1.0" encoding="utf-8"?><testsuites name="pytest tests"><testsuite name="pytest" errors="0" failures="3" skipped="1" tests="7" time="0.584" timestamp="2026-01-11T06:20:09.635830+00:00" hostname="agent-env-df95df61-3df0-4f8d-944a-8b19fccd7891"><testcase classname="tests.test_iteration_18.TestMasterAdminLogin" name="test_master_admin_login_success" time="0.105" /><testcase classname="tests.test_iteration_18.TestLicenseInviteValidation" name="test_validate_license_invite" time="0.037" /><testcase classname="tests.test_iteration_18.TestLicenseRegistration" name="test_register_with_license_form_data" time="0.078"><skipped type="pytest.skip" message="Could not create license invite for testing">/app/tests/test_iteration_18.py:95: Could not create license invite for testing</skipped></testcase><testcase classname="tests.test_iteration_18.TestAdminLicensesAccess" name="test_licenses_endpoint_master_admin_only" time="0.099"><failure message="AssertionError: Expected list of licenses&#10;assert False&#10; +  where False = isinstance({'licenses': [{'created_at': '2026-01-11T06:18:51.841353+00:00', 'created_by': 'b4628e3e-9dec-42ef-8c75-dcba08194cd2', 'current_amount': 3000.0, 'id': '871fdbf7-63be-4086-a3df-55259be65053', ...}, {'created_at': '2026-01-11T06:18:22.177699+00:00', 'created_by': 'b4628e3e-9dec-42ef-8c75-dcba08194cd2', 'current_amount': 3000.0, 'id': '9abc62b0-eb87-4d67-a51f-45926aebc50d', ...}, {'created_at': '2026-01-11T06:18:01.894110+00:00', 'created_by': 'b4628e3e-9dec-42ef-8c75-dcba08194cd2', 'current_amount': 5000.0, 'id': 'ad6598fd-e8ec-4483-9e30-1528a8133dba', ...}, {'created_at': '2026-01-11T06:17:08.322327+00:00', 'created_by': 'b4628e3e-9dec-42ef-8c75-dcba08194cd2', 'current_amount': 5000.0, 'id': 'cc1c152e-275a-4b0a-a8a3-389256944d9b', ...}, {'created_at': '2026-01-11T06:16:12.298046+00:00', 'created_by': 'b4628e3e-9dec-42ef-8c75-dcba08194cd2', 'current_amount': 2000.0, 'id': '9dd09f0b-6a45-49aa-bda6-e9563084a734', ...}, {'created_at': '2026-01-11T04:17:24.835123+00:00', 'created_by': 'b4628e3e-9dec-42ef-8c75-dcba08194cd2', 'current_amount': 10000.0, 'id': 'b219a6b0-1fd6-4e10-8cfd-b8d0056eb889', ...}]}, list)">tests/test_iteration_18.py:156: in test_licenses_endpoint_master_admin_only
    assert isinstance(data, list), "Expected list of licenses"
E   AssertionError: Expected list of licenses
E   assert False
E    +  where False = isinstance({'licenses': [{'created_at': '2026-01-11T06:18:51.841353+00:00', 'created_by': 'b4628e3e-9dec-42ef-8c75-dcba08194cd2', 'current_amount': 3000.0, 'id': '871fdbf7-63be-4086-a3df-55259be65053', ...}, {'created_at': '2026-01-11T06:18:22.177699+00:00', 'created_by': 'b4628e3e-9dec-42ef-8c75-dcba08194cd2', 'current_amount': 3000.0, 'id': '9abc62b0-eb87-4d67-a51f-45926aebc50d', ...}, {'created_at': '2026-01-11T06:18:01.894110+00:00', 'created_by': 'b4628e3e-9dec-42ef-8c75-dcba08194cd2', 'current_amount': 5000.0, 'id': 'ad6598fd-e8ec-4483-9e30-1528a8133dba', ...}, {'created_at': '2026-01-11T06:17:08.322327+00:00', 'created_by': 'b4628e3e-9dec-42ef-8c75-dcba08194cd2', 'current_amount': 5000.0, 'id': 'cc1c152e-275a-4b0a-a8a3-389256944d9b', ...}, {'created_at': '2026-01-11T06:16:12.298046+00:00', 'created_by': 'b4628e3e-9dec-42ef-8c75-dcba08194cd2', 'current_amount': 2000.0, 'id': '9dd09f0b-6a45-49aa-bda6-e9563084a734', ...}, {'created_at': '2026-01-11T04:17:24.835123+00:00', 'created_by': 'b4628e3e-9dec-42ef-8c75-dcba08194cd2', 'current_amount': 10000.0, 'id': 'b219a6b0-1fd6-4e10-8cfd-b8d0056eb889', ...}]}, list)</failure></testcase><testcase classname="tests.test_iteration_18.TestAdminLicensesAccess" name="test_license_invites_endpoint" time="0.075"><failure message="AssertionError: Expected list of license invites&#10;assert False&#10; +  where False = isinstance({'invites': [{'code': 'LIC-164QF0XQPUTBNDXV', 'created_at': '2026-01-11T06:18:15.924037+00:00', 'created_by': 'b4628e3e-9dec-42ef-8c75-dcba08194cd2', 'created_by_name': 'Ryan Salvador', ...}, {'code': 'LIC-9ZBZTAEURCKFOK44', 'created_at': '2026-01-11T06:16:53.838369+00:00', 'created_by': 'b4628e3e-9dec-42ef-8c75-dcba08194cd2', 'created_by_name': 'Ryan Salvador', ...}, {'code': 'LIC-8A4YA65EIS7YI_0J', 'created_at': '2026-01-11T06:05:26.974158+00:00', 'created_by': 'b4628e3e-9dec-42ef-8c75-dcba08194cd2', 'created_by_name': 'Ryan Salvador', ...}, {'code': 'LIC-URN3WEGEIF_HOZLA', 'created_at': '2026-01-11T05:05:36.144448+00:00', 'created_by': 'b4628e3e-9dec-42ef-8c75-dcba08194cd2', 'created_by_name': 'Ryan Salvador', ...}, {'code': 'LIC-RKRYP_AI9TUYI7G1', 'created_at': '2026-01-11T05:05:03.499668+00:00', 'created_by': 'b4628e3e-9dec-42ef-8c75-dcba08194cd2', 'created_by_name': 'Ryan Salvador', ...}, {'code': 'LIC-V59SF-9JKK0FPARD', 'created_at': '2026-01-11T04:59:12.240041+00:00', 'created_by': 'b4628e3e-9dec-42ef-8c75-dcba08194cd2', 'created_by_name': 'Ryan Salvador', ...}]}, list)">tests/test_iteration_18.py:175: in test_license_invites_endpoint
    assert isinstance(data, list), "Expected list of license invites"
E   AssertionError: Expected list of license invites
E   assert False
E    +  where False = isinstance({'invites': [{'code': 'LIC-164QF0XQPUTBNDXV', 'created_at': '2026-01-11T06:18:15.924037+00:00', 'created_by': 'b4628e3e-9dec-42ef-8c75-dcba08194cd2', 'created_by_name': 'Ryan Salvador', ...}, {'code': 'LIC-9ZBZTAEURCKFOK44', 'created_at': '2026-01-11T06:16:53.838369+00:00', 'created_by': 'b4628e3e-9dec-42ef-8c75-dcba08194cd2', 'created_by_name': 'Ryan Salvador', ...}, {'code': 'LIC-8A4YA65EIS7YI_0J', 'created_at': '2026-01-11T06:05:26.974158+00:00', 'created_by': 'b4628e3e-9dec-42ef-8c75-dcba08194cd2', 'created_by_name': 'Ryan Salvador', ...}, {'code': 'LIC-URN3WEGEIF_HOZLA', 'created_at': '2026-01-11T05:05:36.144448+00:00', 'created_by': 'b4628e3e-9dec-42ef-8c75-dcba08194cd2', 'created_by_name': 'Ryan Salvador', ...}, {'code': 'LIC-RKRYP_AI9TUYI7G1', 'created_at': '2026-01-11T05:05:03.499668+00:00', 'created_by': 'b4628e3e-9dec-42ef-8c75-dcba08194cd2', 'created_by_name': 'Ryan Salvador', ...}, {'code': 'LIC-V59SF-9JKK0FPARD', 'created_at': '2026-01-11T04:59:12.240041+00:00', 'created_by': 'b4628e3e-9dec-42ef-8c75-dcba08194cd2', 'created_by_name': 'Ryan Salvador', ...}]}, list)</failure></testcase><testcase classname="tests.test_iteration_18.TestLicenseeTransactions" name="test_licensee_transactions_master_admin_only" time="0.079"><failure message="AssertionError: Expected list of transactions&#10;assert False&#10; +  where False = isinstance({'transactions': []}, list)">tests/test_iteration_18.py:198: in test_licensee_transactions_master_admin_only
    assert isinstance(data, list), "Expected list of transactions"
E   AssertionError: Expected list of transactions
E   assert False
E    +  where False = isinstance({'transactions': []}, list)</failure></testcase><testcase classname="tests.test_iteration_18.TestHealthCheck" name="test_api_health" time="0.032" /></testsuite></testsuites>