<?xml version="1.0" encoding="utf-8"?><testsuites name="pytest tests"><testsuite name="pytest" errors="0" failures="0" skipped="0" tests="13" time="7.121" timestamp="2026-03-10T01:40:56.529522+00:00" hostname="agent-env-cf2fb219-68ac-4e24-b7fb-aad4e784b7b1"><testcase classname="tests.test_iteration_157_social_tasks.TestSocialMediaGrowthEngine" name="test_get_social_tasks_returns_200" time="0.483" /><testcase classname="tests.test_iteration_157_social_tasks.TestSocialMediaGrowthEngine" name="test_social_tasks_response_structure" time="0.422" /><testcase classname="tests.test_iteration_157_social_tasks.TestSocialMediaGrowthEngine" name="test_social_tasks_contain_3_tasks" time="0.388" /><testcase classname="tests.test_iteration_157_social_tasks.TestSocialMediaGrowthEngine" name="test_each_task_has_required_fields" time="0.454" /><testcase classname="tests.test_iteration_157_social_tasks.TestSocialMediaGrowthEngine" name="test_tasks_cached_on_second_call" time="1.505" /><testcase classname="tests.test_iteration_157_social_tasks.TestSocialTaskCompletion" name="test_complete_social_task" time="0.496" /><testcase classname="tests.test_iteration_157_social_tasks.TestSocialTaskCompletion" name="test_uncomplete_social_task" time="0.573" /><testcase classname="tests.test_iteration_157_social_tasks.TestSocialTaskCompletion" name="test_complete_returns_all_done_flag" time="0.607" /><testcase classname="tests.test_iteration_157_social_tasks.TestLevelSystem" name="test_level_names_match_thresholds" time="0.489" /><testcase classname="tests.test_iteration_157_social_tasks.TestRegression" name="test_habits_endpoint_still_works" time="0.471" /><testcase classname="tests.test_iteration_157_social_tasks.TestRegression" name="test_ai_financial_summary_still_works" time="0.393" /><testcase classname="tests.test_iteration_157_social_tasks.TestRegression" name="test_ai_trade_journal_still_works" time="0.401" /><testcase classname="tests.test_iteration_157_social_tasks.TestRegression" name="test_ai_daily_report_still_works" time="0.401" /></testsuite></testsuites>