<?xml version="1.0" encoding="utf-8"?><testsuites name="pytest tests"><testsuite name="pytest" errors="0" failures="0" skipped="0" tests="11" time="4.553" timestamp="2026-02-22T07:26:37.535484+00:00" hostname="agent-env-1e3ec0ac-b27d-4c71-9eac-1a6bc33edd5b"><testcase classname="tests.test_iteration_118_har_fixes.TestForgotPasswordFlow" name="test_forgot_password_existing_user" time="0.121" /><testcase classname="tests.test_iteration_118_har_fixes.TestForgotPasswordFlow" name="test_forgot_password_nonexisting_user" time="0.105" /><testcase classname="tests.test_iteration_118_har_fixes.TestForgotPasswordFlow" name="test_reset_password_valid_token" time="0.882" /><testcase classname="tests.test_iteration_118_har_fixes.TestForgotPasswordFlow" name="test_reset_password_invalid_token" time="0.099" /><testcase classname="tests.test_iteration_118_har_fixes.TestForgotPasswordFlow" name="test_reset_password_short_password" time="0.201" /><testcase classname="tests.test_iteration_118_har_fixes.TestAdminFamilyMemberEndpoints" name="test_admin_get_family_members" time="0.428" /><testcase classname="tests.test_iteration_118_har_fixes.TestAdminFamilyMemberEndpoints" name="test_admin_add_family_member" time="0.445" /><testcase classname="tests.test_iteration_118_har_fixes.TestAdminFamilyMemberEndpoints" name="test_admin_add_member_then_delete" time="0.763" /><testcase classname="tests.test_iteration_118_har_fixes.TestAdminFamilyMemberEndpoints" name="test_admin_delete_nonexistent_member" time="0.445" /><testcase classname="tests.test_iteration_118_har_fixes.TestAdminYearProjections" name="test_year_projections_with_user_id" time="0.430" /><testcase classname="tests.test_iteration_118_har_fixes.TestCleanup" name="test_cleanup_test_members" time="0.567" /></testsuite></testsuites>