<?xml version="1.0" encoding="utf-8"?><testsuites name="pytest tests"><testsuite name="pytest" errors="0" failures="10" skipped="0" tests="11" time="3.172" timestamp="2026-01-20T11:33:19.239831+00:00" hostname="agent-env-60d5d7b3-b079-4bd1-8f22-6f29105a5310"><testcase classname="tests.test_iteration_62_p0_features.TestTradeOverrideEndpoints" name="test_get_trade_overrides_endpoint_exists" time="0.316"><failure message="KeyError: 0">tests/test_iteration_62_p0_features.py:59: in test_get_trade_overrides_endpoint_exists
    license_id = licenses[0].get("id")
                 ^^^^^^^^^^^
E   KeyError: 0</failure></testcase><testcase classname="tests.test_iteration_62_p0_features.TestTradeOverrideEndpoints" name="test_post_trade_override_creates_override" time="0.276"><failure message="KeyError: 0">tests/test_iteration_62_p0_features.py:79: in test_post_trade_override_creates_override
    license_id = licenses[0].get("id")
                 ^^^^^^^^^^^
E   KeyError: 0</failure></testcase><testcase classname="tests.test_iteration_62_p0_features.TestTradeOverrideEndpoints" name="test_post_trade_override_updates_existing" time="0.278"><failure message="KeyError: 0">tests/test_iteration_62_p0_features.py:118: in test_post_trade_override_updates_existing
    license_id = licenses[0].get("id")
                 ^^^^^^^^^^^
E   KeyError: 0</failure></testcase><testcase classname="tests.test_iteration_62_p0_features.TestTradeOverrideEndpoints" name="test_trade_override_invalid_date_format" time="0.274"><failure message="KeyError: 0">tests/test_iteration_62_p0_features.py:158: in test_trade_override_invalid_date_format
    license_id = licenses[0].get("id")
                 ^^^^^^^^^^^
E   KeyError: 0</failure></testcase><testcase classname="tests.test_iteration_62_p0_features.TestTradeOverrideEndpoints" name="test_trade_override_nonexistent_license" time="0.269" /><testcase classname="tests.test_iteration_62_p0_features.TestEffectiveStartDateFiltering" name="test_license_has_effective_start_date" time="0.275"><failure message="AttributeError: 'str' object has no attribute 'get'">tests/test_iteration_62_p0_features.py:213: in test_license_has_effective_start_date
    if lic.get("effective_start_date"):
       ^^^^^^^
E   AttributeError: 'str' object has no attribute 'get'</failure></testcase><testcase classname="tests.test_iteration_62_p0_features.TestEffectiveStartDateFiltering" name="test_license_invite_can_set_effective_start_date" time="0.278"><failure message="AttributeError: 'str' object has no attribute 'get'">tests/test_iteration_62_p0_features.py:233: in test_license_invite_can_set_effective_start_date
    if invite.get("effective_start_date"):
       ^^^^^^^^^^
E   AttributeError: 'str' object has no attribute 'get'</failure></testcase><testcase classname="tests.test_iteration_62_p0_features.TestMasterAdminTradesEndpoint" name="test_master_admin_trades_endpoint" time="0.260"><failure message="AssertionError: Failed to get master admin trades: {&quot;detail&quot;:&quot;This endpoint is for licensees only&quot;}&#10;assert 403 == 200&#10; +  where 403 = &lt;Response [403]&gt;.status_code">tests/test_iteration_62_p0_features.py:268: in test_master_admin_trades_endpoint
    assert response.status_code == 200, f"Failed to get master admin trades: {response.text}"
E   AssertionError: Failed to get master admin trades: {"detail":"This endpoint is for licensees only"}
E   assert 403 == 200
E    +  where 403 = &lt;Response [403]&gt;.status_code</failure></testcase><testcase classname="tests.test_iteration_62_p0_features.TestLicenseSimulation" name="test_get_licenses_returns_effective_start_date" time="0.269"><failure message="KeyError: 0">tests/test_iteration_62_p0_features.py:314: in test_get_licenses_returns_effective_start_date
    sample_license = licenses[0]
                     ^^^^^^^^^^^
E   KeyError: 0</failure></testcase><testcase classname="tests.test_iteration_62_p0_features.TestLicenseSimulation" name="test_simulate_licensee_endpoint" time="0.271"><failure message="KeyError: 0">tests/test_iteration_62_p0_features.py:333: in test_simulate_licensee_endpoint
    license_id = licenses[0].get("id")
                 ^^^^^^^^^^^
E   KeyError: 0</failure></testcase><testcase classname="tests.test_iteration_62_p0_features.TestDeleteTradeOverride" name="test_delete_trade_override" time="0.268"><failure message="KeyError: 0">tests/test_iteration_62_p0_features.py:375: in test_delete_trade_override
    license_id = licenses[0].get("id")
                 ^^^^^^^^^^^
E   KeyError: 0</failure></testcase></testsuite></testsuites>