<?xml version="1.0" encoding="utf-8"?><testsuites name="pytest tests"><testsuite name="pytest" errors="0" failures="0" skipped="0" tests="13" time="1.246" timestamp="2026-02-12T12:34:15.672762+00:00" hostname="agent-env-19dcc52f-f34a-452e-8146-9882b002f5b2"><testcase classname="backend.tests.test_iteration_98_comprehensive.TestProfitSummary" name="test_profit_summary_returns_account_value" time="0.362" /><testcase classname="backend.tests.test_iteration_98_comprehensive.TestNotificationPreferences" name="test_get_notification_preferences" time="0.042" /><testcase classname="backend.tests.test_iteration_98_comprehensive.TestNotificationPreferences" name="test_update_notification_preferences" time="0.169" /><testcase classname="backend.tests.test_iteration_98_comprehensive.TestVapidPublicKey" name="test_get_vapid_public_key_returns_key" time="0.040" /><testcase classname="backend.tests.test_iteration_98_comprehensive.TestPushSubscription" name="test_push_subscribe_saves_subscription" time="0.046" /><testcase classname="backend.tests.test_iteration_98_comprehensive.TestPushSubscription" name="test_push_unsubscribe_removes_subscription" time="0.079" /><testcase classname="backend.tests.test_iteration_98_comprehensive.TestDailyTradeSummary" name="test_get_daily_trade_summary_returns_stats" time="0.042" /><testcase classname="backend.tests.test_iteration_98_comprehensive.TestDailyTradeSummary" name="test_daily_trade_summary_requires_admin" time="0.035" /><testcase classname="backend.tests.test_iteration_98_comprehensive.TestPushNotifyAll" name="test_push_notify_all_works_for_admin" time="0.161" /><testcase classname="backend.tests.test_iteration_98_comprehensive.TestDynamicManifest" name="test_get_manifest_json_returns_valid_manifest" time="0.038" /><testcase classname="backend.tests.test_iteration_98_comprehensive.TestDidNotTrade" name="test_did_not_trade_endpoint_uses_date_param" time="0.043" /><testcase classname="backend.tests.test_iteration_98_comprehensive.TestDidNotTrade" name="test_did_not_trade_rejects_future_date" time="0.078" /><testcase classname="backend.tests.test_iteration_98_comprehensive.TestPwaIconUpload" name="test_upload_pwa_icon_endpoint_exists" time="0.038" /></testsuite></testsuites>