<?xml version="1.0" encoding="utf-8"?><testsuites name="pytest tests"><testsuite name="pytest" errors="0" failures="0" skipped="0" tests="14" time="1.918" timestamp="2026-01-11T05:05:35.860555+00:00" hostname="agent-env-3a948eb3-ea08-4de3-8b53-e57b580606d2"><testcase classname="tests.test_iteration_16.TestAuth" name="test_login_master_admin" time="0.095" /><testcase classname="tests.test_iteration_16.TestLicenseInvites" name="test_get_license_invites" time="0.082" /><testcase classname="tests.test_iteration_16.TestLicenseInvites" name="test_create_license_invite" time="0.044" /><testcase classname="tests.test_iteration_16.TestLicenseInvites" name="test_validate_existing_invite" time="0.040" /><testcase classname="tests.test_iteration_16.TestLicenseInviteActions" name="test_revoke_invite" time="0.175" /><testcase classname="tests.test_iteration_16.TestLicenseInviteActions" name="test_renew_invite" time="0.043" /><testcase classname="tests.test_iteration_16.TestLicenseInviteActions" name="test_delete_invite" time="0.044" /><testcase classname="tests.test_iteration_16.TestTeamAnalytics" name="test_team_analytics_excludes_licensed_users" time="0.127" /><testcase classname="tests.test_iteration_16.TestEmailTemplates" name="test_get_email_templates" time="0.077" /><testcase classname="tests.test_iteration_16.TestIntegrationTests" name="test_emailit_connection" time="0.566" /><testcase classname="tests.test_iteration_16.TestIntegrationTests" name="test_cloudinary_connection" time="0.041" /><testcase classname="tests.test_iteration_16.TestIntegrationTests" name="test_heartbeat_connection" time="0.317" /><testcase classname="tests.test_iteration_16.TestLicensesEndpoint" name="test_get_licenses" time="0.077" /><testcase classname="tests.test_iteration_16.TestSettingsPage" name="test_get_platform_settings" time="0.111" /></testsuite></testsuites>