<?xml version="1.0" encoding="utf-8"?><testsuites name="pytest tests"><testsuite name="pytest" errors="0" failures="0" skipped="0" tests="27" time="4.674" timestamp="2026-03-06T12:34:56.537932+00:00" hostname="agent-env-2fa0dfd0-fe64-4899-a070-87ddc37d7c7d"><testcase classname="backend.tests.test_refactored_routes.TestRefactoredRoutes" name="test_auth_login" time="0.360" /><testcase classname="backend.tests.test_refactored_routes.TestRefactoredRoutes" name="test_auth_login_invalid_credentials" time="0.362" /><testcase classname="backend.tests.test_refactored_routes.TestRefactoredRoutes" name="test_auth_me" time="0.424" /><testcase classname="backend.tests.test_refactored_routes.TestRefactoredRoutes" name="test_auth_me_no_token" time="0.113" /><testcase classname="backend.tests.test_refactored_routes.TestRefactoredRoutes" name="test_profit_summary" time="0.138" /><testcase classname="backend.tests.test_refactored_routes.TestRefactoredRoutes" name="test_profit_deposits" time="0.102" /><testcase classname="backend.tests.test_refactored_routes.TestRefactoredRoutes" name="test_profit_withdrawals" time="0.105" /><testcase classname="backend.tests.test_refactored_routes.TestRefactoredRoutes" name="test_trade_logs" time="0.110" /><testcase classname="backend.tests.test_refactored_routes.TestRefactoredRoutes" name="test_trade_active_signal" time="0.110" /><testcase classname="backend.tests.test_refactored_routes.TestRefactoredRoutes" name="test_trade_streak" time="0.121" /><testcase classname="backend.tests.test_refactored_routes.TestRefactoredRoutes" name="test_trade_history" time="0.114" /><testcase classname="backend.tests.test_refactored_routes.TestRefactoredRoutes" name="test_trade_global_holidays" time="0.121" /><testcase classname="backend.tests.test_refactored_routes.TestRefactoredRoutes" name="test_admin_members" time="0.107" /><testcase classname="backend.tests.test_refactored_routes.TestRefactoredRoutes" name="test_admin_transactions" time="0.116" /><testcase classname="backend.tests.test_refactored_routes.TestRefactoredRoutes" name="test_admin_signals" time="0.110" /><testcase classname="backend.tests.test_refactored_routes.TestRefactoredRoutes" name="test_admin_global_holidays" time="0.122" /><testcase classname="backend.tests.test_refactored_routes.TestRefactoredRoutes" name="test_admin_trading_products" time="0.108" /><testcase classname="backend.tests.test_refactored_routes.TestRefactoredRoutes" name="test_admin_analytics_team" time="0.130" /><testcase classname="backend.tests.test_refactored_routes.TestRefactoredRoutes" name="test_health_check" time="0.101" /><testcase classname="backend.tests.test_refactored_routes.TestRefactoredRoutes" name="test_root_endpoint" time="0.094" /><testcase classname="backend.tests.test_refactored_routes.TestRefactoredRoutes" name="test_build_version" time="0.101" /><testcase classname="backend.tests.test_refactored_routes.TestRefactoredRoutes" name="test_notifications" time="0.106" /><testcase classname="backend.tests.test_refactored_routes.TestRefactoredRoutes" name="test_forum_posts" time="0.111" /><testcase classname="backend.tests.test_refactored_routes.TestRefactoredRoutes" name="test_my_recent_transactions" time="0.108" /><testcase classname="backend.tests.test_refactored_routes.TestRefactoredRoutes" name="test_balance_on_date" time="0.101" /><testcase classname="backend.tests.test_refactored_routes.TestDepsModule" name="test_token_validation" time="0.552" /><testcase classname="backend.tests.test_refactored_routes.TestHelperFunctions" name="test_calculate_exit_value" time="0.465" /></testsuite></testsuites>