<?xml version="1.0" encoding="utf-8"?><testsuites name="pytest tests"><testsuite name="pytest" errors="0" failures="0" skipped="0" tests="20" time="1.537" timestamp="2026-01-17T04:16:55.017915+00:00" hostname="agent-env-026f18dc-541a-4a1c-bf91-8318302132f5"><testcase classname="tests.test_iteration_49_new_features.TestUndoTradeByDate" name="test_undo_trade_invalid_date_format" time="0.325" /><testcase classname="tests.test_iteration_49_new_features.TestUndoTradeByDate" name="test_undo_trade_nonexistent_date" time="0.040" /><testcase classname="tests.test_iteration_49_new_features.TestUndoTradeByDate" name="test_undo_trade_flow" time="0.084" /><testcase classname="tests.test_iteration_49_new_features.TestUserHolidays" name="test_get_holidays_empty" time="0.078" /><testcase classname="tests.test_iteration_49_new_features.TestUserHolidays" name="test_add_holiday_invalid_date" time="0.078" /><testcase classname="tests.test_iteration_49_new_features.TestUserHolidays" name="test_add_holiday_success" time="0.082" /><testcase classname="tests.test_iteration_49_new_features.TestUserHolidays" name="test_add_duplicate_holiday" time="0.038" /><testcase classname="tests.test_iteration_49_new_features.TestUserHolidays" name="test_get_holidays_after_add" time="0.039" /><testcase classname="tests.test_iteration_49_new_features.TestUserHolidays" name="test_remove_holiday_success" time="0.081" /><testcase classname="tests.test_iteration_49_new_features.TestUserHolidays" name="test_remove_nonexistent_holiday" time="0.037" /><testcase classname="tests.test_iteration_49_new_features.TestOfficialTradingSignal" name="test_create_signal_with_is_official_true" time="0.046" /><testcase classname="tests.test_iteration_49_new_features.TestOfficialTradingSignal" name="test_create_signal_with_is_official_false" time="0.042" /><testcase classname="tests.test_iteration_49_new_features.TestOfficialTradingSignal" name="test_create_signal_without_is_official" time="0.081" /><testcase classname="tests.test_iteration_49_new_features.TestOfficialTradingSignal" name="test_update_signal_is_official" time="0.121" /><testcase classname="tests.test_iteration_49_new_features.TestOfficialTradingSignal" name="test_get_active_signal_includes_is_official" time="0.124" /><testcase classname="tests.test_iteration_49_new_features.TestEndpointAuthentication" name="test_undo_trade_requires_auth" time="0.036" /><testcase classname="tests.test_iteration_49_new_features.TestEndpointAuthentication" name="test_holidays_get_requires_auth" time="0.034" /><testcase classname="tests.test_iteration_49_new_features.TestEndpointAuthentication" name="test_holidays_post_requires_auth" time="0.035" /><testcase classname="tests.test_iteration_49_new_features.TestEndpointAuthentication" name="test_holidays_delete_requires_auth" time="0.043" /><testcase classname="tests.test_iteration_49_new_features.TestEndpointAuthentication" name="test_create_signal_requires_auth" time="0.034" /></testsuite></testsuites>