<?xml version="1.0" encoding="utf-8"?><testsuites name="pytest tests"><testsuite name="pytest" errors="0" failures="0" skipped="0" tests="20" time="3.827" timestamp="2026-02-23T09:21:08.026257+00:00" hostname="agent-env-7455e260-5cde-44cd-9629-9a152a658677"><testcase classname="backend.tests.test_iteration_121_rewards.TestRewardsSummaryEndpoint" name="test_summary_returns_correct_json_shape" time="0.143" /><testcase classname="backend.tests.test_iteration_121_rewards.TestRewardsSummaryEndpoint" name="test_summary_new_user_returns_zeros" time="0.114" /><testcase classname="backend.tests.test_iteration_121_rewards.TestRewardsSummaryEndpoint" name="test_summary_without_user_id_fails" time="0.102" /><testcase classname="backend.tests.test_iteration_121_rewards.TestRewardsLeaderboardEndpoint" name="test_leaderboard_returns_correct_json_shape" time="0.102" /><testcase classname="backend.tests.test_iteration_121_rewards.TestRewardsLeaderboardEndpoint" name="test_leaderboard_new_user_has_zero_rank" time="0.101" /><testcase classname="backend.tests.test_iteration_121_rewards.TestProtectedEndpointsWithoutApiKey" name="test_redeem_without_api_key_returns_403" time="0.105" /><testcase classname="backend.tests.test_iteration_121_rewards.TestProtectedEndpointsWithoutApiKey" name="test_credit_without_api_key_returns_403" time="0.150" /><testcase classname="backend.tests.test_iteration_121_rewards.TestProtectedEndpointsWithoutApiKey" name="test_trade_event_without_api_key_returns_403" time="0.123" /><testcase classname="backend.tests.test_iteration_121_rewards.TestProtectedEndpointsWithoutApiKey" name="test_deposit_event_without_api_key_returns_403" time="0.130" /><testcase classname="backend.tests.test_iteration_121_rewards.TestProtectedEndpointsWithoutApiKey" name="test_signup_event_without_api_key_returns_403" time="0.123" /><testcase classname="backend.tests.test_iteration_121_rewards.TestProtectedEndpointsWithoutApiKey" name="test_referral_event_without_api_key_returns_403" time="0.099" /><testcase classname="backend.tests.test_iteration_121_rewards.TestProtectedEndpointsWithApiKey" name="test_credit_with_api_key_succeeds" time="0.116" /><testcase classname="backend.tests.test_iteration_121_rewards.TestProtectedEndpointsWithApiKey" name="test_redeem_insufficient_points_returns_failure" time="0.111" /><testcase classname="backend.tests.test_iteration_121_rewards.TestEventEndpoints" name="test_signup_event_awards_25_points" time="0.213" /><testcase classname="backend.tests.test_iteration_121_rewards.TestEventEndpoints" name="test_deposit_event_awards_points" time="0.338" /><testcase classname="backend.tests.test_iteration_121_rewards.TestEventEndpoints" name="test_trade_event_awards_first_trade_bonus" time="0.340" /><testcase classname="backend.tests.test_iteration_121_rewards.TestEventEndpoints" name="test_referral_qualified_awards_150_points" time="0.340" /><testcase classname="backend.tests.test_iteration_121_rewards.TestSystemCheck" name="test_system_check_with_admin_jwt_passes" time="0.542" /><testcase classname="backend.tests.test_iteration_121_rewards.TestSystemCheck" name="test_system_check_without_auth_fails" time="0.094" /><testcase classname="backend.tests.test_iteration_121_rewards.TestRedeemWithSufficientPoints" name="test_redeem_with_sufficient_points_succeeds" time="0.356" /></testsuite></testsuites>