<?xml version="1.0" encoding="utf-8"?><testsuites name="pytest tests"><testsuite name="pytest" errors="0" failures="5" skipped="0" tests="14" time="1.100" timestamp="2026-01-12T12:41:49.997900+00:00" hostname="agent-env-ff70a431-4897-47c7-9a8f-f069383a09cb"><testcase classname="tests.test_iteration_34_p1_p2_features.TestHealthAndAuth" name="test_health_endpoint" time="0.070" /><testcase classname="tests.test_iteration_34_p1_p2_features.TestHealthAndAuth" name="test_master_admin_login" time="0.036" /><testcase classname="tests.test_iteration_34_p1_p2_features.TestTopPerformersAPI" name="test_top_performers_endpoint_exists" time="0.078" /><testcase classname="tests.test_iteration_34_p1_p2_features.TestTopPerformersAPI" name="test_top_performers_with_exclude_non_traders_true" time="0.083" /><testcase classname="tests.test_iteration_34_p1_p2_features.TestTopPerformersAPI" name="test_top_performers_with_exclude_non_traders_false" time="0.075" /><testcase classname="tests.test_iteration_34_p1_p2_features.TestTopPerformersAPI" name="test_top_performers_limit_parameter" time="0.075" /><testcase classname="tests.test_iteration_34_p1_p2_features.TestTopPerformersAPI" name="test_top_performers_requires_admin" time="0.034" /><testcase classname="tests.test_iteration_34_p1_p2_features.TestTeamAnalyticsAPI" name="test_team_analytics_endpoint" time="0.068"><failure message="assert 404 == 200&#10; +  where 404 = &lt;Response [404]&gt;.status_code">tests/test_iteration_34_p1_p2_features.py:155: in test_team_analytics_endpoint
    assert response.status_code == 200
E   assert 404 == 200
E    +  where 404 = &lt;Response [404]&gt;.status_code</failure></testcase><testcase classname="tests.test_iteration_34_p1_p2_features.TestTeamAnalyticsAPI" name="test_missed_trades_endpoint" time="0.109"><failure message="assert 404 == 200&#10; +  where 404 = &lt;Response [404]&gt;.status_code">tests/test_iteration_34_p1_p2_features.py:166: in test_missed_trades_endpoint
    assert response.status_code == 200
E   assert 404 == 200
E    +  where 404 = &lt;Response [404]&gt;.status_code</failure></testcase><testcase classname="tests.test_iteration_34_p1_p2_features.TestTeamAnalyticsAPI" name="test_growth_data_endpoint" time="0.080"><failure message="assert 404 == 200&#10; +  where 404 = &lt;Response [404]&gt;.status_code">tests/test_iteration_34_p1_p2_features.py:177: in test_growth_data_endpoint
    assert response.status_code == 200
E   assert 404 == 200
E    +  where 404 = &lt;Response [404]&gt;.status_code</failure></testcase><testcase classname="tests.test_iteration_34_p1_p2_features.TestNotificationsAPI" name="test_get_notifications_endpoint" time="0.078" /><testcase classname="tests.test_iteration_34_p1_p2_features.TestNotificationsAPI" name="test_mark_all_notifications_read" time="0.073"><failure message="assert 404 == 200&#10; +  where 404 = &lt;Response [404]&gt;.status_code">tests/test_iteration_34_p1_p2_features.py:213: in test_mark_all_notifications_read
    assert response.status_code == 200
E   assert 404 == 200
E    +  where 404 = &lt;Response [404]&gt;.status_code</failure></testcase><testcase classname="tests.test_iteration_34_p1_p2_features.TestSchedulerStartup" name="test_scheduler_logs_present" time="0.005" /><testcase classname="tests.test_iteration_34_p1_p2_features.TestWebSocketEndpoint" name="test_websocket_endpoint_configured" time="0.113"><failure message="AssertionError: Unexpected status: 200&#10;assert 200 in [400, 403, 426, 500]&#10; +  where 200 = &lt;Response [200]&gt;.status_code">tests/test_iteration_34_p1_p2_features.py:282: in test_websocket_endpoint_configured
    assert response.status_code in [400, 403, 426, 500], f"Unexpected status: {response.status_code}"
E   AssertionError: Unexpected status: 200
E   assert 200 in [400, 403, 426, 500]
E    +  where 200 = &lt;Response [200]&gt;.status_code</failure></testcase></testsuite></testsuites>