<?xml version="1.0" encoding="utf-8"?><testsuites name="pytest tests"><testsuite name="pytest" errors="0" failures="1" skipped="0" tests="13" time="0.904" timestamp="2026-01-11T12:01:45.852762+00:00" hostname="agent-env-123c6144-ee81-4e73-be45-cd9159531d1d"><testcase classname="tests.test_iteration_29.TestHealthAndBasics" name="test_health_endpoint" time="0.067" /><testcase classname="tests.test_iteration_29.TestAuthentication" name="test_master_admin_login" time="0.036" /><testcase classname="tests.test_iteration_29.TestBackendRouteStructure" name="test_routes_directory_exists" time="0.000" /><testcase classname="tests.test_iteration_29.TestEmailTemplates" name="test_email_test_endpoint" time="0.080"><failure message="assert 520 in [200, 500]&#10; +  where 520 = &lt;Response [520]&gt;.status_code">tests/test_iteration_29.py:78: in test_email_test_endpoint
    assert response.status_code in [200, 500]
E   assert 520 in [200, 500]
E    +  where 520 = &lt;Response [520]&gt;.status_code</failure></testcase><testcase classname="tests.test_iteration_29.TestDebtManagementAPI" name="test_get_debts" time="0.088" /><testcase classname="tests.test_iteration_29.TestDebtManagementAPI" name="test_get_debt_plan" time="0.073" /><testcase classname="tests.test_iteration_29.TestProfitSummary" name="test_get_profit_summary" time="0.073" /><testcase classname="tests.test_iteration_29.TestTradeAPI" name="test_get_trade_logs" time="0.076" /><testcase classname="tests.test_iteration_29.TestTradeAPI" name="test_get_active_signal" time="0.068" /><testcase classname="tests.test_iteration_29.TestAdminAPI" name="test_get_admin_notifications" time="0.079" /><testcase classname="tests.test_iteration_29.TestAdminAPI" name="test_get_members" time="0.081" /><testcase classname="tests.test_iteration_29.TestWebSocketStatus" name="test_websocket_status" time="0.068" /><testcase classname="tests.test_iteration_29.TestPlatformSettings" name="test_get_platform_settings" time="0.037" /></testsuite></testsuites>