<?xml version="1.0" encoding="utf-8"?><testsuites name="pytest tests"><testsuite name="pytest" errors="0" failures="0" skipped="0" tests="9" time="3.557" timestamp="2026-03-06T09:54:39.030822+00:00" hostname="agent-env-4ee29a15-2131-4725-bb4a-54e10488bb7b"><testcase classname="backend.tests.test_iteration_141_balance_fix.TestBalanceCalculationFix" name="test_login_returns_correct_token_field" time="0.675" /><testcase classname="backend.tests.test_iteration_141_balance_fix.TestBalanceCalculationFix" name="test_daily_balances_march_2026" time="0.378" /><testcase classname="backend.tests.test_iteration_141_balance_fix.TestBalanceCalculationFix" name="test_profit_summary_account_value" time="0.377" /><testcase classname="backend.tests.test_iteration_141_balance_fix.TestBalanceCalculationFix" name="test_debug_transactions_shows_excluded_profits" time="0.389" /><testcase classname="backend.tests.test_iteration_141_balance_fix.TestBalanceCalculationFix" name="test_february_withdrawal_reflected" time="0.370" /><testcase classname="backend.tests.test_iteration_141_balance_fix.TestBalanceCalculationFix" name="test_summary_matches_daily_balances" time="0.436" /><testcase classname="backend.tests.test_iteration_141_balance_fix.TestAPIAuthentication" name="test_login_with_valid_credentials" time="0.328" /><testcase classname="backend.tests.test_iteration_141_balance_fix.TestAPIAuthentication" name="test_authenticated_endpoint_access" time="0.450" /><testcase classname="backend.tests.test_iteration_141_balance_fix.TestHealthCheck" name="test_api_is_accessible" time="0.099" /></testsuite></testsuites>