<?xml version="1.0" encoding="utf-8"?><testsuites name="pytest tests"><testsuite name="pytest" errors="0" failures="0" skipped="0" tests="14" time="4.690" timestamp="2026-02-23T11:02:37.315480+00:00" hostname="agent-env-e7adc257-8e12-400e-958d-9670af39e383"><testcase classname="backend.tests.test_iteration_123_rewards.TestRewardsEndpoints" name="test_rewards_summary_returns_valid_data" time="0.164" /><testcase classname="backend.tests.test_iteration_123_rewards.TestRewardsEndpoints" name="test_rewards_leaderboard_returns_rank_data" time="0.105" /><testcase classname="backend.tests.test_iteration_123_rewards.TestRewardsEndpoints" name="test_rewards_history_with_auth" time="0.383" /><testcase classname="backend.tests.test_iteration_123_rewards.TestRewardsEndpoints" name="test_rewards_history_without_auth_fails" time="0.093" /><testcase classname="backend.tests.test_iteration_123_rewards.TestRewardsEndpoints" name="test_admin_lookup_by_email" time="0.383" /><testcase classname="backend.tests.test_iteration_123_rewards.TestRewardsEndpoints" name="test_admin_lookup_by_user_id" time="0.365" /><testcase classname="backend.tests.test_iteration_123_rewards.TestRewardsEndpoints" name="test_admin_lookup_without_admin_fails" time="0.417" /><testcase classname="backend.tests.test_iteration_123_rewards.TestRewardsEndpoints" name="test_admin_simulate_manual_bonus" time="0.467" /><testcase classname="backend.tests.test_iteration_123_rewards.TestRewardsEndpoints" name="test_admin_simulate_test_trade" time="0.395" /><testcase classname="backend.tests.test_iteration_123_rewards.TestRewardsEndpoints" name="test_admin_simulate_without_admin_fails" time="0.371" /><testcase classname="backend.tests.test_iteration_123_rewards.TestRewardsEndpoints" name="test_admin_lookup_missing_params" time="0.373" /><testcase classname="backend.tests.test_iteration_123_rewards.TestRewardsEndpoints" name="test_admin_lookup_user_not_found" time="0.412" /><testcase classname="backend.tests.test_iteration_123_rewards.TestAuthEndpoints" name="test_admin_login" time="0.350" /><testcase classname="backend.tests.test_iteration_123_rewards.TestAuthEndpoints" name="test_member_login" time="0.330" /></testsuite></testsuites>