<?xml version="1.0" encoding="utf-8"?><testsuites name="pytest tests"><testsuite name="pytest" errors="0" failures="0" skipped="0" tests="14" time="3.463" timestamp="2026-01-17T05:13:55.062494+00:00" hostname="agent-env-026f18dc-541a-4a1c-bf91-8318302132f5"><testcase classname="tests.test_iteration_51_product_direction_holidays.TestGlobalHolidaysAPI" name="test_01_get_global_holidays_admin_endpoint" time="0.362" /><testcase classname="tests.test_iteration_51_product_direction_holidays.TestGlobalHolidaysAPI" name="test_02_get_global_holidays_user_endpoint" time="0.275" /><testcase classname="tests.test_iteration_51_product_direction_holidays.TestGlobalHolidaysAPI" name="test_03_add_global_holiday" time="0.279" /><testcase classname="tests.test_iteration_51_product_direction_holidays.TestGlobalHolidaysAPI" name="test_04_add_global_holiday_invalid_date" time="0.270" /><testcase classname="tests.test_iteration_51_product_direction_holidays.TestGlobalHolidaysAPI" name="test_05_delete_global_holiday" time="0.292" /><testcase classname="tests.test_iteration_51_product_direction_holidays.TestGlobalHolidaysAPI" name="test_06_delete_nonexistent_holiday" time="0.269" /><testcase classname="tests.test_iteration_51_product_direction_holidays.TestGlobalHolidaysAPI" name="test_07_verify_jan_20_2026_holiday" time="0.273" /><testcase classname="tests.test_iteration_51_product_direction_holidays.TestOnboardingWizardAPI" name="test_01_profit_summary_endpoint" time="0.320" /><testcase classname="tests.test_iteration_51_product_direction_holidays.TestOnboardingWizardAPI" name="test_02_trade_logs_endpoint" time="0.313" /><testcase classname="tests.test_iteration_51_product_direction_holidays.TestOnboardingWizardAPI" name="test_03_active_signal_endpoint" time="0.275" /><testcase classname="tests.test_iteration_51_product_direction_holidays.TestUserHolidaysAPI" name="test_01_get_user_holidays" time="0.269" /><testcase classname="tests.test_iteration_51_product_direction_holidays.TestAuthenticationRequired" name="test_01_global_holidays_requires_auth" time="0.081" /><testcase classname="tests.test_iteration_51_product_direction_holidays.TestAuthenticationRequired" name="test_02_user_holidays_requires_auth" time="0.037" /><testcase classname="tests.test_iteration_51_product_direction_holidays.TestAuthenticationRequired" name="test_03_trade_global_holidays_requires_auth" time="0.080" /></testsuite></testsuites>