<?xml version="1.0" encoding="utf-8"?><testsuites name="pytest tests"><testsuite name="pytest" errors="0" failures="0" skipped="0" tests="9" time="1.630" timestamp="2026-02-16T12:28:23.654429+00:00" hostname="agent-env-5eb44742-c2ed-4ff6-bc8f-c92025cff73f"><testcase classname="tests.test_iteration_105_push_activityfeed.TestVAPIDKey" name="test_get_vapid_public_key_returns_200" time="0.198" /><testcase classname="tests.test_iteration_105_push_activityfeed.TestVAPIDKey" name="test_vapid_public_key_has_valid_format" time="0.101" /><testcase classname="tests.test_iteration_105_push_activityfeed.TestActivityFeedAPI" name="test_activity_feed_requires_auth" time="0.124" /><testcase classname="tests.test_iteration_105_push_activityfeed.TestActivityFeedAPI" name="test_activity_feed_returns_activities" time="0.451" /><testcase classname="tests.test_iteration_105_push_activityfeed.TestActivityFeedAPI" name="test_activity_feed_with_since_param" time="0.160" /><testcase classname="tests.test_iteration_105_push_activityfeed.TestActivityFeedAPI" name="test_activity_feed_with_limit_param" time="0.162" /><testcase classname="tests.test_iteration_105_push_activityfeed.TestHabitCompletionPush" name="test_habit_completion_endpoint_exists" time="0.104" /><testcase classname="tests.test_iteration_105_push_activityfeed.TestHabitCompletionPush" name="test_habit_completion_with_unknown_id_returns_404" time="0.108" /><testcase classname="tests.test_iteration_105_push_activityfeed.TestPushSubscriptionEndpoints" name="test_push_subscribe_endpoint_exists" time="0.168" /></testsuite></testsuites>