<?xml version="1.0" encoding="utf-8"?><testsuites name="pytest tests"><testsuite name="pytest" errors="0" failures="0" skipped="0" tests="20" time="7.430" timestamp="2026-03-10T03:17:45.881879+00:00" hostname="agent-env-cf9bd33f-4d29-4706-8391-19f588dc0fa8"><testcase classname="tests.test_iteration_160_quiz_system.TestDidNotTradeBugFix" name="test_get_trade_logs_no_500_error" time="0.519" /><testcase classname="tests.test_iteration_160_quiz_system.TestDidNotTradeBugFix" name="test_trade_logs_include_did_not_trade_entries" time="0.124" /><testcase classname="tests.test_iteration_160_quiz_system.TestDidNotTradeBugFix" name="test_trade_history_endpoint" time="0.116" /><testcase classname="tests.test_iteration_160_quiz_system.TestDailyBalances" name="test_daily_balances_endpoint" time="0.126" /><testcase classname="tests.test_iteration_160_quiz_system.TestQuizAdminGenerate" name="test_generate_quiz_questions" time="3.847" /><testcase classname="tests.test_iteration_160_quiz_system.TestQuizAdminPool" name="test_get_quiz_pool_all" time="0.135" /><testcase classname="tests.test_iteration_160_quiz_system.TestQuizAdminPool" name="test_get_quiz_pool_pending_filter" time="0.116" /><testcase classname="tests.test_iteration_160_quiz_system.TestQuizAdminPool" name="test_get_quiz_pool_approved_filter" time="0.117" /><testcase classname="tests.test_iteration_160_quiz_system.TestQuizAdminPool" name="test_get_quiz_pool_topic_filter" time="0.145" /><testcase classname="tests.test_iteration_160_quiz_system.TestQuizAdminApproveReject" name="test_approve_quiz_master_admin_only" time="0.237" /><testcase classname="tests.test_iteration_160_quiz_system.TestQuizAdminApproveReject" name="test_reject_quiz" time="0.233" /><testcase classname="tests.test_iteration_160_quiz_system.TestQuizAdminPublish" name="test_publish_approved_quizzes" time="0.232" /><testcase classname="tests.test_iteration_160_quiz_system.TestQuizAdminPublish" name="test_get_published_quizzes" time="0.121" /><testcase classname="tests.test_iteration_160_quiz_system.TestMemberQuizFlow" name="test_get_todays_quizzes" time="0.113" /><testcase classname="tests.test_iteration_160_quiz_system.TestMemberQuizFlow" name="test_answer_quiz_question" time="0.233" /><testcase classname="tests.test_iteration_160_quiz_system.TestMemberQuizFlow" name="test_answer_already_answered_quiz" time="0.250" /><testcase classname="tests.test_iteration_160_quiz_system.TestAdminSpotCheck" name="test_get_pending_proofs" time="0.136" /><testcase classname="tests.test_iteration_160_quiz_system.TestAdminSpotCheck" name="test_spot_check_stats" time="0.106" /><testcase classname="tests.test_iteration_160_quiz_system.TestAPIAccessibility" name="test_quiz_routes_accessible" time="0.209" /><testcase classname="tests.test_iteration_160_quiz_system.TestAPIAccessibility" name="test_habit_admin_routes_accessible" time="0.256" /></testsuite></testsuites>